10:08:39 **** Incremental Build of configuration Debug for project Assign1 ****
make -j16 all 
arm-none-eabi-size  Assign1.elf 
   text	   data	    bss	    dec	    hex	filename
  16736	    472	   2072	  19280	   4b50	Assign1.elf
Finished building: default.size.stdout
 
10:08:45 **** Incremental Build of configuration Debug for project Assign1 ****
make -j16 all 
arm-none-eabi-size  Assign1.elf 
   text	   data	    bss	    dec	    hex	filename
  16736	    472	   2072	  19280	   4b50	Assign1.elf
Finished building: default.size.stdout
 
10:12:01 **** Incremental Build of configuration Debug for project Assign1 ****
make -j16 all 
arm-none-eabi-size  Assign1.elf 
   text	   data	    bss	    dec	    hex	filename
  16736	    472	   2072	  19280	   4b50	Assign1.elf
Finished building: default.size.stdout
 
10:15:03 **** Incremental Build of configuration Debug for project Assign1 ****
make -j16 all 
arm-none-eabi-gcc -mcpu=cortex-m4 -g3 -c -x assembler-with-cpp -MMD -MP -MF"Src/asm_func.d" -MT"Src/asm_func.o" --specs=nano.specs -mfpu=fpv4-sp-d16 -mfloat-abi=soft -mthumb -o "Src/asm_func.o" "../Src/asm_func.s"
arm-none-eabi-gcc -o "Assign1.elf" @"objects.list"  -lrdimon -mcpu=cortex-m4 -T"C:\Users\dtc20\OneDrive - National University of Singapore\Desktop\Study\PreY2S2 Study\Pre-EE2028\Pre-EE2028\Labs\Lab2\Assign1\Assign1\STM32L475VGTX_FLASH.ld" --specs=nosys.specs -Wl,-Map="Assign1.map" -Wl,--gc-sections -static -specs=rdimon.specs -u _printf_float --specs=nano.specs -mfpu=fpv4-sp-d16 -mfloat-abi=soft -mthumb -u _printf_float -Wl,--start-group -lc -lm -Wl,--end-group
C:/ST/STM32CubeIDE_1.16.1/STM32CubeIDE/plugins/com.st.stm32cube.ide.mcu.externaltools.gnu-tools-for-stm32.12.3.rel1.win32_1.0.200.202406191623/tools/bin/../lib/gcc/arm-none-eabi/12.3.1/../../../../arm-none-eabi/bin/ld.exe: C:/ST/STM32CubeIDE_1.16.1/STM32CubeIDE/plugins/com.st.stm32cube.ide.mcu.externaltools.gnu-tools-for-stm32.12.3.rel1.win32_1.0.200.202406191623/tools/bin/../lib/gcc/arm-none-eabi/12.3.1/../../../../arm-none-eabi/lib/thumb/v7e-m/nofp\libc_nano.a(libc_a-signalr.o): in function `_kill_r':
(.text._kill_r+0xe): warning: _kill is not implemented and will always fail
C:/ST/STM32CubeIDE_1.16.1/STM32CubeIDE/plugins/com.st.stm32cube.ide.mcu.externaltools.gnu-tools-for-stm32.12.3.rel1.win32_1.0.200.202406191623/tools/bin/../lib/gcc/arm-none-eabi/12.3.1/../../../../arm-none-eabi/bin/ld.exe: warning: Assign1.elf has a LOAD segment with RWX permissions
Finished building target: Assign1.elf
 
arm-none-eabi-size  Assign1.elf 
arm-none-eabi-objdump -h -S Assign1.elf  > "Assign1.list"
   text	   data	    bss	    dec	    hex	filename
  16736	    472	   2072	  19280	   4b50	Assign1.elf
Finished building: default.size.stdout
 
Finished building: Assign1.list
 
10:43:38 **** Incremental Build of configuration Debug for project Assign1 ****
make -j16 all 
arm-none-eabi-gcc -mcpu=cortex-m4 -g3 -c -x assembler-with-cpp -MMD -MP -MF"Src/asm_func.d" -MT"Src/asm_func.o" --specs=nano.specs -mfpu=fpv4-sp-d16 -mfloat-abi=soft -mthumb -o "Src/asm_func.o" "../Src/asm_func.s"
arm-none-eabi-gcc -o "Assign1.elf" @"objects.list"  -lrdimon -mcpu=cortex-m4 -T"C:\Users\dtc20\OneDrive - National University of Singapore\Desktop\Study\PreY2S2 Study\Pre-EE2028\Pre-EE2028\Labs\Lab2\Assign1\Assign1\STM32L475VGTX_FLASH.ld" --specs=nosys.specs -Wl,-Map="Assign1.map" -Wl,--gc-sections -static -specs=rdimon.specs -u _printf_float --specs=nano.specs -mfpu=fpv4-sp-d16 -mfloat-abi=soft -mthumb -u _printf_float -Wl,--start-group -lc -lm -Wl,--end-group
C:/ST/STM32CubeIDE_1.16.1/STM32CubeIDE/plugins/com.st.stm32cube.ide.mcu.externaltools.gnu-tools-for-stm32.12.3.rel1.win32_1.0.200.202406191623/tools/bin/../lib/gcc/arm-none-eabi/12.3.1/../../../../arm-none-eabi/bin/ld.exe: C:/ST/STM32CubeIDE_1.16.1/STM32CubeIDE/plugins/com.st.stm32cube.ide.mcu.externaltools.gnu-tools-for-stm32.12.3.rel1.win32_1.0.200.202406191623/tools/bin/../lib/gcc/arm-none-eabi/12.3.1/../../../../arm-none-eabi/lib/thumb/v7e-m/nofp\libc_nano.a(libc_a-signalr.o): in function `_kill_r':
(.text._kill_r+0xe): warning: _kill is not implemented and will always fail
C:/ST/STM32CubeIDE_1.16.1/STM32CubeIDE/plugins/com.st.stm32cube.ide.mcu.externaltools.gnu-tools-for-stm32.12.3.rel1.win32_1.0.200.202406191623/tools/bin/../lib/gcc/arm-none-eabi/12.3.1/../../../../arm-none-eabi/bin/ld.exe: warning: Assign1.elf has a LOAD segment with RWX permissions
Finished building target: Assign1.elf
 
arm-none-eabi-size  Assign1.elf 
arm-none-eabi-objdump -h -S Assign1.elf  > "Assign1.list"
   text	   data	    bss	    dec	    hex	filename
  16736	    472	   2072	  19280	   4b50	Assign1.elf
Finished building: default.size.stdout
 
Finished building: Assign1.list
 
10:44:39 **** Incremental Build of configuration Debug for project Assign1 ****
make -j16 all 
arm-none-eabi-gcc -mcpu=cortex-m4 -g3 -c -x assembler-with-cpp -MMD -MP -MF"Src/asm_func.d" -MT"Src/asm_func.o" --specs=nano.specs -mfpu=fpv4-sp-d16 -mfloat-abi=soft -mthumb -o "Src/asm_func.o" "../Src/asm_func.s"
arm-none-eabi-gcc -o "Assign1.elf" @"objects.list"  -lrdimon -mcpu=cortex-m4 -T"C:\Users\dtc20\OneDrive - National University of Singapore\Desktop\Study\PreY2S2 Study\Pre-EE2028\Pre-EE2028\Labs\Lab2\Assign1\Assign1\STM32L475VGTX_FLASH.ld" --specs=nosys.specs -Wl,-Map="Assign1.map" -Wl,--gc-sections -static -specs=rdimon.specs -u _printf_float --specs=nano.specs -mfpu=fpv4-sp-d16 -mfloat-abi=soft -mthumb -u _printf_float -Wl,--start-group -lc -lm -Wl,--end-group
C:/ST/STM32CubeIDE_1.16.1/STM32CubeIDE/plugins/com.st.stm32cube.ide.mcu.externaltools.gnu-tools-for-stm32.12.3.rel1.win32_1.0.200.202406191623/tools/bin/../lib/gcc/arm-none-eabi/12.3.1/../../../../arm-none-eabi/bin/ld.exe: C:/ST/STM32CubeIDE_1.16.1/STM32CubeIDE/plugins/com.st.stm32cube.ide.mcu.externaltools.gnu-tools-for-stm32.12.3.rel1.win32_1.0.200.202406191623/tools/bin/../lib/gcc/arm-none-eabi/12.3.1/../../../../arm-none-eabi/lib/thumb/v7e-m/nofp\libc_nano.a(libc_a-signalr.o): in function `_kill_r':
(.text._kill_r+0xe): warning: _kill is not implemented and will always fail
C:/ST/STM32CubeIDE_1.16.1/STM32CubeIDE/plugins/com.st.stm32cube.ide.mcu.externaltools.gnu-tools-for-stm32.12.3.rel1.win32_1.0.200.202406191623/tools/bin/../lib/gcc/arm-none-eabi/12.3.1/../../../../arm-none-eabi/bin/ld.exe: warning: Assign1.elf has a LOAD segment with RWX permissions
Finished building target: Assign1.elf
 
arm-none-eabi-size  Assign1.elf 
arm-none-eabi-objdump -h -S Assign1.elf  > "Assign1.list"
   text	   data	    bss	    dec	    hex	filename
  16736	    472	   2072	  19280	   4b50	Assign1.elf
Finished building: default.size.stdout
 
Finished building: Assign1.list
 
10:49:52 **** Incremental Build of configuration Debug for project Assign1 ****
make -j16 all 
arm-none-eabi-gcc -mcpu=cortex-m4 -g3 -c -x assembler-with-cpp -MMD -MP -MF"Src/asm_func.d" -MT"Src/asm_func.o" --specs=nano.specs -mfpu=fpv4-sp-d16 -mfloat-abi=soft -mthumb -o "Src/asm_func.o" "../Src/asm_func.s"
arm-none-eabi-gcc -o "Assign1.elf" @"objects.list"  -lrdimon -mcpu=cortex-m4 -T"C:\Users\dtc20\OneDrive - National University of Singapore\Desktop\Study\PreY2S2 Study\Pre-EE2028\Pre-EE2028\Labs\Lab2\Assign1\Assign1\STM32L475VGTX_FLASH.ld" --specs=nosys.specs -Wl,-Map="Assign1.map" -Wl,--gc-sections -static -specs=rdimon.specs -u _printf_float --specs=nano.specs -mfpu=fpv4-sp-d16 -mfloat-abi=soft -mthumb -u _printf_float -Wl,--start-group -lc -lm -Wl,--end-group
C:/ST/STM32CubeIDE_1.16.1/STM32CubeIDE/plugins/com.st.stm32cube.ide.mcu.externaltools.gnu-tools-for-stm32.12.3.rel1.win32_1.0.200.202406191623/tools/bin/../lib/gcc/arm-none-eabi/12.3.1/../../../../arm-none-eabi/bin/ld.exe: C:/ST/STM32CubeIDE_1.16.1/STM32CubeIDE/plugins/com.st.stm32cube.ide.mcu.externaltools.gnu-tools-for-stm32.12.3.rel1.win32_1.0.200.202406191623/tools/bin/../lib/gcc/arm-none-eabi/12.3.1/../../../../arm-none-eabi/lib/thumb/v7e-m/nofp\libc_nano.a(libc_a-signalr.o): in function `_kill_r':
(.text._kill_r+0xe): warning: _kill is not implemented and will always fail
C:/ST/STM32CubeIDE_1.16.1/STM32CubeIDE/plugins/com.st.stm32cube.ide.mcu.externaltools.gnu-tools-for-stm32.12.3.rel1.win32_1.0.200.202406191623/tools/bin/../lib/gcc/arm-none-eabi/12.3.1/../../../../arm-none-eabi/bin/ld.exe: warning: Assign1.elf has a LOAD segment with RWX permissions
Finished building target: Assign1.elf
 
arm-none-eabi-size  Assign1.elf 
arm-none-eabi-objdump -h -S Assign1.elf  > "Assign1.list"
   text	   data	    bss	    dec	    hex	filename
  16736	    472	   2072	  19280	   4b50	Assign1.elf
Finished building: default.size.stdout
 
Finished building: Assign1.list
 
10:59:42 **** Incremental Build of configuration Debug for project Assign1 ****
make -j16 all 
arm-none-eabi-gcc -mcpu=cortex-m4 -g3 -c -x assembler-with-cpp -MMD -MP -MF"Src/asm_func.d" -MT"Src/asm_func.o" --specs=nano.specs -mfpu=fpv4-sp-d16 -mfloat-abi=soft -mthumb -o "Src/asm_func.o" "../Src/asm_func.s"
arm-none-eabi-gcc "../Src/main.c" -mcpu=cortex-m4 -std=gnu11 -g3 -DSTM32L4 -DSTM32 -DDEBUG -DSTM32L475VGTx -c -O0 -ffunction-sections -fdata-sections -Wall -fstack-usage -fcyclomatic-complexity -MMD -MP -MF"Src/main.d" -MT"Src/main.o" --specs=nano.specs -mfpu=fpv4-sp-d16 -mfloat-abi=soft -mthumb -o "Src/main.o"
arm-none-eabi-gcc -o "Assign1.elf" @"objects.list"  -lrdimon -mcpu=cortex-m4 -T"C:\Users\dtc20\OneDrive - National University of Singapore\Desktop\Study\PreY2S2 Study\Pre-EE2028\Pre-EE2028\Labs\Lab2\Assign1\Assign1\STM32L475VGTX_FLASH.ld" --specs=nosys.specs -Wl,-Map="Assign1.map" -Wl,--gc-sections -static -specs=rdimon.specs -u _printf_float --specs=nano.specs -mfpu=fpv4-sp-d16 -mfloat-abi=soft -mthumb -u _printf_float -Wl,--start-group -lc -lm -Wl,--end-group
C:/ST/STM32CubeIDE_1.16.1/STM32CubeIDE/plugins/com.st.stm32cube.ide.mcu.externaltools.gnu-tools-for-stm32.12.3.rel1.win32_1.0.200.202406191623/tools/bin/../lib/gcc/arm-none-eabi/12.3.1/../../../../arm-none-eabi/bin/ld.exe: C:/ST/STM32CubeIDE_1.16.1/STM32CubeIDE/plugins/com.st.stm32cube.ide.mcu.externaltools.gnu-tools-for-stm32.12.3.rel1.win32_1.0.200.202406191623/tools/bin/../lib/gcc/arm-none-eabi/12.3.1/../../../../arm-none-eabi/lib/thumb/v7e-m/nofp\libc_nano.a(libc_a-signalr.o): in function `_kill_r':
(.text._kill_r+0xe): warning: _kill is not implemented and will always fail
C:/ST/STM32CubeIDE_1.16.1/STM32CubeIDE/plugins/com.st.stm32cube.ide.mcu.externaltools.gnu-tools-for-stm32.12.3.rel1.win32_1.0.200.202406191623/tools/bin/../lib/gcc/arm-none-eabi/12.3.1/../../../../arm-none-eabi/bin/ld.exe: warning: Assign1.elf has a LOAD segment with RWX permissions
Finished building target: Assign1.elf
 
arm-none-eabi-size  Assign1.elf 
arm-none-eabi-objdump -h -S Assign1.elf  > "Assign1.list"
   text	   data	    bss	    dec	    hex	filename
  16712	    472	   2072	  19256	   4b38	Assign1.elf
Finished building: default.size.stdout
 
Finished building: Assign1.list
 
11:01:26 **** Incremental Build of configuration Debug for project Assign1 ****
make -j16 all 
arm-none-eabi-gcc "../Src/main.c" -mcpu=cortex-m4 -std=gnu11 -g3 -DSTM32L4 -DSTM32 -DDEBUG -DSTM32L475VGTx -c -O0 -ffunction-sections -fdata-sections -Wall -fstack-usage -fcyclomatic-complexity -MMD -MP -MF"Src/main.d" -MT"Src/main.o" --specs=nano.specs -mfpu=fpv4-sp-d16 -mfloat-abi=soft -mthumb -o "Src/main.o"
arm-none-eabi-gcc -o "Assign1.elf" @"objects.list"  -lrdimon -mcpu=cortex-m4 -T"C:\Users\dtc20\OneDrive - National University of Singapore\Desktop\Study\PreY2S2 Study\Pre-EE2028\Pre-EE2028\Labs\Lab2\Assign1\Assign1\STM32L475VGTX_FLASH.ld" --specs=nosys.specs -Wl,-Map="Assign1.map" -Wl,--gc-sections -static -specs=rdimon.specs -u _printf_float --specs=nano.specs -mfpu=fpv4-sp-d16 -mfloat-abi=soft -mthumb -u _printf_float -Wl,--start-group -lc -lm -Wl,--end-group
C:/ST/STM32CubeIDE_1.16.1/STM32CubeIDE/plugins/com.st.stm32cube.ide.mcu.externaltools.gnu-tools-for-stm32.12.3.rel1.win32_1.0.200.202406191623/tools/bin/../lib/gcc/arm-none-eabi/12.3.1/../../../../arm-none-eabi/bin/ld.exe: C:/ST/STM32CubeIDE_1.16.1/STM32CubeIDE/plugins/com.st.stm32cube.ide.mcu.externaltools.gnu-tools-for-stm32.12.3.rel1.win32_1.0.200.202406191623/tools/bin/../lib/gcc/arm-none-eabi/12.3.1/../../../../arm-none-eabi/lib/thumb/v7e-m/nofp\libc_nano.a(libc_a-signalr.o): in function `_kill_r':
(.text._kill_r+0xe): warning: _kill is not implemented and will always fail
C:/ST/STM32CubeIDE_1.16.1/STM32CubeIDE/plugins/com.st.stm32cube.ide.mcu.externaltools.gnu-tools-for-stm32.12.3.rel1.win32_1.0.200.202406191623/tools/bin/../lib/gcc/arm-none-eabi/12.3.1/../../../../arm-none-eabi/bin/ld.exe: warning: Assign1.elf has a LOAD segment with RWX permissions
Finished building target: Assign1.elf
 
arm-none-eabi-size  Assign1.elf 
arm-none-eabi-objdump -h -S Assign1.elf  > "Assign1.list"
   text	   data	    bss	    dec	    hex	filename
  16736	    472	   2072	  19280	   4b50	Assign1.elf
Finished building: default.size.stdout
 
Finished building: Assign1.list
 
11:01:49 **** Incremental Build of configuration Debug for project Assign1 ****
make -j16 all 
arm-none-eabi-gcc "../Src/main.c" -mcpu=cortex-m4 -std=gnu11 -g3 -DSTM32L4 -DSTM32 -DDEBUG -DSTM32L475VGTx -c -O0 -ffunction-sections -fdata-sections -Wall -fstack-usage -fcyclomatic-complexity -MMD -MP -MF"Src/main.d" -MT"Src/main.o" --specs=nano.specs -mfpu=fpv4-sp-d16 -mfloat-abi=soft -mthumb -o "Src/main.o"
arm-none-eabi-gcc -o "Assign1.elf" @"objects.list"  -lrdimon -mcpu=cortex-m4 -T"C:\Users\dtc20\OneDrive - National University of Singapore\Desktop\Study\PreY2S2 Study\Pre-EE2028\Pre-EE2028\Labs\Lab2\Assign1\Assign1\STM32L475VGTX_FLASH.ld" --specs=nosys.specs -Wl,-Map="Assign1.map" -Wl,--gc-sections -static -specs=rdimon.specs -u _printf_float --specs=nano.specs -mfpu=fpv4-sp-d16 -mfloat-abi=soft -mthumb -u _printf_float -Wl,--start-group -lc -lm -Wl,--end-group
C:/ST/STM32CubeIDE_1.16.1/STM32CubeIDE/plugins/com.st.stm32cube.ide.mcu.externaltools.gnu-tools-for-stm32.12.3.rel1.win32_1.0.200.202406191623/tools/bin/../lib/gcc/arm-none-eabi/12.3.1/../../../../arm-none-eabi/bin/ld.exe: C:/ST/STM32CubeIDE_1.16.1/STM32CubeIDE/plugins/com.st.stm32cube.ide.mcu.externaltools.gnu-tools-for-stm32.12.3.rel1.win32_1.0.200.202406191623/tools/bin/../lib/gcc/arm-none-eabi/12.3.1/../../../../arm-none-eabi/lib/thumb/v7e-m/nofp\libc_nano.a(libc_a-signalr.o): in function `_kill_r':
(.text._kill_r+0xe): warning: _kill is not implemented and will always fail
C:/ST/STM32CubeIDE_1.16.1/STM32CubeIDE/plugins/com.st.stm32cube.ide.mcu.externaltools.gnu-tools-for-stm32.12.3.rel1.win32_1.0.200.202406191623/tools/bin/../lib/gcc/arm-none-eabi/12.3.1/../../../../arm-none-eabi/bin/ld.exe: warning: Assign1.elf has a LOAD segment with RWX permissions
Finished building target: Assign1.elf
 
arm-none-eabi-size  Assign1.elf 
arm-none-eabi-objdump -h -S Assign1.elf  > "Assign1.list"
   text	   data	    bss	    dec	    hex	filename
  16736	    472	   2072	  19280	   4b50	Assign1.elf
Finished building: default.size.stdout
 
Finished building: Assign1.list
 
11:03:05 **** Incremental Build of configuration Debug for project Assign1 ****
make -j16 all 
arm-none-eabi-gcc "../Src/main.c" -mcpu=cortex-m4 -std=gnu11 -g3 -DSTM32L4 -DSTM32 -DDEBUG -DSTM32L475VGTx -c -O0 -ffunction-sections -fdata-sections -Wall -fstack-usage -fcyclomatic-complexity -MMD -MP -MF"Src/main.d" -MT"Src/main.o" --specs=nano.specs -mfpu=fpv4-sp-d16 -mfloat-abi=soft -mthumb -o "Src/main.o"
arm-none-eabi-gcc -o "Assign1.elf" @"objects.list"  -lrdimon -mcpu=cortex-m4 -T"C:\Users\dtc20\OneDrive - National University of Singapore\Desktop\Study\PreY2S2 Study\Pre-EE2028\Pre-EE2028\Labs\Lab2\Assign1\Assign1\STM32L475VGTX_FLASH.ld" --specs=nosys.specs -Wl,-Map="Assign1.map" -Wl,--gc-sections -static -specs=rdimon.specs -u _printf_float --specs=nano.specs -mfpu=fpv4-sp-d16 -mfloat-abi=soft -mthumb -u _printf_float -Wl,--start-group -lc -lm -Wl,--end-group
C:/ST/STM32CubeIDE_1.16.1/STM32CubeIDE/plugins/com.st.stm32cube.ide.mcu.externaltools.gnu-tools-for-stm32.12.3.rel1.win32_1.0.200.202406191623/tools/bin/../lib/gcc/arm-none-eabi/12.3.1/../../../../arm-none-eabi/bin/ld.exe: C:/ST/STM32CubeIDE_1.16.1/STM32CubeIDE/plugins/com.st.stm32cube.ide.mcu.externaltools.gnu-tools-for-stm32.12.3.rel1.win32_1.0.200.202406191623/tools/bin/../lib/gcc/arm-none-eabi/12.3.1/../../../../arm-none-eabi/lib/thumb/v7e-m/nofp\libc_nano.a(libc_a-signalr.o): in function `_kill_r':
(.text._kill_r+0xe): warning: _kill is not implemented and will always fail
C:/ST/STM32CubeIDE_1.16.1/STM32CubeIDE/plugins/com.st.stm32cube.ide.mcu.externaltools.gnu-tools-for-stm32.12.3.rel1.win32_1.0.200.202406191623/tools/bin/../lib/gcc/arm-none-eabi/12.3.1/../../../../arm-none-eabi/bin/ld.exe: warning: Assign1.elf has a LOAD segment with RWX permissions
Finished building target: Assign1.elf
 
arm-none-eabi-size  Assign1.elf 
arm-none-eabi-objdump -h -S Assign1.elf  > "Assign1.list"
   text	   data	    bss	    dec	    hex	filename
  16712	    472	   2072	  19256	   4b38	Assign1.elf
Finished building: default.size.stdout
 
Finished building: Assign1.list
 
11:05:27 **** Incremental Build of configuration Debug for project Assign1 ****
make -j16 all 
arm-none-eabi-gcc "../Src/main.c" -mcpu=cortex-m4 -std=gnu11 -g3 -DSTM32L4 -DSTM32 -DDEBUG -DSTM32L475VGTx -c -O0 -ffunction-sections -fdata-sections -Wall -fstack-usage -fcyclomatic-complexity -MMD -MP -MF"Src/main.d" -MT"Src/main.o" --specs=nano.specs -mfpu=fpv4-sp-d16 -mfloat-abi=soft -mthumb -o "Src/main.o"
arm-none-eabi-gcc -o "Assign1.elf" @"objects.list"  -lrdimon -mcpu=cortex-m4 -T"C:\Users\dtc20\OneDrive - National University of Singapore\Desktop\Study\PreY2S2 Study\Pre-EE2028\Pre-EE2028\Labs\Lab2\Assign1\Assign1\STM32L475VGTX_FLASH.ld" --specs=nosys.specs -Wl,-Map="Assign1.map" -Wl,--gc-sections -static -specs=rdimon.specs -u _printf_float --specs=nano.specs -mfpu=fpv4-sp-d16 -mfloat-abi=soft -mthumb -u _printf_float -Wl,--start-group -lc -lm -Wl,--end-group
C:/ST/STM32CubeIDE_1.16.1/STM32CubeIDE/plugins/com.st.stm32cube.ide.mcu.externaltools.gnu-tools-for-stm32.12.3.rel1.win32_1.0.200.202406191623/tools/bin/../lib/gcc/arm-none-eabi/12.3.1/../../../../arm-none-eabi/bin/ld.exe: C:/ST/STM32CubeIDE_1.16.1/STM32CubeIDE/plugins/com.st.stm32cube.ide.mcu.externaltools.gnu-tools-for-stm32.12.3.rel1.win32_1.0.200.202406191623/tools/bin/../lib/gcc/arm-none-eabi/12.3.1/../../../../arm-none-eabi/lib/thumb/v7e-m/nofp\libc_nano.a(libc_a-signalr.o): in function `_kill_r':
(.text._kill_r+0xe): warning: _kill is not implemented and will always fail
C:/ST/STM32CubeIDE_1.16.1/STM32CubeIDE/plugins/com.st.stm32cube.ide.mcu.externaltools.gnu-tools-for-stm32.12.3.rel1.win32_1.0.200.202406191623/tools/bin/../lib/gcc/arm-none-eabi/12.3.1/../../../../arm-none-eabi/bin/ld.exe: warning: Assign1.elf has a LOAD segment with RWX permissions
Finished building target: Assign1.elf
 
arm-none-eabi-size  Assign1.elf 
arm-none-eabi-objdump -h -S Assign1.elf  > "Assign1.list"
   text	   data	    bss	    dec	    hex	filename
  16736	    472	   2072	  19280	   4b50	Assign1.elf
Finished building: default.size.stdout
 
Finished building: Assign1.list
 
11:14:00 **** Incremental Build of configuration Debug for project Assign1 ****
make -j16 all 
arm-none-eabi-gcc -mcpu=cortex-m4 -g3 -c -x assembler-with-cpp -MMD -MP -MF"Src/asm_func.d" -MT"Src/asm_func.o" --specs=nano.specs -mfpu=fpv4-sp-d16 -mfloat-abi=soft -mthumb -o "Src/asm_func.o" "../Src/asm_func.s"
arm-none-eabi-gcc "../Src/main.c" -mcpu=cortex-m4 -std=gnu11 -g3 -DSTM32L4 -DSTM32 -DDEBUG -DSTM32L475VGTx -c -O0 -ffunction-sections -fdata-sections -Wall -fstack-usage -fcyclomatic-complexity -MMD -MP -MF"Src/main.d" -MT"Src/main.o" --specs=nano.specs -mfpu=fpv4-sp-d16 -mfloat-abi=soft -mthumb -o "Src/main.o"
arm-none-eabi-gcc -o "Assign1.elf" @"objects.list"  -lrdimon -mcpu=cortex-m4 -T"C:\Users\dtc20\OneDrive - National University of Singapore\Desktop\Study\PreY2S2 Study\Pre-EE2028\Pre-EE2028\Labs\Lab2\Assign1\Assign1\STM32L475VGTX_FLASH.ld" --specs=nosys.specs -Wl,-Map="Assign1.map" -Wl,--gc-sections -static -specs=rdimon.specs -u _printf_float --specs=nano.specs -mfpu=fpv4-sp-d16 -mfloat-abi=soft -mthumb -u _printf_float -Wl,--start-group -lc -lm -Wl,--end-group
C:/ST/STM32CubeIDE_1.16.1/STM32CubeIDE/plugins/com.st.stm32cube.ide.mcu.externaltools.gnu-tools-for-stm32.12.3.rel1.win32_1.0.200.202406191623/tools/bin/../lib/gcc/arm-none-eabi/12.3.1/../../../../arm-none-eabi/bin/ld.exe: C:/ST/STM32CubeIDE_1.16.1/STM32CubeIDE/plugins/com.st.stm32cube.ide.mcu.externaltools.gnu-tools-for-stm32.12.3.rel1.win32_1.0.200.202406191623/tools/bin/../lib/gcc/arm-none-eabi/12.3.1/../../../../arm-none-eabi/lib/thumb/v7e-m/nofp\libc_nano.a(libc_a-signalr.o): in function `_kill_r':
(.text._kill_r+0xe): warning: _kill is not implemented and will always fail
C:/ST/STM32CubeIDE_1.16.1/STM32CubeIDE/plugins/com.st.stm32cube.ide.mcu.externaltools.gnu-tools-for-stm32.12.3.rel1.win32_1.0.200.202406191623/tools/bin/../lib/gcc/arm-none-eabi/12.3.1/../../../../arm-none-eabi/bin/ld.exe: warning: Assign1.elf has a LOAD segment with RWX permissions
Finished building target: Assign1.elf
 
arm-none-eabi-size  Assign1.elf 
arm-none-eabi-objdump -h -S Assign1.elf  > "Assign1.list"
   text	   data	    bss	    dec	    hex	filename
  16704	    472	   2072	  19248	   4b30	Assign1.elf
Finished building: default.size.stdout
 
Finished building: Assign1.list
 
09:14:26 **** Build of configuration Debug for project Assign1 ****
make -j16 all 
arm-none-eabi-gcc "../Src/main.c" -mcpu=cortex-m4 -std=gnu11 -g3 -DSTM32L4 -DSTM32 -DDEBUG -DSTM32L475VGTx -c -O0 -ffunction-sections -fdata-sections -Wall -fstack-usage -fcyclomatic-complexity -MMD -MP -MF"Src/main.d" -MT"Src/main.o" --specs=nano.specs -mfpu=fpv4-sp-d16 -mfloat-abi=soft -mthumb -o "Src/main.o"
arm-none-eabi-gcc -o "Assign1.elf" @"objects.list"  -lrdimon -mcpu=cortex-m4 -T"C:\Users\dtc20\OneDrive - National University of Singapore\Desktop\Study\PreY2S2 Study\Pre-EE2028\Pre-EE2028\Labs\Lab2\Assign1\Assign1\STM32L475VGTX_FLASH.ld" --specs=nosys.specs -Wl,-Map="Assign1.map" -Wl,--gc-sections -static -specs=rdimon.specs -u _printf_float --specs=nano.specs -mfpu=fpv4-sp-d16 -mfloat-abi=soft -mthumb -u _printf_float -Wl,--start-group -lc -lm -Wl,--end-group
C:/ST/STM32CubeIDE_1.16.1/STM32CubeIDE/plugins/com.st.stm32cube.ide.mcu.externaltools.gnu-tools-for-stm32.12.3.rel1.win32_1.0.200.202406191623/tools/bin/../lib/gcc/arm-none-eabi/12.3.1/../../../../arm-none-eabi/bin/ld.exe: C:/ST/STM32CubeIDE_1.16.1/STM32CubeIDE/plugins/com.st.stm32cube.ide.mcu.externaltools.gnu-tools-for-stm32.12.3.rel1.win32_1.0.200.202406191623/tools/bin/../lib/gcc/arm-none-eabi/12.3.1/../../../../arm-none-eabi/lib/thumb/v7e-m/nofp\libc_nano.a(libc_a-signalr.o): in function `_kill_r':
(.text._kill_r+0xe): warning: _kill is not implemented and will always fail
C:/ST/STM32CubeIDE_1.16.1/STM32CubeIDE/plugins/com.st.stm32cube.ide.mcu.externaltools.gnu-tools-for-stm32.12.3.rel1.win32_1.0.200.202406191623/tools/bin/../lib/gcc/arm-none-eabi/12.3.1/../../../../arm-none-eabi/bin/ld.exe: warning: Assign1.elf has a LOAD segment with RWX permissions
Finished building target: Assign1.elf
 
arm-none-eabi-size  Assign1.elf 
arm-none-eabi-objdump -h -S Assign1.elf  > "Assign1.list"
   text	   data	    bss	    dec	    hex	filename
  16704	    472	   2072	  19248	   4b30	Assign1.elf
Finished building: default.size.stdout
 
Finished building: Assign1.list
 
09:26:51 **** Incremental Build of configuration Debug for project Assign1 ****
make -j16 all 
arm-none-eabi-gcc -mcpu=cortex-m4 -g3 -c -x assembler-with-cpp -MMD -MP -MF"Src/asm_func.d" -MT"Src/asm_func.o" --specs=nano.specs -mfpu=fpv4-sp-d16 -mfloat-abi=soft -mthumb -o "Src/asm_func.o" "../Src/asm_func.s"
arm-none-eabi-gcc "../Src/main.c" -mcpu=cortex-m4 -std=gnu11 -g3 -DSTM32L4 -DSTM32 -DDEBUG -DSTM32L475VGTx -c -O0 -ffunction-sections -fdata-sections -Wall -fstack-usage -fcyclomatic-complexity -MMD -MP -MF"Src/main.d" -MT"Src/main.o" --specs=nano.specs -mfpu=fpv4-sp-d16 -mfloat-abi=soft -mthumb -o "Src/main.o"
../Src/asm_func.s: Assembler messages:
../Src/asm_func.s:4: Error: Thumb does not support this addressing mode -- `ldr R4,[R1],#4'
../Src/asm_func.s:6: Error: instruction not supported in Thumb16 mode -- `subs R6,#1'
../Src/asm_func.s:10: Error: only lo regs allowed with immediate -- `mov R8,#12'
../Src/asm_func.s:12: Error: Thumb does not support this addressing mode -- `ldr R4,[R0],#4'
../Src/asm_func.s:13: Error: lo register required -- `ldr R9,[R2],#4'
../Src/asm_func.s:14: Error: lo register required -- `sub R5,R8,R4'
../Src/asm_func.s:17: Error: Thumb does not support conditional execution
../Src/asm_func.s:18: Error: Thumb does not support conditional execution
../Src/asm_func.s:19: Error: Thumb does not support conditional execution
../Src/asm_func.s:20: Error: Thumb does not support conditional execution
../Src/asm_func.s:22: Error: bad arguments to instruction -- `cmp R7 R5'
../Src/asm_func.s:23: Error: IT falling in the range of a previous IT block -- `it MI'
../Src/asm_func.s:24: Error: Thumb does not support conditional execution
../Src/asm_func.s:27: Error: instruction not allowed in IT block -- `sub R6,#1'
../Src/asm_func.s:28: Error: instruction not allowed in IT block -- `str R4,[R3],#4'
../Src/asm_func.s:29: Error: incorrect condition in IT block -- `bne LOOP2'
../Src/asm_func.s:33: Error: invalid register list to push/pop instruction -- `pop {R4-R9,R14}'
make: *** [Src/subdir.mk:29: Src/asm_func.o] Error 1
make: *** Waiting for unfinished jobs....
"make -j16 all" terminated with exit code 2. Build might be incomplete.
09:27:58 **** Incremental Build of configuration Debug for project Assign1 ****
make -j16 all 
arm-none-eabi-gcc -mcpu=cortex-m4 -g3 -c -x assembler-with-cpp -MMD -MP -MF"Src/asm_func.d" -MT"Src/asm_func.o" --specs=nano.specs -mfpu=fpv4-sp-d16 -mfloat-abi=soft -mthumb -o "Src/asm_func.o" "../Src/asm_func.s"
../Src/asm_func.s: Assembler messages:
../Src/asm_func.s:56: Error: bad arguments to instruction -- `cmp R7 R5'
make: *** [Src/subdir.mk:29: Src/asm_func.o] Error 1
"make -j16 all" terminated with exit code 2. Build might be incomplete.
09:30:15 **** Incremental Build of configuration Debug for project Assign1 ****
make -j16 all 
arm-none-eabi-gcc -mcpu=cortex-m4 -g3 -c -x assembler-with-cpp -MMD -MP -MF"Src/asm_func.d" -MT"Src/asm_func.o" --specs=nano.specs -mfpu=fpv4-sp-d16 -mfloat-abi=soft -mthumb -o "Src/asm_func.o" "../Src/asm_func.s"
arm-none-eabi-gcc -o "Assign1.elf" @"objects.list"  -lrdimon -mcpu=cortex-m4 -T"C:\Users\dtc20\OneDrive - National University of Singapore\Desktop\Study\PreY2S2 Study\Pre-EE2028\Pre-EE2028\Labs\Lab2\Assign1\Assign1\STM32L475VGTX_FLASH.ld" --specs=nosys.specs -Wl,-Map="Assign1.map" -Wl,--gc-sections -static -specs=rdimon.specs -u _printf_float --specs=nano.specs -mfpu=fpv4-sp-d16 -mfloat-abi=soft -mthumb -u _printf_float -Wl,--start-group -lc -lm -Wl,--end-group
C:/ST/STM32CubeIDE_1.16.1/STM32CubeIDE/plugins/com.st.stm32cube.ide.mcu.externaltools.gnu-tools-for-stm32.12.3.rel1.win32_1.0.200.202406191623/tools/bin/../lib/gcc/arm-none-eabi/12.3.1/../../../../arm-none-eabi/bin/ld.exe: C:/ST/STM32CubeIDE_1.16.1/STM32CubeIDE/plugins/com.st.stm32cube.ide.mcu.externaltools.gnu-tools-for-stm32.12.3.rel1.win32_1.0.200.202406191623/tools/bin/../lib/gcc/arm-none-eabi/12.3.1/../../../../arm-none-eabi/lib/thumb/v7e-m/nofp\libc_nano.a(libc_a-signalr.o): in function `_kill_r':
(.text._kill_r+0xe): warning: _kill is not implemented and will always fail
C:/ST/STM32CubeIDE_1.16.1/STM32CubeIDE/plugins/com.st.stm32cube.ide.mcu.externaltools.gnu-tools-for-stm32.12.3.rel1.win32_1.0.200.202406191623/tools/bin/../lib/gcc/arm-none-eabi/12.3.1/../../../../arm-none-eabi/bin/ld.exe: warning: Assign1.elf has a LOAD segment with RWX permissions
Finished building target: Assign1.elf
 
arm-none-eabi-size  Assign1.elf 
arm-none-eabi-objdump -h -S Assign1.elf  > "Assign1.list"
   text	   data	    bss	    dec	    hex	filename
  16704	    472	   2072	  19248	   4b30	Assign1.elf
Finished building: default.size.stdout
 
Finished building: Assign1.list
 
09:41:09 **** Incremental Build of configuration Debug for project Assign1 ****
make -j16 all 
arm-none-eabi-gcc "../Src/main.c" -mcpu=cortex-m4 -std=gnu11 -g3 -DSTM32L4 -DSTM32 -DDEBUG -DSTM32L475VGTx -c -O0 -ffunction-sections -fdata-sections -Wall -fstack-usage -fcyclomatic-complexity -MMD -MP -MF"Src/main.d" -MT"Src/main.o" --specs=nano.specs -mfpu=fpv4-sp-d16 -mfloat-abi=soft -mthumb -o "Src/main.o"
arm-none-eabi-gcc -o "Assign1.elf" @"objects.list"  -lrdimon -mcpu=cortex-m4 -T"C:\Users\dtc20\OneDrive - National University of Singapore\Desktop\Study\PreY2S2 Study\Pre-EE2028\Pre-EE2028\Labs\Lab2\Assign1\Assign1\STM32L475VGTX_FLASH.ld" --specs=nosys.specs -Wl,-Map="Assign1.map" -Wl,--gc-sections -static -specs=rdimon.specs -u _printf_float --specs=nano.specs -mfpu=fpv4-sp-d16 -mfloat-abi=soft -mthumb -u _printf_float -Wl,--start-group -lc -lm -Wl,--end-group
C:/ST/STM32CubeIDE_1.16.1/STM32CubeIDE/plugins/com.st.stm32cube.ide.mcu.externaltools.gnu-tools-for-stm32.12.3.rel1.win32_1.0.200.202406191623/tools/bin/../lib/gcc/arm-none-eabi/12.3.1/../../../../arm-none-eabi/bin/ld.exe: C:/ST/STM32CubeIDE_1.16.1/STM32CubeIDE/plugins/com.st.stm32cube.ide.mcu.externaltools.gnu-tools-for-stm32.12.3.rel1.win32_1.0.200.202406191623/tools/bin/../lib/gcc/arm-none-eabi/12.3.1/../../../../arm-none-eabi/lib/thumb/v7e-m/nofp\libc_nano.a(libc_a-signalr.o): in function `_kill_r':
(.text._kill_r+0xe): warning: _kill is not implemented and will always fail
C:/ST/STM32CubeIDE_1.16.1/STM32CubeIDE/plugins/com.st.stm32cube.ide.mcu.externaltools.gnu-tools-for-stm32.12.3.rel1.win32_1.0.200.202406191623/tools/bin/../lib/gcc/arm-none-eabi/12.3.1/../../../../arm-none-eabi/bin/ld.exe: warning: Assign1.elf has a LOAD segment with RWX permissions
Finished building target: Assign1.elf
 
arm-none-eabi-size  Assign1.elf 
arm-none-eabi-objdump -h -S Assign1.elf  > "Assign1.list"
   text	   data	    bss	    dec	    hex	filename
  16712	    472	   2072	  19256	   4b38	Assign1.elf
Finished building: default.size.stdout
 
Finished building: Assign1.list
 
09:41:35 **** Incremental Build of configuration Debug for project Assign1 ****
make -j16 all 
arm-none-eabi-gcc -o "Assign1.elf" @"objects.list"  -lrdimon -mcpu=cortex-m4 -T"C:\Users\dtc20\OneDrive - National University of Singapore\Desktop\Study\PreY2S2 Study\Pre-EE2028\Pre-EE2028\Labs\Lab2\Assign1\Assign1\STM32L475VGTX_FLASH.ld" --specs=nosys.specs -Wl,-Map="Assign1.map" -Wl,--gc-sections -static -specs=rdimon.specs -u _printf_float --specs=nano.specs -mfpu=fpv4-sp-d16 -mfloat-abi=soft -mthumb -u _printf_float -Wl,--start-group -lc -lm -Wl,--end-group
C:/ST/STM32CubeIDE_1.16.1/STM32CubeIDE/plugins/com.st.stm32cube.ide.mcu.externaltools.gnu-tools-for-stm32.12.3.rel1.win32_1.0.200.202406191623/tools/bin/../lib/gcc/arm-none-eabi/12.3.1/../../../../arm-none-eabi/bin/ld.exe: C:/ST/STM32CubeIDE_1.16.1/STM32CubeIDE/plugins/com.st.stm32cube.ide.mcu.externaltools.gnu-tools-for-stm32.12.3.rel1.win32_1.0.200.202406191623/tools/bin/../lib/gcc/arm-none-eabi/12.3.1/../../../../arm-none-eabi/lib/thumb/v7e-m/nofp\libc_nano.a(libc_a-signalr.o): in function `_kill_r':
(.text._kill_r+0xe): warning: _kill is not implemented and will always fail
C:/ST/STM32CubeIDE_1.16.1/STM32CubeIDE/plugins/com.st.stm32cube.ide.mcu.externaltools.gnu-tools-for-stm32.12.3.rel1.win32_1.0.200.202406191623/tools/bin/../lib/gcc/arm-none-eabi/12.3.1/../../../../arm-none-eabi/bin/ld.exe: warning: Assign1.elf has a LOAD segment with RWX permissions
Finished building target: Assign1.elf
 
arm-none-eabi-size  Assign1.elf 
arm-none-eabi-objdump -h -S Assign1.elf  > "Assign1.list"
   text	   data	    bss	    dec	    hex	filename
  16712	    472	   2072	  19256	   4b38	Assign1.elf
Finished building: default.size.stdout
 
Finished building: Assign1.list
 
09:50:02 **** Incremental Build of configuration Debug for project Assign1 ****
make -j16 all 
arm-none-eabi-gcc "../Src/main.c" -mcpu=cortex-m4 -std=gnu11 -g3 -DSTM32L4 -DSTM32 -DDEBUG -DSTM32L475VGTx -c -O0 -ffunction-sections -fdata-sections -Wall -fstack-usage -fcyclomatic-complexity -MMD -MP -MF"Src/main.d" -MT"Src/main.o" --specs=nano.specs -mfpu=fpv4-sp-d16 -mfloat-abi=soft -mthumb -o "Src/main.o"
arm-none-eabi-gcc -o "Assign1.elf" @"objects.list"  -lrdimon -mcpu=cortex-m4 -T"C:\Users\dtc20\OneDrive - National University of Singapore\Desktop\Study\PreY2S2 Study\Pre-EE2028\Pre-EE2028\Labs\Lab2\Assign1\Assign1\STM32L475VGTX_FLASH.ld" --specs=nosys.specs -Wl,-Map="Assign1.map" -Wl,--gc-sections -static -specs=rdimon.specs -u _printf_float --specs=nano.specs -mfpu=fpv4-sp-d16 -mfloat-abi=soft -mthumb -u _printf_float -Wl,--start-group -lc -lm -Wl,--end-group
C:/ST/STM32CubeIDE_1.16.1/STM32CubeIDE/plugins/com.st.stm32cube.ide.mcu.externaltools.gnu-tools-for-stm32.12.3.rel1.win32_1.0.200.202406191623/tools/bin/../lib/gcc/arm-none-eabi/12.3.1/../../../../arm-none-eabi/bin/ld.exe: C:/ST/STM32CubeIDE_1.16.1/STM32CubeIDE/plugins/com.st.stm32cube.ide.mcu.externaltools.gnu-tools-for-stm32.12.3.rel1.win32_1.0.200.202406191623/tools/bin/../lib/gcc/arm-none-eabi/12.3.1/../../../../arm-none-eabi/lib/thumb/v7e-m/nofp\libc_nano.a(libc_a-signalr.o): in function `_kill_r':
(.text._kill_r+0xe): warning: _kill is not implemented and will always fail
C:/ST/STM32CubeIDE_1.16.1/STM32CubeIDE/plugins/com.st.stm32cube.ide.mcu.externaltools.gnu-tools-for-stm32.12.3.rel1.win32_1.0.200.202406191623/tools/bin/../lib/gcc/arm-none-eabi/12.3.1/../../../../arm-none-eabi/bin/ld.exe: warning: Assign1.elf has a LOAD segment with RWX permissions
Finished building target: Assign1.elf
 
arm-none-eabi-size  Assign1.elf 
arm-none-eabi-objdump -h -S Assign1.elf  > "Assign1.list"
   text	   data	    bss	    dec	    hex	filename
  16736	    472	   2072	  19280	   4b50	Assign1.elf
Finished building: default.size.stdout
 
Finished building: Assign1.list
 
09:51:00 **** Incremental Build of configuration Debug for project Assign1 ****
make -j16 all 
arm-none-eabi-gcc "../Src/main.c" -mcpu=cortex-m4 -std=gnu11 -g3 -DSTM32L4 -DSTM32 -DDEBUG -DSTM32L475VGTx -c -O0 -ffunction-sections -fdata-sections -Wall -fstack-usage -fcyclomatic-complexity -MMD -MP -MF"Src/main.d" -MT"Src/main.o" --specs=nano.specs -mfpu=fpv4-sp-d16 -mfloat-abi=soft -mthumb -o "Src/main.o"
arm-none-eabi-gcc -o "Assign1.elf" @"objects.list"  -lrdimon -mcpu=cortex-m4 -T"C:\Users\dtc20\OneDrive - National University of Singapore\Desktop\Study\PreY2S2 Study\Pre-EE2028\Pre-EE2028\Labs\Lab2\Assign1\Assign1\STM32L475VGTX_FLASH.ld" --specs=nosys.specs -Wl,-Map="Assign1.map" -Wl,--gc-sections -static -specs=rdimon.specs -u _printf_float --specs=nano.specs -mfpu=fpv4-sp-d16 -mfloat-abi=soft -mthumb -u _printf_float -Wl,--start-group -lc -lm -Wl,--end-group
C:/ST/STM32CubeIDE_1.16.1/STM32CubeIDE/plugins/com.st.stm32cube.ide.mcu.externaltools.gnu-tools-for-stm32.12.3.rel1.win32_1.0.200.202406191623/tools/bin/../lib/gcc/arm-none-eabi/12.3.1/../../../../arm-none-eabi/bin/ld.exe: C:/ST/STM32CubeIDE_1.16.1/STM32CubeIDE/plugins/com.st.stm32cube.ide.mcu.externaltools.gnu-tools-for-stm32.12.3.rel1.win32_1.0.200.202406191623/tools/bin/../lib/gcc/arm-none-eabi/12.3.1/../../../../arm-none-eabi/lib/thumb/v7e-m/nofp\libc_nano.a(libc_a-signalr.o): in function `_kill_r':
(.text._kill_r+0xe): warning: _kill is not implemented and will always fail
C:/ST/STM32CubeIDE_1.16.1/STM32CubeIDE/plugins/com.st.stm32cube.ide.mcu.externaltools.gnu-tools-for-stm32.12.3.rel1.win32_1.0.200.202406191623/tools/bin/../lib/gcc/arm-none-eabi/12.3.1/../../../../arm-none-eabi/bin/ld.exe: warning: Assign1.elf has a LOAD segment with RWX permissions
Finished building target: Assign1.elf
 
arm-none-eabi-size  Assign1.elf 
arm-none-eabi-objdump -h -S Assign1.elf  > "Assign1.list"
   text	   data	    bss	    dec	    hex	filename
  16696	    472	   2072	  19240	   4b28	Assign1.elf
Finished building: default.size.stdout
 
Finished building: Assign1.list
 
10:12:54 **** Incremental Build of configuration Debug for project Assign1 ****
make -j16 all 
arm-none-eabi-gcc -mcpu=cortex-m4 -g3 -c -x assembler-with-cpp -MMD -MP -MF"Src/asm_func.d" -MT"Src/asm_func.o" --specs=nano.specs -mfpu=fpv4-sp-d16 -mfloat-abi=soft -mthumb -o "Src/asm_func.o" "../Src/asm_func.s"
arm-none-eabi-gcc "../Src/main.c" -mcpu=cortex-m4 -std=gnu11 -g3 -DSTM32L4 -DSTM32 -DDEBUG -DSTM32L475VGTx -c -O0 -ffunction-sections -fdata-sections -Wall -fstack-usage -fcyclomatic-complexity -MMD -MP -MF"Src/main.d" -MT"Src/main.o" --specs=nano.specs -mfpu=fpv4-sp-d16 -mfloat-abi=soft -mthumb -o "Src/main.o"
arm-none-eabi-gcc -o "Assign1.elf" @"objects.list"  -lrdimon -mcpu=cortex-m4 -T"C:\Users\dtc20\OneDrive - National University of Singapore\Desktop\Study\PreY2S2 Study\Pre-EE2028\Pre-EE2028\Labs\Lab2\Assign1\Assign1\STM32L475VGTX_FLASH.ld" --specs=nosys.specs -Wl,-Map="Assign1.map" -Wl,--gc-sections -static -specs=rdimon.specs -u _printf_float --specs=nano.specs -mfpu=fpv4-sp-d16 -mfloat-abi=soft -mthumb -u _printf_float -Wl,--start-group -lc -lm -Wl,--end-group
C:/ST/STM32CubeIDE_1.16.1/STM32CubeIDE/plugins/com.st.stm32cube.ide.mcu.externaltools.gnu-tools-for-stm32.12.3.rel1.win32_1.0.200.202406191623/tools/bin/../lib/gcc/arm-none-eabi/12.3.1/../../../../arm-none-eabi/bin/ld.exe: C:/ST/STM32CubeIDE_1.16.1/STM32CubeIDE/plugins/com.st.stm32cube.ide.mcu.externaltools.gnu-tools-for-stm32.12.3.rel1.win32_1.0.200.202406191623/tools/bin/../lib/gcc/arm-none-eabi/12.3.1/../../../../arm-none-eabi/lib/thumb/v7e-m/nofp\libc_nano.a(libc_a-signalr.o): in function `_kill_r':
(.text._kill_r+0xe): warning: _kill is not implemented and will always fail
C:/ST/STM32CubeIDE_1.16.1/STM32CubeIDE/plugins/com.st.stm32cube.ide.mcu.externaltools.gnu-tools-for-stm32.12.3.rel1.win32_1.0.200.202406191623/tools/bin/../lib/gcc/arm-none-eabi/12.3.1/../../../../arm-none-eabi/bin/ld.exe: warning: Assign1.elf has a LOAD segment with RWX permissions
Finished building target: Assign1.elf
 
arm-none-eabi-size  Assign1.elf 
arm-none-eabi-objdump -h -S Assign1.elf  > "Assign1.list"
   text	   data	    bss	    dec	    hex	filename
  16672	    472	   2072	  19216	   4b10	Assign1.elf
Finished building: default.size.stdout
 
Finished building: Assign1.list
 
10:13:59 **** Incremental Build of configuration Debug for project Assign1 ****
make -j16 all 
arm-none-eabi-gcc -mcpu=cortex-m4 -g3 -c -x assembler-with-cpp -MMD -MP -MF"Src/asm_func.d" -MT"Src/asm_func.o" --specs=nano.specs -mfpu=fpv4-sp-d16 -mfloat-abi=soft -mthumb -o "Src/asm_func.o" "../Src/asm_func.s"
arm-none-eabi-gcc -o "Assign1.elf" @"objects.list"  -lrdimon -mcpu=cortex-m4 -T"C:\Users\dtc20\OneDrive - National University of Singapore\Desktop\Study\PreY2S2 Study\Pre-EE2028\Pre-EE2028\Labs\Lab2\Assign1\Assign1\STM32L475VGTX_FLASH.ld" --specs=nosys.specs -Wl,-Map="Assign1.map" -Wl,--gc-sections -static -specs=rdimon.specs -u _printf_float --specs=nano.specs -mfpu=fpv4-sp-d16 -mfloat-abi=soft -mthumb -u _printf_float -Wl,--start-group -lc -lm -Wl,--end-group
C:/ST/STM32CubeIDE_1.16.1/STM32CubeIDE/plugins/com.st.stm32cube.ide.mcu.externaltools.gnu-tools-for-stm32.12.3.rel1.win32_1.0.200.202406191623/tools/bin/../lib/gcc/arm-none-eabi/12.3.1/../../../../arm-none-eabi/bin/ld.exe: C:/ST/STM32CubeIDE_1.16.1/STM32CubeIDE/plugins/com.st.stm32cube.ide.mcu.externaltools.gnu-tools-for-stm32.12.3.rel1.win32_1.0.200.202406191623/tools/bin/../lib/gcc/arm-none-eabi/12.3.1/../../../../arm-none-eabi/lib/thumb/v7e-m/nofp\libc_nano.a(libc_a-signalr.o): in function `_kill_r':
(.text._kill_r+0xe): warning: _kill is not implemented and will always fail
C:/ST/STM32CubeIDE_1.16.1/STM32CubeIDE/plugins/com.st.stm32cube.ide.mcu.externaltools.gnu-tools-for-stm32.12.3.rel1.win32_1.0.200.202406191623/tools/bin/../lib/gcc/arm-none-eabi/12.3.1/../../../../arm-none-eabi/bin/ld.exe: warning: Assign1.elf has a LOAD segment with RWX permissions
Finished building target: Assign1.elf
 
arm-none-eabi-size  Assign1.elf 
arm-none-eabi-objdump -h -S Assign1.elf  > "Assign1.list"
   text	   data	    bss	    dec	    hex	filename
  16672	    472	   2072	  19216	   4b10	Assign1.elf
Finished building: default.size.stdout
 
Finished building: Assign1.list
 
10:15:58 **** Incremental Build of configuration Debug for project Assign1 ****
make -j16 all 
arm-none-eabi-gcc -mcpu=cortex-m4 -g3 -c -x assembler-with-cpp -MMD -MP -MF"Src/asm_func.d" -MT"Src/asm_func.o" --specs=nano.specs -mfpu=fpv4-sp-d16 -mfloat-abi=soft -mthumb -o "Src/asm_func.o" "../Src/asm_func.s"
arm-none-eabi-gcc "../Src/main.c" -mcpu=cortex-m4 -std=gnu11 -g3 -DSTM32L4 -DSTM32 -DDEBUG -DSTM32L475VGTx -c -O0 -ffunction-sections -fdata-sections -Wall -fstack-usage -fcyclomatic-complexity -MMD -MP -MF"Src/main.d" -MT"Src/main.o" --specs=nano.specs -mfpu=fpv4-sp-d16 -mfloat-abi=soft -mthumb -o "Src/main.o"
../Src/main.c: In function 'main':
../Src/main.c:84:49: warning: excess elements in array initializer
   84 |         int building[F][S] = {{8,8},{8,8},{8,8},{8,8},{8,8},{8,8},{8,8},{8,8}};
      |                                                 ^
../Src/main.c:84:49: note: (near initialization for 'building')
../Src/main.c:84:55: warning: excess elements in array initializer
   84 |         int building[F][S] = {{8,8},{8,8},{8,8},{8,8},{8,8},{8,8},{8,8},{8,8}};
      |                                                       ^
../Src/main.c:84:55: note: (near initialization for 'building')
../Src/main.c:84:61: warning: excess elements in array initializer
   84 |         int building[F][S] = {{8,8},{8,8},{8,8},{8,8},{8,8},{8,8},{8,8},{8,8}};
      |                                                             ^
../Src/main.c:84:61: note: (near initialization for 'building')
../Src/main.c:84:67: warning: excess elements in array initializer
   84 |         int building[F][S] = {{8,8},{8,8},{8,8},{8,8},{8,8},{8,8},{8,8},{8,8}};
      |                                                                   ^
../Src/main.c:84:67: note: (near initialization for 'building')
../Src/main.c:84:73: warning: excess elements in array initializer
   84 |         int building[F][S] = {{8,8},{8,8},{8,8},{8,8},{8,8},{8,8},{8,8},{8,8}};
      |                                                                         ^
../Src/main.c:84:73: note: (near initialization for 'building')
../Src/main.c:86:45: warning: excess elements in array initializer
   86 |         int exit[F][S] = {{1,1},{1,1},{1,1},{1,1},{0,0},{0,0},{0,0},{0,0}};
      |                                             ^
../Src/main.c:86:45: note: (near initialization for 'exit')
../Src/main.c:86:51: warning: excess elements in array initializer
   86 |         int exit[F][S] = {{1,1},{1,1},{1,1},{1,1},{0,0},{0,0},{0,0},{0,0}};
      |                                                   ^
../Src/main.c:86:51: note: (near initialization for 'exit')
../Src/main.c:86:57: warning: excess elements in array initializer
   86 |         int exit[F][S] = {{1,1},{1,1},{1,1},{1,1},{0,0},{0,0},{0,0},{0,0}};
      |                                                         ^
../Src/main.c:86:57: note: (near initialization for 'exit')
../Src/main.c:86:63: warning: excess elements in array initializer
   86 |         int exit[F][S] = {{1,1},{1,1},{1,1},{1,1},{0,0},{0,0},{0,0},{0,0}};
      |                                                               ^
../Src/main.c:86:63: note: (near initialization for 'exit')
../Src/main.c:86:69: warning: excess elements in array initializer
   86 |         int exit[F][S] = {{1,1},{1,1},{1,1},{1,1},{0,0},{0,0},{0,0},{0,0}};
      |                                                                     ^
../Src/main.c:86:69: note: (near initialization for 'exit')
arm-none-eabi-gcc -o "Assign1.elf" @"objects.list"  -lrdimon -mcpu=cortex-m4 -T"C:\Users\dtc20\OneDrive - National University of Singapore\Desktop\Study\PreY2S2 Study\Pre-EE2028\Pre-EE2028\Labs\Lab2\Assign1\Assign1\STM32L475VGTX_FLASH.ld" --specs=nosys.specs -Wl,-Map="Assign1.map" -Wl,--gc-sections -static -specs=rdimon.specs -u _printf_float --specs=nano.specs -mfpu=fpv4-sp-d16 -mfloat-abi=soft -mthumb -u _printf_float -Wl,--start-group -lc -lm -Wl,--end-group
C:/ST/STM32CubeIDE_1.16.1/STM32CubeIDE/plugins/com.st.stm32cube.ide.mcu.externaltools.gnu-tools-for-stm32.12.3.rel1.win32_1.0.200.202406191623/tools/bin/../lib/gcc/arm-none-eabi/12.3.1/../../../../arm-none-eabi/bin/ld.exe: C:/ST/STM32CubeIDE_1.16.1/STM32CubeIDE/plugins/com.st.stm32cube.ide.mcu.externaltools.gnu-tools-for-stm32.12.3.rel1.win32_1.0.200.202406191623/tools/bin/../lib/gcc/arm-none-eabi/12.3.1/../../../../arm-none-eabi/lib/thumb/v7e-m/nofp\libc_nano.a(libc_a-signalr.o): in function `_kill_r':
(.text._kill_r+0xe): warning: _kill is not implemented and will always fail
C:/ST/STM32CubeIDE_1.16.1/STM32CubeIDE/plugins/com.st.stm32cube.ide.mcu.externaltools.gnu-tools-for-stm32.12.3.rel1.win32_1.0.200.202406191623/tools/bin/../lib/gcc/arm-none-eabi/12.3.1/../../../../arm-none-eabi/bin/ld.exe: warning: Assign1.elf has a LOAD segment with RWX permissions
Finished building target: Assign1.elf
 
arm-none-eabi-size  Assign1.elf 
arm-none-eabi-objdump -h -S Assign1.elf  > "Assign1.list"
   text	   data	    bss	    dec	    hex	filename
  16720	    472	   2072	  19264	   4b40	Assign1.elf
Finished building: default.size.stdout
 
Finished building: Assign1.list
 
10:16:27 **** Incremental Build of configuration Debug for project Assign1 ****
make -j16 all 
arm-none-eabi-gcc "../Src/main.c" -mcpu=cortex-m4 -std=gnu11 -g3 -DSTM32L4 -DSTM32 -DDEBUG -DSTM32L475VGTx -c -O0 -ffunction-sections -fdata-sections -Wall -fstack-usage -fcyclomatic-complexity -MMD -MP -MF"Src/main.d" -MT"Src/main.o" --specs=nano.specs -mfpu=fpv4-sp-d16 -mfloat-abi=soft -mthumb -o "Src/main.o"
../Src/main.c: In function 'main':
../Src/main.c:84:49: warning: excess elements in array initializer
   84 |         int building[F][S] = {{8,8},{8,8},{8,8},{8,8},{8,8},{8,8},{8,8},{8,8}};
      |                                                 ^
../Src/main.c:84:49: note: (near initialization for 'building')
../Src/main.c:84:55: warning: excess elements in array initializer
   84 |         int building[F][S] = {{8,8},{8,8},{8,8},{8,8},{8,8},{8,8},{8,8},{8,8}};
      |                                                       ^
../Src/main.c:84:55: note: (near initialization for 'building')
../Src/main.c:84:61: warning: excess elements in array initializer
   84 |         int building[F][S] = {{8,8},{8,8},{8,8},{8,8},{8,8},{8,8},{8,8},{8,8}};
      |                                                             ^
../Src/main.c:84:61: note: (near initialization for 'building')
../Src/main.c:84:67: warning: excess elements in array initializer
   84 |         int building[F][S] = {{8,8},{8,8},{8,8},{8,8},{8,8},{8,8},{8,8},{8,8}};
      |                                                                   ^
../Src/main.c:84:67: note: (near initialization for 'building')
../Src/main.c:84:73: warning: excess elements in array initializer
   84 |         int building[F][S] = {{8,8},{8,8},{8,8},{8,8},{8,8},{8,8},{8,8},{8,8}};
      |                                                                         ^
../Src/main.c:84:73: note: (near initialization for 'building')
../Src/main.c:86:45: warning: excess elements in array initializer
   86 |         int exit[F][S] = {{1,1},{1,1},{1,1},{1,1},{0,0},{0,0},{0,0},{0,0}};
      |                                             ^
../Src/main.c:86:45: note: (near initialization for 'exit')
../Src/main.c:86:51: warning: excess elements in array initializer
   86 |         int exit[F][S] = {{1,1},{1,1},{1,1},{1,1},{0,0},{0,0},{0,0},{0,0}};
      |                                                   ^
../Src/main.c:86:51: note: (near initialization for 'exit')
../Src/main.c:86:57: warning: excess elements in array initializer
   86 |         int exit[F][S] = {{1,1},{1,1},{1,1},{1,1},{0,0},{0,0},{0,0},{0,0}};
      |                                                         ^
../Src/main.c:86:57: note: (near initialization for 'exit')
../Src/main.c:86:63: warning: excess elements in array initializer
   86 |         int exit[F][S] = {{1,1},{1,1},{1,1},{1,1},{0,0},{0,0},{0,0},{0,0}};
      |                                                               ^
../Src/main.c:86:63: note: (near initialization for 'exit')
../Src/main.c:86:69: warning: excess elements in array initializer
   86 |         int exit[F][S] = {{1,1},{1,1},{1,1},{1,1},{0,0},{0,0},{0,0},{0,0}};
      |                                                                     ^
../Src/main.c:86:69: note: (near initialization for 'exit')
arm-none-eabi-gcc -o "Assign1.elf" @"objects.list"  -lrdimon -mcpu=cortex-m4 -T"C:\Users\dtc20\OneDrive - National University of Singapore\Desktop\Study\PreY2S2 Study\Pre-EE2028\Pre-EE2028\Labs\Lab2\Assign1\Assign1\STM32L475VGTX_FLASH.ld" --specs=nosys.specs -Wl,-Map="Assign1.map" -Wl,--gc-sections -static -specs=rdimon.specs -u _printf_float --specs=nano.specs -mfpu=fpv4-sp-d16 -mfloat-abi=soft -mthumb -u _printf_float -Wl,--start-group -lc -lm -Wl,--end-group
C:/ST/STM32CubeIDE_1.16.1/STM32CubeIDE/plugins/com.st.stm32cube.ide.mcu.externaltools.gnu-tools-for-stm32.12.3.rel1.win32_1.0.200.202406191623/tools/bin/../lib/gcc/arm-none-eabi/12.3.1/../../../../arm-none-eabi/bin/ld.exe: C:/ST/STM32CubeIDE_1.16.1/STM32CubeIDE/plugins/com.st.stm32cube.ide.mcu.externaltools.gnu-tools-for-stm32.12.3.rel1.win32_1.0.200.202406191623/tools/bin/../lib/gcc/arm-none-eabi/12.3.1/../../../../arm-none-eabi/lib/thumb/v7e-m/nofp\libc_nano.a(libc_a-signalr.o): in function `_kill_r':
(.text._kill_r+0xe): warning: _kill is not implemented and will always fail
C:/ST/STM32CubeIDE_1.16.1/STM32CubeIDE/plugins/com.st.stm32cube.ide.mcu.externaltools.gnu-tools-for-stm32.12.3.rel1.win32_1.0.200.202406191623/tools/bin/../lib/gcc/arm-none-eabi/12.3.1/../../../../arm-none-eabi/bin/ld.exe: warning: Assign1.elf has a LOAD segment with RWX permissions
Finished building target: Assign1.elf
 
arm-none-eabi-size  Assign1.elf 
arm-none-eabi-objdump -h -S Assign1.elf  > "Assign1.list"
   text	   data	    bss	    dec	    hex	filename
  16712	    472	   2072	  19256	   4b38	Assign1.elf
Finished building: default.size.stdout
 
Finished building: Assign1.list
 
10:16:59 **** Incremental Build of configuration Debug for project Assign1 ****
make -j16 all 
arm-none-eabi-gcc "../Src/main.c" -mcpu=cortex-m4 -std=gnu11 -g3 -DSTM32L4 -DSTM32 -DDEBUG -DSTM32L475VGTx -c -O0 -ffunction-sections -fdata-sections -Wall -fstack-usage -fcyclomatic-complexity -MMD -MP -MF"Src/main.d" -MT"Src/main.o" --specs=nano.specs -mfpu=fpv4-sp-d16 -mfloat-abi=soft -mthumb -o "Src/main.o"
../Src/main.c: In function 'main':
../Src/main.c:84:49: warning: excess elements in array initializer
   84 |         int building[F][S] = {{8,8},{8,8},{8,8},{8,8},{8,8},{8,8},{8,8},{8,8}};
      |                                                 ^
../Src/main.c:84:49: note: (near initialization for 'building')
../Src/main.c:84:55: warning: excess elements in array initializer
   84 |         int building[F][S] = {{8,8},{8,8},{8,8},{8,8},{8,8},{8,8},{8,8},{8,8}};
      |                                                       ^
../Src/main.c:84:55: note: (near initialization for 'building')
../Src/main.c:84:61: warning: excess elements in array initializer
   84 |         int building[F][S] = {{8,8},{8,8},{8,8},{8,8},{8,8},{8,8},{8,8},{8,8}};
      |                                                             ^
../Src/main.c:84:61: note: (near initialization for 'building')
../Src/main.c:84:67: warning: excess elements in array initializer
   84 |         int building[F][S] = {{8,8},{8,8},{8,8},{8,8},{8,8},{8,8},{8,8},{8,8}};
      |                                                                   ^
../Src/main.c:84:67: note: (near initialization for 'building')
../Src/main.c:84:73: warning: excess elements in array initializer
   84 |         int building[F][S] = {{8,8},{8,8},{8,8},{8,8},{8,8},{8,8},{8,8},{8,8}};
      |                                                                         ^
../Src/main.c:84:73: note: (near initialization for 'building')
../Src/main.c:86:45: warning: excess elements in array initializer
   86 |         int exit[F][S] = {{1,1},{1,1},{1,1},{1,1},{0,0},{0,0},{0,0},{0,0}};
      |                                             ^
../Src/main.c:86:45: note: (near initialization for 'exit')
../Src/main.c:86:51: warning: excess elements in array initializer
   86 |         int exit[F][S] = {{1,1},{1,1},{1,1},{1,1},{0,0},{0,0},{0,0},{0,0}};
      |                                                   ^
../Src/main.c:86:51: note: (near initialization for 'exit')
../Src/main.c:86:57: warning: excess elements in array initializer
   86 |         int exit[F][S] = {{1,1},{1,1},{1,1},{1,1},{0,0},{0,0},{0,0},{0,0}};
      |                                                         ^
../Src/main.c:86:57: note: (near initialization for 'exit')
../Src/main.c:86:63: warning: excess elements in array initializer
   86 |         int exit[F][S] = {{1,1},{1,1},{1,1},{1,1},{0,0},{0,0},{0,0},{0,0}};
      |                                                               ^
../Src/main.c:86:63: note: (near initialization for 'exit')
../Src/main.c:86:69: warning: excess elements in array initializer
   86 |         int exit[F][S] = {{1,1},{1,1},{1,1},{1,1},{0,0},{0,0},{0,0},{0,0}};
      |                                                                     ^
../Src/main.c:86:69: note: (near initialization for 'exit')
../Src/main.c:91:47: warning: excess elements in array initializer
   91 |         int result[F][S] = {{F,S},{0,0},{0,0},{0,0},{0,0},{0,0},{0,0},{0,0}};
      |                                               ^
../Src/main.c:91:47: note: (near initialization for 'result')
../Src/main.c:91:53: warning: excess elements in array initializer
   91 |         int result[F][S] = {{F,S},{0,0},{0,0},{0,0},{0,0},{0,0},{0,0},{0,0}};
      |                                                     ^
../Src/main.c:91:53: note: (near initialization for 'result')
../Src/main.c:91:59: warning: excess elements in array initializer
   91 |         int result[F][S] = {{F,S},{0,0},{0,0},{0,0},{0,0},{0,0},{0,0},{0,0}};
      |                                                           ^
../Src/main.c:91:59: note: (near initialization for 'result')
../Src/main.c:91:65: warning: excess elements in array initializer
   91 |         int result[F][S] = {{F,S},{0,0},{0,0},{0,0},{0,0},{0,0},{0,0},{0,0}};
      |                                                                 ^
../Src/main.c:91:65: note: (near initialization for 'result')
../Src/main.c:91:71: warning: excess elements in array initializer
   91 |         int result[F][S] = {{F,S},{0,0},{0,0},{0,0},{0,0},{0,0},{0,0},{0,0}};
      |                                                                       ^
../Src/main.c:91:71: note: (near initialization for 'result')
arm-none-eabi-gcc -o "Assign1.elf" @"objects.list"  -lrdimon -mcpu=cortex-m4 -T"C:\Users\dtc20\OneDrive - National University of Singapore\Desktop\Study\PreY2S2 Study\Pre-EE2028\Pre-EE2028\Labs\Lab2\Assign1\Assign1\STM32L475VGTX_FLASH.ld" --specs=nosys.specs -Wl,-Map="Assign1.map" -Wl,--gc-sections -static -specs=rdimon.specs -u _printf_float --specs=nano.specs -mfpu=fpv4-sp-d16 -mfloat-abi=soft -mthumb -u _printf_float -Wl,--start-group -lc -lm -Wl,--end-group
C:/ST/STM32CubeIDE_1.16.1/STM32CubeIDE/plugins/com.st.stm32cube.ide.mcu.externaltools.gnu-tools-for-stm32.12.3.rel1.win32_1.0.200.202406191623/tools/bin/../lib/gcc/arm-none-eabi/12.3.1/../../../../arm-none-eabi/bin/ld.exe: C:/ST/STM32CubeIDE_1.16.1/STM32CubeIDE/plugins/com.st.stm32cube.ide.mcu.externaltools.gnu-tools-for-stm32.12.3.rel1.win32_1.0.200.202406191623/tools/bin/../lib/gcc/arm-none-eabi/12.3.1/../../../../arm-none-eabi/lib/thumb/v7e-m/nofp\libc_nano.a(libc_a-signalr.o): in function `_kill_r':
(.text._kill_r+0xe): warning: _kill is not implemented and will always fail
C:/ST/STM32CubeIDE_1.16.1/STM32CubeIDE/plugins/com.st.stm32cube.ide.mcu.externaltools.gnu-tools-for-stm32.12.3.rel1.win32_1.0.200.202406191623/tools/bin/../lib/gcc/arm-none-eabi/12.3.1/../../../../arm-none-eabi/bin/ld.exe: warning: Assign1.elf has a LOAD segment with RWX permissions
Finished building target: Assign1.elf
 
arm-none-eabi-size  Assign1.elf 
arm-none-eabi-objdump -h -S Assign1.elf  > "Assign1.list"
   text	   data	    bss	    dec	    hex	filename
  16712	    472	   2072	  19256	   4b38	Assign1.elf
Finished building: default.size.stdout
 
Finished building: Assign1.list
 
10:21:34 **** Incremental Build of configuration Debug for project Assign1 ****
make -j16 all 
arm-none-eabi-gcc "../Src/main.c" -mcpu=cortex-m4 -std=gnu11 -g3 -DSTM32L4 -DSTM32 -DDEBUG -DSTM32L475VGTx -c -O0 -ffunction-sections -fdata-sections -Wall -fstack-usage -fcyclomatic-complexity -MMD -MP -MF"Src/main.d" -MT"Src/main.o" --specs=nano.specs -mfpu=fpv4-sp-d16 -mfloat-abi=soft -mthumb -o "Src/main.o"
arm-none-eabi-gcc -o "Assign1.elf" @"objects.list"  -lrdimon -mcpu=cortex-m4 -T"C:\Users\dtc20\OneDrive - National University of Singapore\Desktop\Study\PreY2S2 Study\Pre-EE2028\Pre-EE2028\Labs\Lab2\Assign1\Assign1\STM32L475VGTX_FLASH.ld" --specs=nosys.specs -Wl,-Map="Assign1.map" -Wl,--gc-sections -static -specs=rdimon.specs -u _printf_float --specs=nano.specs -mfpu=fpv4-sp-d16 -mfloat-abi=soft -mthumb -u _printf_float -Wl,--start-group -lc -lm -Wl,--end-group
C:/ST/STM32CubeIDE_1.16.1/STM32CubeIDE/plugins/com.st.stm32cube.ide.mcu.externaltools.gnu-tools-for-stm32.12.3.rel1.win32_1.0.200.202406191623/tools/bin/../lib/gcc/arm-none-eabi/12.3.1/../../../../arm-none-eabi/bin/ld.exe: C:/ST/STM32CubeIDE_1.16.1/STM32CubeIDE/plugins/com.st.stm32cube.ide.mcu.externaltools.gnu-tools-for-stm32.12.3.rel1.win32_1.0.200.202406191623/tools/bin/../lib/gcc/arm-none-eabi/12.3.1/../../../../arm-none-eabi/lib/thumb/v7e-m/nofp\libc_nano.a(libc_a-signalr.o): in function `_kill_r':
(.text._kill_r+0xe): warning: _kill is not implemented and will always fail
C:/ST/STM32CubeIDE_1.16.1/STM32CubeIDE/plugins/com.st.stm32cube.ide.mcu.externaltools.gnu-tools-for-stm32.12.3.rel1.win32_1.0.200.202406191623/tools/bin/../lib/gcc/arm-none-eabi/12.3.1/../../../../arm-none-eabi/bin/ld.exe: warning: Assign1.elf has a LOAD segment with RWX permissions
Finished building target: Assign1.elf
 
arm-none-eabi-size  Assign1.elf 
arm-none-eabi-objdump -h -S Assign1.elf  > "Assign1.list"
   text	   data	    bss	    dec	    hex	filename
  16808	    472	   2072	  19352	   4b98	Assign1.elf
Finished building: default.size.stdout
 
Finished building: Assign1.list
 
10:23:22 **** Incremental Build of configuration Debug for project Assign1 ****
make -j16 all 
arm-none-eabi-gcc "../Src/main.c" -mcpu=cortex-m4 -std=gnu11 -g3 -DSTM32L4 -DSTM32 -DDEBUG -DSTM32L475VGTx -c -O0 -ffunction-sections -fdata-sections -Wall -fstack-usage -fcyclomatic-complexity -MMD -MP -MF"Src/main.d" -MT"Src/main.o" --specs=nano.specs -mfpu=fpv4-sp-d16 -mfloat-abi=soft -mthumb -o "Src/main.o"
../Src/main.c: In function 'main':
../Src/main.c:91:59: warning: excess elements in array initializer
   91 |         int result[F][S] = {{F,S},{0,0},{0,0},{0,0},{0,0},{0,0},{0,0},{0,0}};
      |                                                           ^
../Src/main.c:91:59: note: (near initialization for 'result')
../Src/main.c:91:65: warning: excess elements in array initializer
   91 |         int result[F][S] = {{F,S},{0,0},{0,0},{0,0},{0,0},{0,0},{0,0},{0,0}};
      |                                                                 ^
../Src/main.c:91:65: note: (near initialization for 'result')
../Src/main.c:91:71: warning: excess elements in array initializer
   91 |         int result[F][S] = {{F,S},{0,0},{0,0},{0,0},{0,0},{0,0},{0,0},{0,0}};
      |                                                                       ^
../Src/main.c:91:71: note: (near initialization for 'result')
arm-none-eabi-gcc -o "Assign1.elf" @"objects.list"  -lrdimon -mcpu=cortex-m4 -T"C:\Users\dtc20\OneDrive - National University of Singapore\Desktop\Study\PreY2S2 Study\Pre-EE2028\Pre-EE2028\Labs\Lab2\Assign1\Assign1\STM32L475VGTX_FLASH.ld" --specs=nosys.specs -Wl,-Map="Assign1.map" -Wl,--gc-sections -static -specs=rdimon.specs -u _printf_float --specs=nano.specs -mfpu=fpv4-sp-d16 -mfloat-abi=soft -mthumb -u _printf_float -Wl,--start-group -lc -lm -Wl,--end-group
C:/ST/STM32CubeIDE_1.16.1/STM32CubeIDE/plugins/com.st.stm32cube.ide.mcu.externaltools.gnu-tools-for-stm32.12.3.rel1.win32_1.0.200.202406191623/tools/bin/../lib/gcc/arm-none-eabi/12.3.1/../../../../arm-none-eabi/bin/ld.exe: C:/ST/STM32CubeIDE_1.16.1/STM32CubeIDE/plugins/com.st.stm32cube.ide.mcu.externaltools.gnu-tools-for-stm32.12.3.rel1.win32_1.0.200.202406191623/tools/bin/../lib/gcc/arm-none-eabi/12.3.1/../../../../arm-none-eabi/lib/thumb/v7e-m/nofp\libc_nano.a(libc_a-signalr.o): in function `_kill_r':
(.text._kill_r+0xe): warning: _kill is not implemented and will always fail
C:/ST/STM32CubeIDE_1.16.1/STM32CubeIDE/plugins/com.st.stm32cube.ide.mcu.externaltools.gnu-tools-for-stm32.12.3.rel1.win32_1.0.200.202406191623/tools/bin/../lib/gcc/arm-none-eabi/12.3.1/../../../../arm-none-eabi/bin/ld.exe: warning: Assign1.elf has a LOAD segment with RWX permissions
Finished building target: Assign1.elf
 
arm-none-eabi-size  Assign1.elf 
arm-none-eabi-objdump -h -S Assign1.elf  > "Assign1.list"
   text	   data	    bss	    dec	    hex	filename
  16816	    472	   2072	  19360	   4ba0	Assign1.elf
Finished building: default.size.stdout
 
Finished building: Assign1.list
 
10:29:24 **** Incremental Build of configuration Debug for project Assign1 ****
make -j16 all 
arm-none-eabi-gcc -mcpu=cortex-m4 -g3 -c -x assembler-with-cpp -MMD -MP -MF"Src/asm_func.d" -MT"Src/asm_func.o" --specs=nano.specs -mfpu=fpv4-sp-d16 -mfloat-abi=soft -mthumb -o "Src/asm_func.o" "../Src/asm_func.s"
arm-none-eabi-gcc "../Src/main.c" -mcpu=cortex-m4 -std=gnu11 -g3 -DSTM32L4 -DSTM32 -DDEBUG -DSTM32L475VGTx -c -O0 -ffunction-sections -fdata-sections -Wall -fstack-usage -fcyclomatic-complexity -MMD -MP -MF"Src/main.d" -MT"Src/main.o" --specs=nano.specs -mfpu=fpv4-sp-d16 -mfloat-abi=soft -mthumb -o "Src/main.o"
../Src/main.c: In function 'main':
../Src/main.c:84:30: warning: missing braces around initializer [-Wmissing-braces]
   84 |         int building[F][S] = {5};
      |                              ^
      |                               {}
../Src/main.c:24:11: warning: excess elements in array initializer
   24 | #define S 1
      |           ^
../Src/main.c:94:32: note: in expansion of macro 'S'
   94 |         int result[F][S] = {{F,S},{0}};
      |                                ^
../Src/main.c:24:11: note: (near initialization for 'result[0]')
   24 | #define S 1
      |           ^
../Src/main.c:94:32: note: in expansion of macro 'S'
   94 |         int result[F][S] = {{F,S},{0}};
      |                                ^
../Src/main.c:94:35: warning: excess elements in array initializer
   94 |         int result[F][S] = {{F,S},{0}};
      |                                   ^
../Src/main.c:94:35: note: (near initialization for 'result')
arm-none-eabi-gcc -o "Assign1.elf" @"objects.list"  -lrdimon -mcpu=cortex-m4 -T"C:\Users\dtc20\OneDrive - National University of Singapore\Desktop\Study\PreY2S2 Study\Pre-EE2028\Pre-EE2028\Labs\Lab2\Assign1\Assign1\STM32L475VGTX_FLASH.ld" --specs=nosys.specs -Wl,-Map="Assign1.map" -Wl,--gc-sections -static -specs=rdimon.specs -u _printf_float --specs=nano.specs -mfpu=fpv4-sp-d16 -mfloat-abi=soft -mthumb -u _printf_float -Wl,--start-group -lc -lm -Wl,--end-group
C:/ST/STM32CubeIDE_1.16.1/STM32CubeIDE/plugins/com.st.stm32cube.ide.mcu.externaltools.gnu-tools-for-stm32.12.3.rel1.win32_1.0.200.202406191623/tools/bin/../lib/gcc/arm-none-eabi/12.3.1/../../../../arm-none-eabi/bin/ld.exe: C:/ST/STM32CubeIDE_1.16.1/STM32CubeIDE/plugins/com.st.stm32cube.ide.mcu.externaltools.gnu-tools-for-stm32.12.3.rel1.win32_1.0.200.202406191623/tools/bin/../lib/gcc/arm-none-eabi/12.3.1/../../../../arm-none-eabi/lib/thumb/v7e-m/nofp\libc_nano.a(libc_a-signalr.o): in function `_kill_r':
(.text._kill_r+0xe): warning: _kill is not implemented and will always fail
C:/ST/STM32CubeIDE_1.16.1/STM32CubeIDE/plugins/com.st.stm32cube.ide.mcu.externaltools.gnu-tools-for-stm32.12.3.rel1.win32_1.0.200.202406191623/tools/bin/../lib/gcc/arm-none-eabi/12.3.1/../../../../arm-none-eabi/bin/ld.exe: warning: Assign1.elf has a LOAD segment with RWX permissions
Finished building target: Assign1.elf
 
arm-none-eabi-size  Assign1.elf 
arm-none-eabi-objdump -h -S Assign1.elf  > "Assign1.list"
   text	   data	    bss	    dec	    hex	filename
  16592	    472	   2072	  19136	   4ac0	Assign1.elf
Finished building: default.size.stdout
 
Finished building: Assign1.list
 
10:33:12 **** Incremental Build of configuration Debug for project Assign1 ****
make -j16 all 
arm-none-eabi-gcc "../Src/main.c" -mcpu=cortex-m4 -std=gnu11 -g3 -DSTM32L4 -DSTM32 -DDEBUG -DSTM32L475VGTx -c -O0 -ffunction-sections -fdata-sections -Wall -fstack-usage -fcyclomatic-complexity -MMD -MP -MF"Src/main.d" -MT"Src/main.o" --specs=nano.specs -mfpu=fpv4-sp-d16 -mfloat-abi=soft -mthumb -o "Src/main.o"
../Src/main.c: In function 'main':
../Src/main.c:94:42: warning: excess elements in array initializer
   94 |                 int building[F][S] = {{8,8},{8,8},{8,8}};
      |                                          ^
../Src/main.c:94:42: note: (near initialization for 'building[0]')
../Src/main.c:94:48: warning: excess elements in array initializer
   94 |                 int building[F][S] = {{8,8},{8,8},{8,8}};
      |                                                ^
../Src/main.c:94:48: note: (near initialization for 'building[1]')
../Src/main.c:94:45: warning: excess elements in array initializer
   94 |                 int building[F][S] = {{8,8},{8,8},{8,8}};
      |                                             ^
../Src/main.c:94:45: note: (near initialization for 'building')
../Src/main.c:94:54: warning: excess elements in array initializer
   94 |                 int building[F][S] = {{8,8},{8,8},{8,8}};
      |                                                      ^
../Src/main.c:94:54: note: (near initialization for 'building[1]')
../Src/main.c:94:51: warning: excess elements in array initializer
   94 |                 int building[F][S] = {{8,8},{8,8},{8,8}};
      |                                                   ^
../Src/main.c:94:51: note: (near initialization for 'building')
../Src/main.c:96:38: warning: excess elements in array initializer
   96 |                 int exit[F][S] = {{1,1},{1,1},{1,1}};
      |                                      ^
../Src/main.c:96:38: note: (near initialization for 'exit[0]')
../Src/main.c:96:44: warning: excess elements in array initializer
   96 |                 int exit[F][S] = {{1,1},{1,1},{1,1}};
      |                                            ^
../Src/main.c:96:44: note: (near initialization for 'exit[1]')
../Src/main.c:96:41: warning: excess elements in array initializer
   96 |                 int exit[F][S] = {{1,1},{1,1},{1,1}};
      |                                         ^
../Src/main.c:96:41: note: (near initialization for 'exit')
../Src/main.c:96:50: warning: excess elements in array initializer
   96 |                 int exit[F][S] = {{1,1},{1,1},{1,1}};
      |                                                  ^
../Src/main.c:96:50: note: (near initialization for 'exit[1]')
../Src/main.c:96:47: warning: excess elements in array initializer
   96 |                 int exit[F][S] = {{1,1},{1,1},{1,1}};
      |                                               ^
../Src/main.c:96:47: note: (near initialization for 'exit')
../Src/main.c:24:11: warning: excess elements in array initializer
   24 | #define S 1
      |           ^
../Src/main.c:99:32: note: in expansion of macro 'S'
   99 |         int result[F][S] = {{F,S},{0,0},{0,0},{0,0}};
      |                                ^
../Src/main.c:24:11: note: (near initialization for 'result[0]')
   24 | #define S 1
      |           ^
../Src/main.c:99:32: note: in expansion of macro 'S'
   99 |         int result[F][S] = {{F,S},{0,0},{0,0},{0,0}};
      |                                ^
../Src/main.c:99:38: warning: excess elements in array initializer
   99 |         int result[F][S] = {{F,S},{0,0},{0,0},{0,0}};
      |                                      ^
../Src/main.c:99:38: note: (near initialization for 'result[1]')
../Src/main.c:99:35: warning: excess elements in array initializer
   99 |         int result[F][S] = {{F,S},{0,0},{0,0},{0,0}};
      |                                   ^
../Src/main.c:99:35: note: (near initialization for 'result')
../Src/main.c:99:44: warning: excess elements in array initializer
   99 |         int result[F][S] = {{F,S},{0,0},{0,0},{0,0}};
      |                                            ^
../Src/main.c:99:44: note: (near initialization for 'result[1]')
../Src/main.c:99:41: warning: excess elements in array initializer
   99 |         int result[F][S] = {{F,S},{0,0},{0,0},{0,0}};
      |                                         ^
../Src/main.c:99:41: note: (near initialization for 'result')
../Src/main.c:99:50: warning: excess elements in array initializer
   99 |         int result[F][S] = {{F,S},{0,0},{0,0},{0,0}};
      |                                                  ^
../Src/main.c:99:50: note: (near initialization for 'result[1]')
../Src/main.c:99:47: warning: excess elements in array initializer
   99 |         int result[F][S] = {{F,S},{0,0},{0,0},{0,0}};
      |                                               ^
../Src/main.c:99:47: note: (near initialization for 'result')
arm-none-eabi-gcc -o "Assign1.elf" @"objects.list"  -lrdimon -mcpu=cortex-m4 -T"C:\Users\dtc20\OneDrive - National University of Singapore\Desktop\Study\PreY2S2 Study\Pre-EE2028\Pre-EE2028\Labs\Lab2\Assign1\Assign1\STM32L475VGTX_FLASH.ld" --specs=nosys.specs -Wl,-Map="Assign1.map" -Wl,--gc-sections -static -specs=rdimon.specs -u _printf_float --specs=nano.specs -mfpu=fpv4-sp-d16 -mfloat-abi=soft -mthumb -u _printf_float -Wl,--start-group -lc -lm -Wl,--end-group
C:/ST/STM32CubeIDE_1.16.1/STM32CubeIDE/plugins/com.st.stm32cube.ide.mcu.externaltools.gnu-tools-for-stm32.12.3.rel1.win32_1.0.200.202406191623/tools/bin/../lib/gcc/arm-none-eabi/12.3.1/../../../../arm-none-eabi/bin/ld.exe: C:/ST/STM32CubeIDE_1.16.1/STM32CubeIDE/plugins/com.st.stm32cube.ide.mcu.externaltools.gnu-tools-for-stm32.12.3.rel1.win32_1.0.200.202406191623/tools/bin/../lib/gcc/arm-none-eabi/12.3.1/../../../../arm-none-eabi/lib/thumb/v7e-m/nofp\libc_nano.a(libc_a-signalr.o): in function `_kill_r':
(.text._kill_r+0xe): warning: _kill is not implemented and will always fail
C:/ST/STM32CubeIDE_1.16.1/STM32CubeIDE/plugins/com.st.stm32cube.ide.mcu.externaltools.gnu-tools-for-stm32.12.3.rel1.win32_1.0.200.202406191623/tools/bin/../lib/gcc/arm-none-eabi/12.3.1/../../../../arm-none-eabi/bin/ld.exe: warning: Assign1.elf has a LOAD segment with RWX permissions
Finished building target: Assign1.elf
 
arm-none-eabi-size  Assign1.elf 
arm-none-eabi-objdump -h -S Assign1.elf  > "Assign1.list"
   text	   data	    bss	    dec	    hex	filename
  16584	    472	   2072	  19128	   4ab8	Assign1.elf
Finished building: default.size.stdout
 
Finished building: Assign1.list
 
10:33:44 **** Incremental Build of configuration Debug for project Assign1 ****
make -j16 all 
arm-none-eabi-gcc "../Src/main.c" -mcpu=cortex-m4 -std=gnu11 -g3 -DSTM32L4 -DSTM32 -DDEBUG -DSTM32L475VGTx -c -O0 -ffunction-sections -fdata-sections -Wall -fstack-usage -fcyclomatic-complexity -MMD -MP -MF"Src/main.d" -MT"Src/main.o" --specs=nano.specs -mfpu=fpv4-sp-d16 -mfloat-abi=soft -mthumb -o "Src/main.o"
../Src/main.c: In function 'main':
../Src/main.c:99:47: warning: excess elements in array initializer
   99 |         int result[F][S] = {{F,S},{0,0},{0,0},{0,0}};
      |                                               ^
../Src/main.c:99:47: note: (near initialization for 'result')
arm-none-eabi-gcc -o "Assign1.elf" @"objects.list"  -lrdimon -mcpu=cortex-m4 -T"C:\Users\dtc20\OneDrive - National University of Singapore\Desktop\Study\PreY2S2 Study\Pre-EE2028\Pre-EE2028\Labs\Lab2\Assign1\Assign1\STM32L475VGTX_FLASH.ld" --specs=nosys.specs -Wl,-Map="Assign1.map" -Wl,--gc-sections -static -specs=rdimon.specs -u _printf_float --specs=nano.specs -mfpu=fpv4-sp-d16 -mfloat-abi=soft -mthumb -u _printf_float -Wl,--start-group -lc -lm -Wl,--end-group
C:/ST/STM32CubeIDE_1.16.1/STM32CubeIDE/plugins/com.st.stm32cube.ide.mcu.externaltools.gnu-tools-for-stm32.12.3.rel1.win32_1.0.200.202406191623/tools/bin/../lib/gcc/arm-none-eabi/12.3.1/../../../../arm-none-eabi/bin/ld.exe: C:/ST/STM32CubeIDE_1.16.1/STM32CubeIDE/plugins/com.st.stm32cube.ide.mcu.externaltools.gnu-tools-for-stm32.12.3.rel1.win32_1.0.200.202406191623/tools/bin/../lib/gcc/arm-none-eabi/12.3.1/../../../../arm-none-eabi/lib/thumb/v7e-m/nofp\libc_nano.a(libc_a-signalr.o): in function `_kill_r':
(.text._kill_r+0xe): warning: _kill is not implemented and will always fail
C:/ST/STM32CubeIDE_1.16.1/STM32CubeIDE/plugins/com.st.stm32cube.ide.mcu.externaltools.gnu-tools-for-stm32.12.3.rel1.win32_1.0.200.202406191623/tools/bin/../lib/gcc/arm-none-eabi/12.3.1/../../../../arm-none-eabi/bin/ld.exe: warning: Assign1.elf has a LOAD segment with RWX permissions
Finished building target: Assign1.elf
 
arm-none-eabi-size  Assign1.elf 
arm-none-eabi-objdump -h -S Assign1.elf  > "Assign1.list"
   text	   data	    bss	    dec	    hex	filename
  16728	    472	   2072	  19272	   4b48	Assign1.elf
Finished building: default.size.stdout
 
Finished building: Assign1.list
 
10:35:15 **** Incremental Build of configuration Debug for project Assign1 ****
make -j16 all 
arm-none-eabi-gcc "../Src/main.c" -mcpu=cortex-m4 -std=gnu11 -g3 -DSTM32L4 -DSTM32 -DDEBUG -DSTM32L475VGTx -c -O0 -ffunction-sections -fdata-sections -Wall -fstack-usage -fcyclomatic-complexity -MMD -MP -MF"Src/main.d" -MT"Src/main.o" --specs=nano.specs -mfpu=fpv4-sp-d16 -mfloat-abi=soft -mthumb -o "Src/main.o"
../Src/main.c: In function 'main':
../Src/main.c:95:43: warning: excess elements in array initializer
   95 |                 int entry[5] = {1,1,1,1,1,1,1,1};
      |                                           ^
../Src/main.c:95:43: note: (near initialization for 'entry')
../Src/main.c:95:45: warning: excess elements in array initializer
   95 |                 int entry[5] = {1,1,1,1,1,1,1,1};
      |                                             ^
../Src/main.c:95:45: note: (near initialization for 'entry')
../Src/main.c:95:47: warning: excess elements in array initializer
   95 |                 int entry[5] = {1,1,1,1,1,1,1,1};
      |                                               ^
../Src/main.c:95:47: note: (near initialization for 'entry')
../Src/main.c:99:47: warning: excess elements in array initializer
   99 |         int result[F][S] = {{F,S},{0,0},{0,0},{0,0}};
      |                                               ^
../Src/main.c:99:47: note: (near initialization for 'result')
arm-none-eabi-gcc -o "Assign1.elf" @"objects.list"  -lrdimon -mcpu=cortex-m4 -T"C:\Users\dtc20\OneDrive - National University of Singapore\Desktop\Study\PreY2S2 Study\Pre-EE2028\Pre-EE2028\Labs\Lab2\Assign1\Assign1\STM32L475VGTX_FLASH.ld" --specs=nosys.specs -Wl,-Map="Assign1.map" -Wl,--gc-sections -static -specs=rdimon.specs -u _printf_float --specs=nano.specs -mfpu=fpv4-sp-d16 -mfloat-abi=soft -mthumb -u _printf_float -Wl,--start-group -lc -lm -Wl,--end-group
C:/ST/STM32CubeIDE_1.16.1/STM32CubeIDE/plugins/com.st.stm32cube.ide.mcu.externaltools.gnu-tools-for-stm32.12.3.rel1.win32_1.0.200.202406191623/tools/bin/../lib/gcc/arm-none-eabi/12.3.1/../../../../arm-none-eabi/bin/ld.exe: C:/ST/STM32CubeIDE_1.16.1/STM32CubeIDE/plugins/com.st.stm32cube.ide.mcu.externaltools.gnu-tools-for-stm32.12.3.rel1.win32_1.0.200.202406191623/tools/bin/../lib/gcc/arm-none-eabi/12.3.1/../../../../arm-none-eabi/lib/thumb/v7e-m/nofp\libc_nano.a(libc_a-signalr.o): in function `_kill_r':
(.text._kill_r+0xe): warning: _kill is not implemented and will always fail
C:/ST/STM32CubeIDE_1.16.1/STM32CubeIDE/plugins/com.st.stm32cube.ide.mcu.externaltools.gnu-tools-for-stm32.12.3.rel1.win32_1.0.200.202406191623/tools/bin/../lib/gcc/arm-none-eabi/12.3.1/../../../../arm-none-eabi/bin/ld.exe: warning: Assign1.elf has a LOAD segment with RWX permissions
Finished building target: Assign1.elf
 
arm-none-eabi-size  Assign1.elf 
arm-none-eabi-objdump -h -S Assign1.elf  > "Assign1.list"
   text	   data	    bss	    dec	    hex	filename
  16736	    472	   2072	  19280	   4b50	Assign1.elf
Finished building: default.size.stdout
 
Finished building: Assign1.list
 
10:40:58 **** Incremental Build of configuration Debug for project Assign1 ****
make -j16 all 
arm-none-eabi-gcc "../Src/main.c" -mcpu=cortex-m4 -std=gnu11 -g3 -DSTM32L4 -DSTM32 -DDEBUG -DSTM32L475VGTx -c -O0 -ffunction-sections -fdata-sections -Wall -fstack-usage -fcyclomatic-complexity -MMD -MP -MF"Src/main.d" -MT"Src/main.o" --specs=nano.specs -mfpu=fpv4-sp-d16 -mfloat-abi=soft -mthumb -o "Src/main.o"
../Src/main.c: In function 'main':
../Src/main.c:99:47: warning: excess elements in array initializer
   99 |         int result[F][S] = {{F,S},{0,0},{0,0},{0,0}};
      |                                               ^
../Src/main.c:99:47: note: (near initialization for 'result')
arm-none-eabi-gcc -o "Assign1.elf" @"objects.list"  -lrdimon -mcpu=cortex-m4 -T"C:\Users\dtc20\OneDrive - National University of Singapore\Desktop\Study\PreY2S2 Study\Pre-EE2028\Pre-EE2028\Labs\Lab2\Assign1\Assign1\STM32L475VGTX_FLASH.ld" --specs=nosys.specs -Wl,-Map="Assign1.map" -Wl,--gc-sections -static -specs=rdimon.specs -u _printf_float --specs=nano.specs -mfpu=fpv4-sp-d16 -mfloat-abi=soft -mthumb -u _printf_float -Wl,--start-group -lc -lm -Wl,--end-group
C:/ST/STM32CubeIDE_1.16.1/STM32CubeIDE/plugins/com.st.stm32cube.ide.mcu.externaltools.gnu-tools-for-stm32.12.3.rel1.win32_1.0.200.202406191623/tools/bin/../lib/gcc/arm-none-eabi/12.3.1/../../../../arm-none-eabi/bin/ld.exe: C:/ST/STM32CubeIDE_1.16.1/STM32CubeIDE/plugins/com.st.stm32cube.ide.mcu.externaltools.gnu-tools-for-stm32.12.3.rel1.win32_1.0.200.202406191623/tools/bin/../lib/gcc/arm-none-eabi/12.3.1/../../../../arm-none-eabi/lib/thumb/v7e-m/nofp\libc_nano.a(libc_a-signalr.o): in function `_kill_r':
(.text._kill_r+0xe): warning: _kill is not implemented and will always fail
C:/ST/STM32CubeIDE_1.16.1/STM32CubeIDE/plugins/com.st.stm32cube.ide.mcu.externaltools.gnu-tools-for-stm32.12.3.rel1.win32_1.0.200.202406191623/tools/bin/../lib/gcc/arm-none-eabi/12.3.1/../../../../arm-none-eabi/bin/ld.exe: warning: Assign1.elf has a LOAD segment with RWX permissions
Finished building target: Assign1.elf
 
arm-none-eabi-size  Assign1.elf 
arm-none-eabi-objdump -h -S Assign1.elf  > "Assign1.list"
   text	   data	    bss	    dec	    hex	filename
  16752	    472	   2072	  19296	   4b60	Assign1.elf
Finished building: default.size.stdout
 
Finished building: Assign1.list
 
11:15:09 **** Incremental Build of configuration Debug for project Assign1 ****
make -j16 all 
arm-none-eabi-gcc -mcpu=cortex-m4 -g3 -c -x assembler-with-cpp -MMD -MP -MF"Src/asm_func.d" -MT"Src/asm_func.o" --specs=nano.specs -mfpu=fpv4-sp-d16 -mfloat-abi=soft -mthumb -o "Src/asm_func.o" "../Src/asm_func.s"
arm-none-eabi-gcc "../Src/main.c" -mcpu=cortex-m4 -std=gnu11 -g3 -DSTM32L4 -DSTM32 -DDEBUG -DSTM32L475VGTx -c -O0 -ffunction-sections -fdata-sections -Wall -fstack-usage -fcyclomatic-complexity -MMD -MP -MF"Src/main.d" -MT"Src/main.o" --specs=nano.specs -mfpu=fpv4-sp-d16 -mfloat-abi=soft -mthumb -o "Src/main.o"
../Src/main.c: In function 'main':
../Src/main.c:100:41: warning: excess elements in array initializer
  100 |         int result[F][S] = {{F,S},{0,0},{0,0},{0,0}};
      |                                         ^
../Src/main.c:100:41: note: (near initialization for 'result')
../Src/main.c:100:47: warning: excess elements in array initializer
  100 |         int result[F][S] = {{F,S},{0,0},{0,0},{0,0}};
      |                                               ^
../Src/main.c:100:47: note: (near initialization for 'result')
arm-none-eabi-gcc -o "Assign1.elf" @"objects.list"  -lrdimon -mcpu=cortex-m4 -T"C:\Users\dtc20\OneDrive - National University of Singapore\Desktop\Study\PreY2S2 Study\Pre-EE2028\Pre-EE2028\Labs\Lab2\Assign1\Assign1\STM32L475VGTX_FLASH.ld" --specs=nosys.specs -Wl,-Map="Assign1.map" -Wl,--gc-sections -static -specs=rdimon.specs -u _printf_float --specs=nano.specs -mfpu=fpv4-sp-d16 -mfloat-abi=soft -mthumb -u _printf_float -Wl,--start-group -lc -lm -Wl,--end-group
C:/ST/STM32CubeIDE_1.16.1/STM32CubeIDE/plugins/com.st.stm32cube.ide.mcu.externaltools.gnu-tools-for-stm32.12.3.rel1.win32_1.0.200.202406191623/tools/bin/../lib/gcc/arm-none-eabi/12.3.1/../../../../arm-none-eabi/bin/ld.exe: C:/ST/STM32CubeIDE_1.16.1/STM32CubeIDE/plugins/com.st.stm32cube.ide.mcu.externaltools.gnu-tools-for-stm32.12.3.rel1.win32_1.0.200.202406191623/tools/bin/../lib/gcc/arm-none-eabi/12.3.1/../../../../arm-none-eabi/lib/thumb/v7e-m/nofp\libc_nano.a(libc_a-signalr.o): in function `_kill_r':
(.text._kill_r+0xe): warning: _kill is not implemented and will always fail
C:/ST/STM32CubeIDE_1.16.1/STM32CubeIDE/plugins/com.st.stm32cube.ide.mcu.externaltools.gnu-tools-for-stm32.12.3.rel1.win32_1.0.200.202406191623/tools/bin/../lib/gcc/arm-none-eabi/12.3.1/../../../../arm-none-eabi/bin/ld.exe: warning: Assign1.elf has a LOAD segment with RWX permissions
Finished building target: Assign1.elf
 
arm-none-eabi-size  Assign1.elf 
arm-none-eabi-objdump -h -S Assign1.elf  > "Assign1.list"
   text	   data	    bss	    dec	    hex	filename
  16664	    472	   2072	  19208	   4b08	Assign1.elf
Finished building: default.size.stdout
 
Finished building: Assign1.list
 
11:15:36 **** Incremental Build of configuration Debug for project Assign1 ****
make -j16 all 
arm-none-eabi-gcc -mcpu=cortex-m4 -g3 -c -x assembler-with-cpp -MMD -MP -MF"Src/asm_func.d" -MT"Src/asm_func.o" --specs=nano.specs -mfpu=fpv4-sp-d16 -mfloat-abi=soft -mthumb -o "Src/asm_func.o" "../Src/asm_func.s"
arm-none-eabi-gcc -o "Assign1.elf" @"objects.list"  -lrdimon -mcpu=cortex-m4 -T"C:\Users\dtc20\OneDrive - National University of Singapore\Desktop\Study\PreY2S2 Study\Pre-EE2028\Pre-EE2028\Labs\Lab2\Assign1\Assign1\STM32L475VGTX_FLASH.ld" --specs=nosys.specs -Wl,-Map="Assign1.map" -Wl,--gc-sections -static -specs=rdimon.specs -u _printf_float --specs=nano.specs -mfpu=fpv4-sp-d16 -mfloat-abi=soft -mthumb -u _printf_float -Wl,--start-group -lc -lm -Wl,--end-group
C:/ST/STM32CubeIDE_1.16.1/STM32CubeIDE/plugins/com.st.stm32cube.ide.mcu.externaltools.gnu-tools-for-stm32.12.3.rel1.win32_1.0.200.202406191623/tools/bin/../lib/gcc/arm-none-eabi/12.3.1/../../../../arm-none-eabi/bin/ld.exe: C:/ST/STM32CubeIDE_1.16.1/STM32CubeIDE/plugins/com.st.stm32cube.ide.mcu.externaltools.gnu-tools-for-stm32.12.3.rel1.win32_1.0.200.202406191623/tools/bin/../lib/gcc/arm-none-eabi/12.3.1/../../../../arm-none-eabi/lib/thumb/v7e-m/nofp\libc_nano.a(libc_a-signalr.o): in function `_kill_r':
(.text._kill_r+0xe): warning: _kill is not implemented and will always fail
C:/ST/STM32CubeIDE_1.16.1/STM32CubeIDE/plugins/com.st.stm32cube.ide.mcu.externaltools.gnu-tools-for-stm32.12.3.rel1.win32_1.0.200.202406191623/tools/bin/../lib/gcc/arm-none-eabi/12.3.1/../../../../arm-none-eabi/bin/ld.exe: warning: Assign1.elf has a LOAD segment with RWX permissions
Finished building target: Assign1.elf
 
arm-none-eabi-size  Assign1.elf 
arm-none-eabi-objdump -h -S Assign1.elf  > "Assign1.list"
   text	   data	    bss	    dec	    hex	filename
  16664	    472	   2072	  19208	   4b08	Assign1.elf
Finished building: default.size.stdout
 
Finished building: Assign1.list
 
11:15:56 **** Incremental Build of configuration Debug for project Assign1 ****
make -j16 all 
arm-none-eabi-gcc -mcpu=cortex-m4 -g3 -c -x assembler-with-cpp -MMD -MP -MF"Src/asm_func.d" -MT"Src/asm_func.o" --specs=nano.specs -mfpu=fpv4-sp-d16 -mfloat-abi=soft -mthumb -o "Src/asm_func.o" "../Src/asm_func.s"
arm-none-eabi-gcc -o "Assign1.elf" @"objects.list"  -lrdimon -mcpu=cortex-m4 -T"C:\Users\dtc20\OneDrive - National University of Singapore\Desktop\Study\PreY2S2 Study\Pre-EE2028\Pre-EE2028\Labs\Lab2\Assign1\Assign1\STM32L475VGTX_FLASH.ld" --specs=nosys.specs -Wl,-Map="Assign1.map" -Wl,--gc-sections -static -specs=rdimon.specs -u _printf_float --specs=nano.specs -mfpu=fpv4-sp-d16 -mfloat-abi=soft -mthumb -u _printf_float -Wl,--start-group -lc -lm -Wl,--end-group
C:/ST/STM32CubeIDE_1.16.1/STM32CubeIDE/plugins/com.st.stm32cube.ide.mcu.externaltools.gnu-tools-for-stm32.12.3.rel1.win32_1.0.200.202406191623/tools/bin/../lib/gcc/arm-none-eabi/12.3.1/../../../../arm-none-eabi/bin/ld.exe: C:/ST/STM32CubeIDE_1.16.1/STM32CubeIDE/plugins/com.st.stm32cube.ide.mcu.externaltools.gnu-tools-for-stm32.12.3.rel1.win32_1.0.200.202406191623/tools/bin/../lib/gcc/arm-none-eabi/12.3.1/../../../../arm-none-eabi/lib/thumb/v7e-m/nofp\libc_nano.a(libc_a-signalr.o): in function `_kill_r':
(.text._kill_r+0xe): warning: _kill is not implemented and will always fail
C:/ST/STM32CubeIDE_1.16.1/STM32CubeIDE/plugins/com.st.stm32cube.ide.mcu.externaltools.gnu-tools-for-stm32.12.3.rel1.win32_1.0.200.202406191623/tools/bin/../lib/gcc/arm-none-eabi/12.3.1/../../../../arm-none-eabi/bin/ld.exe: warning: Assign1.elf has a LOAD segment with RWX permissions
Finished building target: Assign1.elf
 
arm-none-eabi-size  Assign1.elf 
arm-none-eabi-objdump -h -S Assign1.elf  > "Assign1.list"
   text	   data	    bss	    dec	    hex	filename
  16664	    472	   2072	  19208	   4b08	Assign1.elf
Finished building: default.size.stdout
 
Finished building: Assign1.list
 
11:16:10 **** Incremental Build of configuration Debug for project Assign1 ****
make -j16 all 
arm-none-eabi-gcc -o "Assign1.elf" @"objects.list"  -lrdimon -mcpu=cortex-m4 -T"C:\Users\dtc20\OneDrive - National University of Singapore\Desktop\Study\PreY2S2 Study\Pre-EE2028\Pre-EE2028\Labs\Lab2\Assign1\Assign1\STM32L475VGTX_FLASH.ld" --specs=nosys.specs -Wl,-Map="Assign1.map" -Wl,--gc-sections -static -specs=rdimon.specs -u _printf_float --specs=nano.specs -mfpu=fpv4-sp-d16 -mfloat-abi=soft -mthumb -u _printf_float -Wl,--start-group -lc -lm -Wl,--end-group
C:/ST/STM32CubeIDE_1.16.1/STM32CubeIDE/plugins/com.st.stm32cube.ide.mcu.externaltools.gnu-tools-for-stm32.12.3.rel1.win32_1.0.200.202406191623/tools/bin/../lib/gcc/arm-none-eabi/12.3.1/../../../../arm-none-eabi/bin/ld.exe: C:/ST/STM32CubeIDE_1.16.1/STM32CubeIDE/plugins/com.st.stm32cube.ide.mcu.externaltools.gnu-tools-for-stm32.12.3.rel1.win32_1.0.200.202406191623/tools/bin/../lib/gcc/arm-none-eabi/12.3.1/../../../../arm-none-eabi/lib/thumb/v7e-m/nofp\libc_nano.a(libc_a-signalr.o): in function `_kill_r':
(.text._kill_r+0xe): warning: _kill is not implemented and will always fail
C:/ST/STM32CubeIDE_1.16.1/STM32CubeIDE/plugins/com.st.stm32cube.ide.mcu.externaltools.gnu-tools-for-stm32.12.3.rel1.win32_1.0.200.202406191623/tools/bin/../lib/gcc/arm-none-eabi/12.3.1/../../../../arm-none-eabi/bin/ld.exe: warning: Assign1.elf has a LOAD segment with RWX permissions
Finished building target: Assign1.elf
 
arm-none-eabi-size  Assign1.elf 
arm-none-eabi-objdump -h -S Assign1.elf  > "Assign1.list"
   text	   data	    bss	    dec	    hex	filename
  16664	    472	   2072	  19208	   4b08	Assign1.elf
Finished building: default.size.stdout
 
Finished building: Assign1.list
 
11:19:08 **** Incremental Build of configuration Debug for project Assign1 ****
make -j16 all 
arm-none-eabi-gcc -mcpu=cortex-m4 -g3 -c -x assembler-with-cpp -MMD -MP -MF"Src/asm_func.d" -MT"Src/asm_func.o" --specs=nano.specs -mfpu=fpv4-sp-d16 -mfloat-abi=soft -mthumb -o "Src/asm_func.o" "../Src/asm_func.s"
arm-none-eabi-gcc "../Src/main.c" -mcpu=cortex-m4 -std=gnu11 -g3 -DSTM32L4 -DSTM32 -DDEBUG -DSTM32L475VGTx -c -O0 -ffunction-sections -fdata-sections -Wall -fstack-usage -fcyclomatic-complexity -MMD -MP -MF"Src/main.d" -MT"Src/main.o" --specs=nano.specs -mfpu=fpv4-sp-d16 -mfloat-abi=soft -mthumb -o "Src/main.o"
../Src/main.c: In function 'main':
../Src/main.c:100:47: warning: excess elements in array initializer
  100 |         int result[F][S] = {{F,S},{0,0},{0,0},{0,0}};
      |                                               ^
../Src/main.c:100:47: note: (near initialization for 'result')
../Src/main.c:102:9: error: too many arguments to function 'asm_func'
  102 |         asm_func((int*)building, (int*)entry, (int*)exit, (int*)result,(int*)entrySize);
      |         ^~~~~~~~
../Src/main.c:28:13: note: declared here
   28 | extern void asm_func(int* arg1, int* arg2, int* arg3, int* arg4);
      |             ^~~~~~~~
make: *** [Src/subdir.mk:31: Src/main.o] Error 1
"make -j16 all" terminated with exit code 2. Build might be incomplete.
11:20:20 **** Incremental Build of configuration Debug for project Assign1 ****
make -j16 all 
arm-none-eabi-gcc "../Src/main.c" -mcpu=cortex-m4 -std=gnu11 -g3 -DSTM32L4 -DSTM32 -DDEBUG -DSTM32L475VGTx -c -O0 -ffunction-sections -fdata-sections -Wall -fstack-usage -fcyclomatic-complexity -MMD -MP -MF"Src/main.d" -MT"Src/main.o" --specs=nano.specs -mfpu=fpv4-sp-d16 -mfloat-abi=soft -mthumb -o "Src/main.o"
../Src/main.c: In function 'main':
../Src/main.c:100:47: warning: excess elements in array initializer
  100 |         int result[F][S] = {{F,S},{0,0},{0,0},{0,0}};
      |                                               ^
../Src/main.c:100:47: note: (near initialization for 'result')
arm-none-eabi-gcc -o "Assign1.elf" @"objects.list"  -lrdimon -mcpu=cortex-m4 -T"C:\Users\dtc20\OneDrive - National University of Singapore\Desktop\Study\PreY2S2 Study\Pre-EE2028\Pre-EE2028\Labs\Lab2\Assign1\Assign1\STM32L475VGTX_FLASH.ld" --specs=nosys.specs -Wl,-Map="Assign1.map" -Wl,--gc-sections -static -specs=rdimon.specs -u _printf_float --specs=nano.specs -mfpu=fpv4-sp-d16 -mfloat-abi=soft -mthumb -u _printf_float -Wl,--start-group -lc -lm -Wl,--end-group
C:/ST/STM32CubeIDE_1.16.1/STM32CubeIDE/plugins/com.st.stm32cube.ide.mcu.externaltools.gnu-tools-for-stm32.12.3.rel1.win32_1.0.200.202406191623/tools/bin/../lib/gcc/arm-none-eabi/12.3.1/../../../../arm-none-eabi/bin/ld.exe: C:/ST/STM32CubeIDE_1.16.1/STM32CubeIDE/plugins/com.st.stm32cube.ide.mcu.externaltools.gnu-tools-for-stm32.12.3.rel1.win32_1.0.200.202406191623/tools/bin/../lib/gcc/arm-none-eabi/12.3.1/../../../../arm-none-eabi/lib/thumb/v7e-m/nofp\libc_nano.a(libc_a-signalr.o): in function `_kill_r':
(.text._kill_r+0xe): warning: _kill is not implemented and will always fail
C:/ST/STM32CubeIDE_1.16.1/STM32CubeIDE/plugins/com.st.stm32cube.ide.mcu.externaltools.gnu-tools-for-stm32.12.3.rel1.win32_1.0.200.202406191623/tools/bin/../lib/gcc/arm-none-eabi/12.3.1/../../../../arm-none-eabi/bin/ld.exe: warning: Assign1.elf has a LOAD segment with RWX permissions
Finished building target: Assign1.elf
 
arm-none-eabi-size  Assign1.elf 
arm-none-eabi-objdump -h -S Assign1.elf  > "Assign1.list"
   text	   data	    bss	    dec	    hex	filename
  16760	    472	   2072	  19304	   4b68	Assign1.elf
Finished building: default.size.stdout
 
Finished building: Assign1.list
 
11:20:45 **** Incremental Build of configuration Debug for project Assign1 ****
make -j16 all 
arm-none-eabi-size  Assign1.elf 
   text	   data	    bss	    dec	    hex	filename
  16760	    472	   2072	  19304	   4b68	Assign1.elf
Finished building: default.size.stdout
 
11:23:14 **** Incremental Build of configuration Debug for project Assign1 ****
make -j16 all 
arm-none-eabi-gcc -mcpu=cortex-m4 -g3 -c -x assembler-with-cpp -MMD -MP -MF"Src/asm_func.d" -MT"Src/asm_func.o" --specs=nano.specs -mfpu=fpv4-sp-d16 -mfloat-abi=soft -mthumb -o "Src/asm_func.o" "../Src/asm_func.s"
arm-none-eabi-gcc "../Src/main.c" -mcpu=cortex-m4 -std=gnu11 -g3 -DSTM32L4 -DSTM32 -DDEBUG -DSTM32L475VGTx -c -O0 -ffunction-sections -fdata-sections -Wall -fstack-usage -fcyclomatic-complexity -MMD -MP -MF"Src/main.d" -MT"Src/main.o" --specs=nano.specs -mfpu=fpv4-sp-d16 -mfloat-abi=soft -mthumb -o "Src/main.o"
../Src/main.c: In function 'main':
../Src/main.c:100:47: warning: excess elements in array initializer
  100 |         int result[F][S] = {{F,S},{0,0},{0,0},{0,0}};
      |                                               ^
../Src/main.c:100:47: note: (near initialization for 'result')
arm-none-eabi-gcc -o "Assign1.elf" @"objects.list"  -lrdimon -mcpu=cortex-m4 -T"C:\Users\dtc20\OneDrive - National University of Singapore\Desktop\Study\PreY2S2 Study\Pre-EE2028\Pre-EE2028\Labs\Lab2\Assign1\Assign1\STM32L475VGTX_FLASH.ld" --specs=nosys.specs -Wl,-Map="Assign1.map" -Wl,--gc-sections -static -specs=rdimon.specs -u _printf_float --specs=nano.specs -mfpu=fpv4-sp-d16 -mfloat-abi=soft -mthumb -u _printf_float -Wl,--start-group -lc -lm -Wl,--end-group
C:/ST/STM32CubeIDE_1.16.1/STM32CubeIDE/plugins/com.st.stm32cube.ide.mcu.externaltools.gnu-tools-for-stm32.12.3.rel1.win32_1.0.200.202406191623/tools/bin/../lib/gcc/arm-none-eabi/12.3.1/../../../../arm-none-eabi/bin/ld.exe: C:/ST/STM32CubeIDE_1.16.1/STM32CubeIDE/plugins/com.st.stm32cube.ide.mcu.externaltools.gnu-tools-for-stm32.12.3.rel1.win32_1.0.200.202406191623/tools/bin/../lib/gcc/arm-none-eabi/12.3.1/../../../../arm-none-eabi/lib/thumb/v7e-m/nofp\libc_nano.a(libc_a-signalr.o): in function `_kill_r':
(.text._kill_r+0xe): warning: _kill is not implemented and will always fail
C:/ST/STM32CubeIDE_1.16.1/STM32CubeIDE/plugins/com.st.stm32cube.ide.mcu.externaltools.gnu-tools-for-stm32.12.3.rel1.win32_1.0.200.202406191623/tools/bin/../lib/gcc/arm-none-eabi/12.3.1/../../../../arm-none-eabi/bin/ld.exe: warning: Assign1.elf has a LOAD segment with RWX permissions
Finished building target: Assign1.elf
 
arm-none-eabi-size  Assign1.elf 
arm-none-eabi-objdump -h -S Assign1.elf  > "Assign1.list"
   text	   data	    bss	    dec	    hex	filename
  16760	    472	   2072	  19304	   4b68	Assign1.elf
Finished building: default.size.stdout
 
Finished building: Assign1.list
 
11:32:06 **** Incremental Build of configuration Debug for project Assign1 ****
make -j16 all 
arm-none-eabi-size  Assign1.elf 
   text	   data	    bss	    dec	    hex	filename
  16760	    472	   2072	  19304	   4b68	Assign1.elf
Finished building: default.size.stdout
 
11:36:42 **** Incremental Build of configuration Debug for project Assign1 ****
make -j16 all 
arm-none-eabi-gcc -mcpu=cortex-m4 -g3 -c -x assembler-with-cpp -MMD -MP -MF"Src/asm_func.d" -MT"Src/asm_func.o" --specs=nano.specs -mfpu=fpv4-sp-d16 -mfloat-abi=soft -mthumb -o "Src/asm_func.o" "../Src/asm_func.s"
arm-none-eabi-gcc "../Src/main.c" -mcpu=cortex-m4 -std=gnu11 -g3 -DSTM32L4 -DSTM32 -DDEBUG -DSTM32L475VGTx -c -O0 -ffunction-sections -fdata-sections -Wall -fstack-usage -fcyclomatic-complexity -MMD -MP -MF"Src/main.d" -MT"Src/main.o" --specs=nano.specs -mfpu=fpv4-sp-d16 -mfloat-abi=soft -mthumb -o "Src/main.o"
../Src/main.c: In function 'main':
../Src/main.c:100:47: warning: excess elements in array initializer
  100 |         int result[F][S] = {{F,S},{0,0},{0,0},{0,0}};
      |                                               ^
../Src/main.c:100:47: note: (near initialization for 'result')
arm-none-eabi-gcc -o "Assign1.elf" @"objects.list"  -lrdimon -mcpu=cortex-m4 -T"C:\Users\dtc20\OneDrive - National University of Singapore\Desktop\Study\PreY2S2 Study\Pre-EE2028\Pre-EE2028\Labs\Lab2\Assign1\Assign1\STM32L475VGTX_FLASH.ld" --specs=nosys.specs -Wl,-Map="Assign1.map" -Wl,--gc-sections -static -specs=rdimon.specs -u _printf_float --specs=nano.specs -mfpu=fpv4-sp-d16 -mfloat-abi=soft -mthumb -u _printf_float -Wl,--start-group -lc -lm -Wl,--end-group
C:/ST/STM32CubeIDE_1.16.1/STM32CubeIDE/plugins/com.st.stm32cube.ide.mcu.externaltools.gnu-tools-for-stm32.12.3.rel1.win32_1.0.200.202406191623/tools/bin/../lib/gcc/arm-none-eabi/12.3.1/../../../../arm-none-eabi/bin/ld.exe: C:/ST/STM32CubeIDE_1.16.1/STM32CubeIDE/plugins/com.st.stm32cube.ide.mcu.externaltools.gnu-tools-for-stm32.12.3.rel1.win32_1.0.200.202406191623/tools/bin/../lib/gcc/arm-none-eabi/12.3.1/../../../../arm-none-eabi/lib/thumb/v7e-m/nofp\libc_nano.a(libc_a-signalr.o): in function `_kill_r':
(.text._kill_r+0xe): warning: _kill is not implemented and will always fail
C:/ST/STM32CubeIDE_1.16.1/STM32CubeIDE/plugins/com.st.stm32cube.ide.mcu.externaltools.gnu-tools-for-stm32.12.3.rel1.win32_1.0.200.202406191623/tools/bin/../lib/gcc/arm-none-eabi/12.3.1/../../../../arm-none-eabi/bin/ld.exe: warning: Assign1.elf has a LOAD segment with RWX permissions
Finished building target: Assign1.elf
 
arm-none-eabi-size  Assign1.elf 
arm-none-eabi-objdump -h -S Assign1.elf  > "Assign1.list"
   text	   data	    bss	    dec	    hex	filename
  16760	    472	   2072	  19304	   4b68	Assign1.elf
Finished building: default.size.stdout
 
Finished building: Assign1.list
 
11:37:37 **** Incremental Build of configuration Debug for project Assign1 ****
make -j16 all 
arm-none-eabi-gcc "../Src/main.c" -mcpu=cortex-m4 -std=gnu11 -g3 -DSTM32L4 -DSTM32 -DDEBUG -DSTM32L475VGTx -c -O0 -ffunction-sections -fdata-sections -Wall -fstack-usage -fcyclomatic-complexity -MMD -MP -MF"Src/main.d" -MT"Src/main.o" --specs=nano.specs -mfpu=fpv4-sp-d16 -mfloat-abi=soft -mthumb -o "Src/main.o"
../Src/main.c: In function 'main':
../Src/main.c:100:47: warning: excess elements in array initializer
  100 |         int result[F][S] = {{F,S},{0,0},{0,0},{0,0}};
      |                                               ^
../Src/main.c:100:47: note: (near initialization for 'result')
arm-none-eabi-gcc -o "Assign1.elf" @"objects.list"  -lrdimon -mcpu=cortex-m4 -T"C:\Users\dtc20\OneDrive - National University of Singapore\Desktop\Study\PreY2S2 Study\Pre-EE2028\Pre-EE2028\Labs\Lab2\Assign1\Assign1\STM32L475VGTX_FLASH.ld" --specs=nosys.specs -Wl,-Map="Assign1.map" -Wl,--gc-sections -static -specs=rdimon.specs -u _printf_float --specs=nano.specs -mfpu=fpv4-sp-d16 -mfloat-abi=soft -mthumb -u _printf_float -Wl,--start-group -lc -lm -Wl,--end-group
C:/ST/STM32CubeIDE_1.16.1/STM32CubeIDE/plugins/com.st.stm32cube.ide.mcu.externaltools.gnu-tools-for-stm32.12.3.rel1.win32_1.0.200.202406191623/tools/bin/../lib/gcc/arm-none-eabi/12.3.1/../../../../arm-none-eabi/bin/ld.exe: C:/ST/STM32CubeIDE_1.16.1/STM32CubeIDE/plugins/com.st.stm32cube.ide.mcu.externaltools.gnu-tools-for-stm32.12.3.rel1.win32_1.0.200.202406191623/tools/bin/../lib/gcc/arm-none-eabi/12.3.1/../../../../arm-none-eabi/lib/thumb/v7e-m/nofp\libc_nano.a(libc_a-signalr.o): in function `_kill_r':
(.text._kill_r+0xe): warning: _kill is not implemented and will always fail
C:/ST/STM32CubeIDE_1.16.1/STM32CubeIDE/plugins/com.st.stm32cube.ide.mcu.externaltools.gnu-tools-for-stm32.12.3.rel1.win32_1.0.200.202406191623/tools/bin/../lib/gcc/arm-none-eabi/12.3.1/../../../../arm-none-eabi/bin/ld.exe: warning: Assign1.elf has a LOAD segment with RWX permissions
Finished building target: Assign1.elf
 
arm-none-eabi-size  Assign1.elf 
arm-none-eabi-objdump -h -S Assign1.elf  > "Assign1.list"
   text	   data	    bss	    dec	    hex	filename
  16760	    472	   2072	  19304	   4b68	Assign1.elf
Finished building: default.size.stdout
 
Finished building: Assign1.list
 
11:41:13 **** Incremental Build of configuration Debug for project Assign1 ****
make -j16 all 
arm-none-eabi-gcc -mcpu=cortex-m4 -g3 -c -x assembler-with-cpp -MMD -MP -MF"Src/asm_func.d" -MT"Src/asm_func.o" --specs=nano.specs -mfpu=fpv4-sp-d16 -mfloat-abi=soft -mthumb -o "Src/asm_func.o" "../Src/asm_func.s"
arm-none-eabi-gcc "../Src/main.c" -mcpu=cortex-m4 -std=gnu11 -g3 -DSTM32L4 -DSTM32 -DDEBUG -DSTM32L475VGTx -c -O0 -ffunction-sections -fdata-sections -Wall -fstack-usage -fcyclomatic-complexity -MMD -MP -MF"Src/main.d" -MT"Src/main.o" --specs=nano.specs -mfpu=fpv4-sp-d16 -mfloat-abi=soft -mthumb -o "Src/main.o"
../Src/main.c: In function 'main':
../Src/main.c:100:47: warning: excess elements in array initializer
  100 |         int result[F][S] = {{F,S},{0,0},{0,0},{0,0}};
      |                                               ^
../Src/main.c:100:47: note: (near initialization for 'result')
arm-none-eabi-gcc -o "Assign1.elf" @"objects.list"  -lrdimon -mcpu=cortex-m4 -T"C:\Users\dtc20\OneDrive - National University of Singapore\Desktop\Study\PreY2S2 Study\Pre-EE2028\Pre-EE2028\Labs\Lab2\Assign1\Assign1\STM32L475VGTX_FLASH.ld" --specs=nosys.specs -Wl,-Map="Assign1.map" -Wl,--gc-sections -static -specs=rdimon.specs -u _printf_float --specs=nano.specs -mfpu=fpv4-sp-d16 -mfloat-abi=soft -mthumb -u _printf_float -Wl,--start-group -lc -lm -Wl,--end-group
C:/ST/STM32CubeIDE_1.16.1/STM32CubeIDE/plugins/com.st.stm32cube.ide.mcu.externaltools.gnu-tools-for-stm32.12.3.rel1.win32_1.0.200.202406191623/tools/bin/../lib/gcc/arm-none-eabi/12.3.1/../../../../arm-none-eabi/bin/ld.exe: C:/ST/STM32CubeIDE_1.16.1/STM32CubeIDE/plugins/com.st.stm32cube.ide.mcu.externaltools.gnu-tools-for-stm32.12.3.rel1.win32_1.0.200.202406191623/tools/bin/../lib/gcc/arm-none-eabi/12.3.1/../../../../arm-none-eabi/lib/thumb/v7e-m/nofp\libc_nano.a(libc_a-signalr.o): in function `_kill_r':
(.text._kill_r+0xe): warning: _kill is not implemented and will always fail
C:/ST/STM32CubeIDE_1.16.1/STM32CubeIDE/plugins/com.st.stm32cube.ide.mcu.externaltools.gnu-tools-for-stm32.12.3.rel1.win32_1.0.200.202406191623/tools/bin/../lib/gcc/arm-none-eabi/12.3.1/../../../../arm-none-eabi/bin/ld.exe: warning: Assign1.elf has a LOAD segment with RWX permissions
Finished building target: Assign1.elf
 
arm-none-eabi-size  Assign1.elf 
arm-none-eabi-objdump -h -S Assign1.elf  > "Assign1.list"
   text	   data	    bss	    dec	    hex	filename
  16760	    472	   2072	  19304	   4b68	Assign1.elf
Finished building: default.size.stdout
 
Finished building: Assign1.list
 
11:41:53 **** Incremental Build of configuration Debug for project Assign1 ****
make -j16 all 
arm-none-eabi-gcc "../Src/main.c" -mcpu=cortex-m4 -std=gnu11 -g3 -DSTM32L4 -DSTM32 -DDEBUG -DSTM32L475VGTx -c -O0 -ffunction-sections -fdata-sections -Wall -fstack-usage -fcyclomatic-complexity -MMD -MP -MF"Src/main.d" -MT"Src/main.o" --specs=nano.specs -mfpu=fpv4-sp-d16 -mfloat-abi=soft -mthumb -o "Src/main.o"
arm-none-eabi-gcc -o "Assign1.elf" @"objects.list"  -lrdimon -mcpu=cortex-m4 -T"C:\Users\dtc20\OneDrive - National University of Singapore\Desktop\Study\PreY2S2 Study\Pre-EE2028\Pre-EE2028\Labs\Lab2\Assign1\Assign1\STM32L475VGTX_FLASH.ld" --specs=nosys.specs -Wl,-Map="Assign1.map" -Wl,--gc-sections -static -specs=rdimon.specs -u _printf_float --specs=nano.specs -mfpu=fpv4-sp-d16 -mfloat-abi=soft -mthumb -u _printf_float -Wl,--start-group -lc -lm -Wl,--end-group
C:/ST/STM32CubeIDE_1.16.1/STM32CubeIDE/plugins/com.st.stm32cube.ide.mcu.externaltools.gnu-tools-for-stm32.12.3.rel1.win32_1.0.200.202406191623/tools/bin/../lib/gcc/arm-none-eabi/12.3.1/../../../../arm-none-eabi/bin/ld.exe: C:/ST/STM32CubeIDE_1.16.1/STM32CubeIDE/plugins/com.st.stm32cube.ide.mcu.externaltools.gnu-tools-for-stm32.12.3.rel1.win32_1.0.200.202406191623/tools/bin/../lib/gcc/arm-none-eabi/12.3.1/../../../../arm-none-eabi/lib/thumb/v7e-m/nofp\libc_nano.a(libc_a-signalr.o): in function `_kill_r':
(.text._kill_r+0xe): warning: _kill is not implemented and will always fail
C:/ST/STM32CubeIDE_1.16.1/STM32CubeIDE/plugins/com.st.stm32cube.ide.mcu.externaltools.gnu-tools-for-stm32.12.3.rel1.win32_1.0.200.202406191623/tools/bin/../lib/gcc/arm-none-eabi/12.3.1/../../../../arm-none-eabi/bin/ld.exe: warning: Assign1.elf has a LOAD segment with RWX permissions
Finished building target: Assign1.elf
 
arm-none-eabi-size  Assign1.elf 
arm-none-eabi-objdump -h -S Assign1.elf  > "Assign1.list"
   text	   data	    bss	    dec	    hex	filename
  16760	    472	   2072	  19304	   4b68	Assign1.elf
Finished building: default.size.stdout
 
Finished building: Assign1.list
 
11:43:04 **** Incremental Build of configuration Debug for project Assign1 ****
make -j16 all 
arm-none-eabi-gcc "../Src/main.c" -mcpu=cortex-m4 -std=gnu11 -g3 -DSTM32L4 -DSTM32 -DDEBUG -DSTM32L475VGTx -c -O0 -ffunction-sections -fdata-sections -Wall -fstack-usage -fcyclomatic-complexity -MMD -MP -MF"Src/main.d" -MT"Src/main.o" --specs=nano.specs -mfpu=fpv4-sp-d16 -mfloat-abi=soft -mthumb -o "Src/main.o"
../Src/main.c: In function 'main':
../Src/main.c:89:30: warning: missing braces around initializer [-Wmissing-braces]
   89 |         int building[F][S] = {5};
      |                              ^
      |                               {}
../Src/main.c:100:47: warning: excess elements in array initializer
  100 |         int result[F][S] = {{F,S},{0,0},{0,0},{0,0}};
      |                                               ^
../Src/main.c:100:47: note: (near initialization for 'result')
../Src/main.c:102:72: error: 'entrySize' undeclared (first use in this function)
  102 |         asm_func((int*)building, (int*)entry, (int*)exit, (int*)result,entrySize);
      |                                                                        ^~~~~~~~~
../Src/main.c:102:72: note: each undeclared identifier is reported only once for each function it appears in
make: *** [Src/subdir.mk:31: Src/main.o] Error 1
"make -j16 all" terminated with exit code 2. Build might be incomplete.
11:44:01 **** Incremental Build of configuration Debug for project Assign1 ****
make -j16 all 
arm-none-eabi-gcc "../Src/main.c" -mcpu=cortex-m4 -std=gnu11 -g3 -DSTM32L4 -DSTM32 -DDEBUG -DSTM32L475VGTx -c -O0 -ffunction-sections -fdata-sections -Wall -fstack-usage -fcyclomatic-complexity -MMD -MP -MF"Src/main.d" -MT"Src/main.o" --specs=nano.specs -mfpu=fpv4-sp-d16 -mfloat-abi=soft -mthumb -o "Src/main.o"
../Src/main.c: In function 'main':
../Src/main.c:100:47: warning: excess elements in array initializer
  100 |         int result[F][S] = {{F,S},{0,0},{0,0},{0,0}};
      |                                               ^
../Src/main.c:100:47: note: (near initialization for 'result')
arm-none-eabi-gcc -o "Assign1.elf" @"objects.list"  -lrdimon -mcpu=cortex-m4 -T"C:\Users\dtc20\OneDrive - National University of Singapore\Desktop\Study\PreY2S2 Study\Pre-EE2028\Pre-EE2028\Labs\Lab2\Assign1\Assign1\STM32L475VGTX_FLASH.ld" --specs=nosys.specs -Wl,-Map="Assign1.map" -Wl,--gc-sections -static -specs=rdimon.specs -u _printf_float --specs=nano.specs -mfpu=fpv4-sp-d16 -mfloat-abi=soft -mthumb -u _printf_float -Wl,--start-group -lc -lm -Wl,--end-group
C:/ST/STM32CubeIDE_1.16.1/STM32CubeIDE/plugins/com.st.stm32cube.ide.mcu.externaltools.gnu-tools-for-stm32.12.3.rel1.win32_1.0.200.202406191623/tools/bin/../lib/gcc/arm-none-eabi/12.3.1/../../../../arm-none-eabi/bin/ld.exe: C:/ST/STM32CubeIDE_1.16.1/STM32CubeIDE/plugins/com.st.stm32cube.ide.mcu.externaltools.gnu-tools-for-stm32.12.3.rel1.win32_1.0.200.202406191623/tools/bin/../lib/gcc/arm-none-eabi/12.3.1/../../../../arm-none-eabi/lib/thumb/v7e-m/nofp\libc_nano.a(libc_a-signalr.o): in function `_kill_r':
(.text._kill_r+0xe): warning: _kill is not implemented and will always fail
C:/ST/STM32CubeIDE_1.16.1/STM32CubeIDE/plugins/com.st.stm32cube.ide.mcu.externaltools.gnu-tools-for-stm32.12.3.rel1.win32_1.0.200.202406191623/tools/bin/../lib/gcc/arm-none-eabi/12.3.1/../../../../arm-none-eabi/bin/ld.exe: warning: Assign1.elf has a LOAD segment with RWX permissions
Finished building target: Assign1.elf
 
arm-none-eabi-size  Assign1.elf 
arm-none-eabi-objdump -h -S Assign1.elf  > "Assign1.list"
   text	   data	    bss	    dec	    hex	filename
  16680	    472	   2072	  19224	   4b18	Assign1.elf
Finished building: default.size.stdout
 
Finished building: Assign1.list
 
11:44:55 **** Incremental Build of configuration Debug for project Assign1 ****
make -j16 all 
arm-none-eabi-gcc -mcpu=cortex-m4 -g3 -c -x assembler-with-cpp -MMD -MP -MF"Src/asm_func.d" -MT"Src/asm_func.o" --specs=nano.specs -mfpu=fpv4-sp-d16 -mfloat-abi=soft -mthumb -o "Src/asm_func.o" "../Src/asm_func.s"
arm-none-eabi-gcc -o "Assign1.elf" @"objects.list"  -lrdimon -mcpu=cortex-m4 -T"C:\Users\dtc20\OneDrive - National University of Singapore\Desktop\Study\PreY2S2 Study\Pre-EE2028\Pre-EE2028\Labs\Lab2\Assign1\Assign1\STM32L475VGTX_FLASH.ld" --specs=nosys.specs -Wl,-Map="Assign1.map" -Wl,--gc-sections -static -specs=rdimon.specs -u _printf_float --specs=nano.specs -mfpu=fpv4-sp-d16 -mfloat-abi=soft -mthumb -u _printf_float -Wl,--start-group -lc -lm -Wl,--end-group
C:/ST/STM32CubeIDE_1.16.1/STM32CubeIDE/plugins/com.st.stm32cube.ide.mcu.externaltools.gnu-tools-for-stm32.12.3.rel1.win32_1.0.200.202406191623/tools/bin/../lib/gcc/arm-none-eabi/12.3.1/../../../../arm-none-eabi/bin/ld.exe: C:/ST/STM32CubeIDE_1.16.1/STM32CubeIDE/plugins/com.st.stm32cube.ide.mcu.externaltools.gnu-tools-for-stm32.12.3.rel1.win32_1.0.200.202406191623/tools/bin/../lib/gcc/arm-none-eabi/12.3.1/../../../../arm-none-eabi/lib/thumb/v7e-m/nofp\libc_nano.a(libc_a-signalr.o): in function `_kill_r':
(.text._kill_r+0xe): warning: _kill is not implemented and will always fail
C:/ST/STM32CubeIDE_1.16.1/STM32CubeIDE/plugins/com.st.stm32cube.ide.mcu.externaltools.gnu-tools-for-stm32.12.3.rel1.win32_1.0.200.202406191623/tools/bin/../lib/gcc/arm-none-eabi/12.3.1/../../../../arm-none-eabi/bin/ld.exe: warning: Assign1.elf has a LOAD segment with RWX permissions
Finished building target: Assign1.elf
 
arm-none-eabi-size  Assign1.elf 
arm-none-eabi-objdump -h -S Assign1.elf  > "Assign1.list"
   text	   data	    bss	    dec	    hex	filename
  16680	    472	   2072	  19224	   4b18	Assign1.elf
Finished building: default.size.stdout
 
Finished building: Assign1.list
 
11:45:28 **** Incremental Build of configuration Debug for project Assign1 ****
make -j16 all 
arm-none-eabi-gcc "../Src/main.c" -mcpu=cortex-m4 -std=gnu11 -g3 -DSTM32L4 -DSTM32 -DDEBUG -DSTM32L475VGTx -c -O0 -ffunction-sections -fdata-sections -Wall -fstack-usage -fcyclomatic-complexity -MMD -MP -MF"Src/main.d" -MT"Src/main.o" --specs=nano.specs -mfpu=fpv4-sp-d16 -mfloat-abi=soft -mthumb -o "Src/main.o"
../Src/main.c: In function 'main':
../Src/main.c:89:30: warning: missing braces around initializer [-Wmissing-braces]
   89 |         int building[F][S] = {5};
      |                              ^
      |                               {}
../Src/main.c:100:47: warning: excess elements in array initializer
  100 |         int result[F][S] = {{F,S},{0,0},{0,0},{0,0}};
      |                                               ^
../Src/main.c:100:47: note: (near initialization for 'result')
arm-none-eabi-gcc -o "Assign1.elf" @"objects.list"  -lrdimon -mcpu=cortex-m4 -T"C:\Users\dtc20\OneDrive - National University of Singapore\Desktop\Study\PreY2S2 Study\Pre-EE2028\Pre-EE2028\Labs\Lab2\Assign1\Assign1\STM32L475VGTX_FLASH.ld" --specs=nosys.specs -Wl,-Map="Assign1.map" -Wl,--gc-sections -static -specs=rdimon.specs -u _printf_float --specs=nano.specs -mfpu=fpv4-sp-d16 -mfloat-abi=soft -mthumb -u _printf_float -Wl,--start-group -lc -lm -Wl,--end-group
C:/ST/STM32CubeIDE_1.16.1/STM32CubeIDE/plugins/com.st.stm32cube.ide.mcu.externaltools.gnu-tools-for-stm32.12.3.rel1.win32_1.0.200.202406191623/tools/bin/../lib/gcc/arm-none-eabi/12.3.1/../../../../arm-none-eabi/bin/ld.exe: C:/ST/STM32CubeIDE_1.16.1/STM32CubeIDE/plugins/com.st.stm32cube.ide.mcu.externaltools.gnu-tools-for-stm32.12.3.rel1.win32_1.0.200.202406191623/tools/bin/../lib/gcc/arm-none-eabi/12.3.1/../../../../arm-none-eabi/lib/thumb/v7e-m/nofp\libc_nano.a(libc_a-signalr.o): in function `_kill_r':
(.text._kill_r+0xe): warning: _kill is not implemented and will always fail
C:/ST/STM32CubeIDE_1.16.1/STM32CubeIDE/plugins/com.st.stm32cube.ide.mcu.externaltools.gnu-tools-for-stm32.12.3.rel1.win32_1.0.200.202406191623/tools/bin/../lib/gcc/arm-none-eabi/12.3.1/../../../../arm-none-eabi/bin/ld.exe: warning: Assign1.elf has a LOAD segment with RWX permissions
Finished building target: Assign1.elf
 
arm-none-eabi-size  Assign1.elf 
arm-none-eabi-objdump -h -S Assign1.elf  > "Assign1.list"
   text	   data	    bss	    dec	    hex	filename
  16680	    472	   2072	  19224	   4b18	Assign1.elf
Finished building: default.size.stdout
 
Finished building: Assign1.list
 
11:46:03 **** Incremental Build of configuration Debug for project Assign1 ****
make -j16 all 
arm-none-eabi-gcc -mcpu=cortex-m4 -g3 -c -x assembler-with-cpp -MMD -MP -MF"Src/asm_func.d" -MT"Src/asm_func.o" --specs=nano.specs -mfpu=fpv4-sp-d16 -mfloat-abi=soft -mthumb -o "Src/asm_func.o" "../Src/asm_func.s"
arm-none-eabi-gcc -o "Assign1.elf" @"objects.list"  -lrdimon -mcpu=cortex-m4 -T"C:\Users\dtc20\OneDrive - National University of Singapore\Desktop\Study\PreY2S2 Study\Pre-EE2028\Pre-EE2028\Labs\Lab2\Assign1\Assign1\STM32L475VGTX_FLASH.ld" --specs=nosys.specs -Wl,-Map="Assign1.map" -Wl,--gc-sections -static -specs=rdimon.specs -u _printf_float --specs=nano.specs -mfpu=fpv4-sp-d16 -mfloat-abi=soft -mthumb -u _printf_float -Wl,--start-group -lc -lm -Wl,--end-group
C:/ST/STM32CubeIDE_1.16.1/STM32CubeIDE/plugins/com.st.stm32cube.ide.mcu.externaltools.gnu-tools-for-stm32.12.3.rel1.win32_1.0.200.202406191623/tools/bin/../lib/gcc/arm-none-eabi/12.3.1/../../../../arm-none-eabi/bin/ld.exe: C:/ST/STM32CubeIDE_1.16.1/STM32CubeIDE/plugins/com.st.stm32cube.ide.mcu.externaltools.gnu-tools-for-stm32.12.3.rel1.win32_1.0.200.202406191623/tools/bin/../lib/gcc/arm-none-eabi/12.3.1/../../../../arm-none-eabi/lib/thumb/v7e-m/nofp\libc_nano.a(libc_a-signalr.o): in function `_kill_r':
(.text._kill_r+0xe): warning: _kill is not implemented and will always fail
C:/ST/STM32CubeIDE_1.16.1/STM32CubeIDE/plugins/com.st.stm32cube.ide.mcu.externaltools.gnu-tools-for-stm32.12.3.rel1.win32_1.0.200.202406191623/tools/bin/../lib/gcc/arm-none-eabi/12.3.1/../../../../arm-none-eabi/bin/ld.exe: warning: Assign1.elf has a LOAD segment with RWX permissions
Finished building target: Assign1.elf
 
arm-none-eabi-size  Assign1.elf 
arm-none-eabi-objdump -h -S Assign1.elf  > "Assign1.list"
   text	   data	    bss	    dec	    hex	filename
  16680	    472	   2072	  19224	   4b18	Assign1.elf
Finished building: default.size.stdout
 
Finished building: Assign1.list
 
11:46:44 **** Incremental Build of configuration Debug for project Assign1 ****
make -j16 all 
arm-none-eabi-gcc -mcpu=cortex-m4 -g3 -c -x assembler-with-cpp -MMD -MP -MF"Src/asm_func.d" -MT"Src/asm_func.o" --specs=nano.specs -mfpu=fpv4-sp-d16 -mfloat-abi=soft -mthumb -o "Src/asm_func.o" "../Src/asm_func.s"
arm-none-eabi-gcc -o "Assign1.elf" @"objects.list"  -lrdimon -mcpu=cortex-m4 -T"C:\Users\dtc20\OneDrive - National University of Singapore\Desktop\Study\PreY2S2 Study\Pre-EE2028\Pre-EE2028\Labs\Lab2\Assign1\Assign1\STM32L475VGTX_FLASH.ld" --specs=nosys.specs -Wl,-Map="Assign1.map" -Wl,--gc-sections -static -specs=rdimon.specs -u _printf_float --specs=nano.specs -mfpu=fpv4-sp-d16 -mfloat-abi=soft -mthumb -u _printf_float -Wl,--start-group -lc -lm -Wl,--end-group
C:/ST/STM32CubeIDE_1.16.1/STM32CubeIDE/plugins/com.st.stm32cube.ide.mcu.externaltools.gnu-tools-for-stm32.12.3.rel1.win32_1.0.200.202406191623/tools/bin/../lib/gcc/arm-none-eabi/12.3.1/../../../../arm-none-eabi/bin/ld.exe: C:/ST/STM32CubeIDE_1.16.1/STM32CubeIDE/plugins/com.st.stm32cube.ide.mcu.externaltools.gnu-tools-for-stm32.12.3.rel1.win32_1.0.200.202406191623/tools/bin/../lib/gcc/arm-none-eabi/12.3.1/../../../../arm-none-eabi/lib/thumb/v7e-m/nofp\libc_nano.a(libc_a-signalr.o): in function `_kill_r':
(.text._kill_r+0xe): warning: _kill is not implemented and will always fail
C:/ST/STM32CubeIDE_1.16.1/STM32CubeIDE/plugins/com.st.stm32cube.ide.mcu.externaltools.gnu-tools-for-stm32.12.3.rel1.win32_1.0.200.202406191623/tools/bin/../lib/gcc/arm-none-eabi/12.3.1/../../../../arm-none-eabi/bin/ld.exe: warning: Assign1.elf has a LOAD segment with RWX permissions
Finished building target: Assign1.elf
 
arm-none-eabi-size  Assign1.elf 
arm-none-eabi-objdump -h -S Assign1.elf  > "Assign1.list"
   text	   data	    bss	    dec	    hex	filename
  16680	    472	   2072	  19224	   4b18	Assign1.elf
Finished building: default.size.stdout
 
Finished building: Assign1.list
 
11:49:04 **** Incremental Build of configuration Debug for project Assign1 ****
make -j16 all 
arm-none-eabi-gcc -mcpu=cortex-m4 -g3 -c -x assembler-with-cpp -MMD -MP -MF"Src/asm_func.d" -MT"Src/asm_func.o" --specs=nano.specs -mfpu=fpv4-sp-d16 -mfloat-abi=soft -mthumb -o "Src/asm_func.o" "../Src/asm_func.s"
arm-none-eabi-gcc "../Src/main.c" -mcpu=cortex-m4 -std=gnu11 -g3 -DSTM32L4 -DSTM32 -DDEBUG -DSTM32L475VGTx -c -O0 -ffunction-sections -fdata-sections -Wall -fstack-usage -fcyclomatic-complexity -MMD -MP -MF"Src/main.d" -MT"Src/main.o" --specs=nano.specs -mfpu=fpv4-sp-d16 -mfloat-abi=soft -mthumb -o "Src/main.o"
../Src/asm_func.s: Assembler messages:
../Src/asm_func.s:50: Error: cannot represent T32_OFFSET_IMM relocation in this object file format
make: *** [Src/subdir.mk:29: Src/asm_func.o] Error 1
make: *** Waiting for unfinished jobs....
../Src/main.c: In function 'main':
../Src/main.c:100:47: warning: excess elements in array initializer
  100 |         int result[F][S] = {{F,S},{0,0},{0,0},{0,0}};
      |                                               ^
../Src/main.c:100:47: note: (near initialization for 'result')
"make -j16 all" terminated with exit code 2. Build might be incomplete.
11:51:38 **** Incremental Build of configuration Debug for project Assign1 ****
make -j16 all 
arm-none-eabi-gcc -mcpu=cortex-m4 -g3 -c -x assembler-with-cpp -MMD -MP -MF"Src/asm_func.d" -MT"Src/asm_func.o" --specs=nano.specs -mfpu=fpv4-sp-d16 -mfloat-abi=soft -mthumb -o "Src/asm_func.o" "../Src/asm_func.s"
arm-none-eabi-gcc -o "Assign1.elf" @"objects.list"  -lrdimon -mcpu=cortex-m4 -T"C:\Users\dtc20\OneDrive - National University of Singapore\Desktop\Study\PreY2S2 Study\Pre-EE2028\Pre-EE2028\Labs\Lab2\Assign1\Assign1\STM32L475VGTX_FLASH.ld" --specs=nosys.specs -Wl,-Map="Assign1.map" -Wl,--gc-sections -static -specs=rdimon.specs -u _printf_float --specs=nano.specs -mfpu=fpv4-sp-d16 -mfloat-abi=soft -mthumb -u _printf_float -Wl,--start-group -lc -lm -Wl,--end-group
C:/ST/STM32CubeIDE_1.16.1/STM32CubeIDE/plugins/com.st.stm32cube.ide.mcu.externaltools.gnu-tools-for-stm32.12.3.rel1.win32_1.0.200.202406191623/tools/bin/../lib/gcc/arm-none-eabi/12.3.1/../../../../arm-none-eabi/bin/ld.exe: C:/ST/STM32CubeIDE_1.16.1/STM32CubeIDE/plugins/com.st.stm32cube.ide.mcu.externaltools.gnu-tools-for-stm32.12.3.rel1.win32_1.0.200.202406191623/tools/bin/../lib/gcc/arm-none-eabi/12.3.1/../../../../arm-none-eabi/lib/thumb/v7e-m/nofp\libc_nano.a(libc_a-signalr.o): in function `_kill_r':
(.text._kill_r+0xe): warning: _kill is not implemented and will always fail
C:/ST/STM32CubeIDE_1.16.1/STM32CubeIDE/plugins/com.st.stm32cube.ide.mcu.externaltools.gnu-tools-for-stm32.12.3.rel1.win32_1.0.200.202406191623/tools/bin/../lib/gcc/arm-none-eabi/12.3.1/../../../../arm-none-eabi/bin/ld.exe: warning: Assign1.elf has a LOAD segment with RWX permissions
Finished building target: Assign1.elf
 
arm-none-eabi-size  Assign1.elf 
arm-none-eabi-objdump -h -S Assign1.elf  > "Assign1.list"
   text	   data	    bss	    dec	    hex	filename
  16760	    472	   2072	  19304	   4b68	Assign1.elf
Finished building: default.size.stdout
 
Finished building: Assign1.list
 
11:53:35 **** Incremental Build of configuration Debug for project Assign1 ****
make -j16 all 
arm-none-eabi-gcc -mcpu=cortex-m4 -g3 -c -x assembler-with-cpp -MMD -MP -MF"Src/asm_func.d" -MT"Src/asm_func.o" --specs=nano.specs -mfpu=fpv4-sp-d16 -mfloat-abi=soft -mthumb -o "Src/asm_func.o" "../Src/asm_func.s"
arm-none-eabi-gcc -o "Assign1.elf" @"objects.list"  -lrdimon -mcpu=cortex-m4 -T"C:\Users\dtc20\OneDrive - National University of Singapore\Desktop\Study\PreY2S2 Study\Pre-EE2028\Pre-EE2028\Labs\Lab2\Assign1\Assign1\STM32L475VGTX_FLASH.ld" --specs=nosys.specs -Wl,-Map="Assign1.map" -Wl,--gc-sections -static -specs=rdimon.specs -u _printf_float --specs=nano.specs -mfpu=fpv4-sp-d16 -mfloat-abi=soft -mthumb -u _printf_float -Wl,--start-group -lc -lm -Wl,--end-group
C:/ST/STM32CubeIDE_1.16.1/STM32CubeIDE/plugins/com.st.stm32cube.ide.mcu.externaltools.gnu-tools-for-stm32.12.3.rel1.win32_1.0.200.202406191623/tools/bin/../lib/gcc/arm-none-eabi/12.3.1/../../../../arm-none-eabi/bin/ld.exe: C:/ST/STM32CubeIDE_1.16.1/STM32CubeIDE/plugins/com.st.stm32cube.ide.mcu.externaltools.gnu-tools-for-stm32.12.3.rel1.win32_1.0.200.202406191623/tools/bin/../lib/gcc/arm-none-eabi/12.3.1/../../../../arm-none-eabi/lib/thumb/v7e-m/nofp\libc_nano.a(libc_a-signalr.o): in function `_kill_r':
(.text._kill_r+0xe): warning: _kill is not implemented and will always fail
C:/ST/STM32CubeIDE_1.16.1/STM32CubeIDE/plugins/com.st.stm32cube.ide.mcu.externaltools.gnu-tools-for-stm32.12.3.rel1.win32_1.0.200.202406191623/tools/bin/../lib/gcc/arm-none-eabi/12.3.1/../../../../arm-none-eabi/bin/ld.exe: warning: Assign1.elf has a LOAD segment with RWX permissions
Finished building target: Assign1.elf
 
arm-none-eabi-size  Assign1.elf 
arm-none-eabi-objdump -h -S Assign1.elf  > "Assign1.list"
   text	   data	    bss	    dec	    hex	filename
  16760	    472	   2072	  19304	   4b68	Assign1.elf
Finished building: default.size.stdout
 
Finished building: Assign1.list
 
11:55:08 **** Incremental Build of configuration Debug for project Assign1 ****
make -j16 all 
arm-none-eabi-gcc -mcpu=cortex-m4 -g3 -c -x assembler-with-cpp -MMD -MP -MF"Src/asm_func.d" -MT"Src/asm_func.o" --specs=nano.specs -mfpu=fpv4-sp-d16 -mfloat-abi=soft -mthumb -o "Src/asm_func.o" "../Src/asm_func.s"
arm-none-eabi-gcc "../Src/main.c" -mcpu=cortex-m4 -std=gnu11 -g3 -DSTM32L4 -DSTM32 -DDEBUG -DSTM32L475VGTx -c -O0 -ffunction-sections -fdata-sections -Wall -fstack-usage -fcyclomatic-complexity -MMD -MP -MF"Src/main.d" -MT"Src/main.o" --specs=nano.specs -mfpu=fpv4-sp-d16 -mfloat-abi=soft -mthumb -o "Src/main.o"
../Src/main.c: In function 'main':
../Src/main.c:100:47: warning: excess elements in array initializer
  100 |         int result[F][S] = {{F,S},{0,0},{0,0},{0,0}};
      |                                               ^
../Src/main.c:100:47: note: (near initialization for 'result')
arm-none-eabi-gcc -o "Assign1.elf" @"objects.list"  -lrdimon -mcpu=cortex-m4 -T"C:\Users\dtc20\OneDrive - National University of Singapore\Desktop\Study\PreY2S2 Study\Pre-EE2028\Pre-EE2028\Labs\Lab2\Assign1\Assign1\STM32L475VGTX_FLASH.ld" --specs=nosys.specs -Wl,-Map="Assign1.map" -Wl,--gc-sections -static -specs=rdimon.specs -u _printf_float --specs=nano.specs -mfpu=fpv4-sp-d16 -mfloat-abi=soft -mthumb -u _printf_float -Wl,--start-group -lc -lm -Wl,--end-group
C:/ST/STM32CubeIDE_1.16.1/STM32CubeIDE/plugins/com.st.stm32cube.ide.mcu.externaltools.gnu-tools-for-stm32.12.3.rel1.win32_1.0.200.202406191623/tools/bin/../lib/gcc/arm-none-eabi/12.3.1/../../../../arm-none-eabi/bin/ld.exe: C:/ST/STM32CubeIDE_1.16.1/STM32CubeIDE/plugins/com.st.stm32cube.ide.mcu.externaltools.gnu-tools-for-stm32.12.3.rel1.win32_1.0.200.202406191623/tools/bin/../lib/gcc/arm-none-eabi/12.3.1/../../../../arm-none-eabi/lib/thumb/v7e-m/nofp\libc_nano.a(libc_a-signalr.o): in function `_kill_r':
(.text._kill_r+0xe): warning: _kill is not implemented and will always fail
C:/ST/STM32CubeIDE_1.16.1/STM32CubeIDE/plugins/com.st.stm32cube.ide.mcu.externaltools.gnu-tools-for-stm32.12.3.rel1.win32_1.0.200.202406191623/tools/bin/../lib/gcc/arm-none-eabi/12.3.1/../../../../arm-none-eabi/bin/ld.exe: warning: Assign1.elf has a LOAD segment with RWX permissions
Finished building target: Assign1.elf
 
arm-none-eabi-size  Assign1.elf 
arm-none-eabi-objdump -h -S Assign1.elf  > "Assign1.list"
   text	   data	    bss	    dec	    hex	filename
  16760	    472	   2072	  19304	   4b68	Assign1.elf
Finished building: default.size.stdout
 
Finished building: Assign1.list
 
11:58:24 **** Incremental Build of configuration Debug for project Assign1 ****
make -j16 all 
arm-none-eabi-gcc "../Src/main.c" -mcpu=cortex-m4 -std=gnu11 -g3 -DSTM32L4 -DSTM32 -DDEBUG -DSTM32L475VGTx -c -O0 -ffunction-sections -fdata-sections -Wall -fstack-usage -fcyclomatic-complexity -MMD -MP -MF"Src/main.d" -MT"Src/main.o" --specs=nano.specs -mfpu=fpv4-sp-d16 -mfloat-abi=soft -mthumb -o "Src/main.o"
arm-none-eabi-gcc -o "Assign1.elf" @"objects.list"  -lrdimon -mcpu=cortex-m4 -T"C:\Users\dtc20\OneDrive - National University of Singapore\Desktop\Study\PreY2S2 Study\Pre-EE2028\Pre-EE2028\Labs\Lab2\Assign1\Assign1\STM32L475VGTX_FLASH.ld" --specs=nosys.specs -Wl,-Map="Assign1.map" -Wl,--gc-sections -static -specs=rdimon.specs -u _printf_float --specs=nano.specs -mfpu=fpv4-sp-d16 -mfloat-abi=soft -mthumb -u _printf_float -Wl,--start-group -lc -lm -Wl,--end-group
C:/ST/STM32CubeIDE_1.16.1/STM32CubeIDE/plugins/com.st.stm32cube.ide.mcu.externaltools.gnu-tools-for-stm32.12.3.rel1.win32_1.0.200.202406191623/tools/bin/../lib/gcc/arm-none-eabi/12.3.1/../../../../arm-none-eabi/bin/ld.exe: C:/ST/STM32CubeIDE_1.16.1/STM32CubeIDE/plugins/com.st.stm32cube.ide.mcu.externaltools.gnu-tools-for-stm32.12.3.rel1.win32_1.0.200.202406191623/tools/bin/../lib/gcc/arm-none-eabi/12.3.1/../../../../arm-none-eabi/lib/thumb/v7e-m/nofp\libc_nano.a(libc_a-signalr.o): in function `_kill_r':
(.text._kill_r+0xe): warning: _kill is not implemented and will always fail
C:/ST/STM32CubeIDE_1.16.1/STM32CubeIDE/plugins/com.st.stm32cube.ide.mcu.externaltools.gnu-tools-for-stm32.12.3.rel1.win32_1.0.200.202406191623/tools/bin/../lib/gcc/arm-none-eabi/12.3.1/../../../../arm-none-eabi/bin/ld.exe: warning: Assign1.elf has a LOAD segment with RWX permissions
Finished building target: Assign1.elf
 
arm-none-eabi-size  Assign1.elf 
arm-none-eabi-objdump -h -S Assign1.elf  > "Assign1.list"
   text	   data	    bss	    dec	    hex	filename
  16760	    472	   2072	  19304	   4b68	Assign1.elf
Finished building: default.size.stdout
 
Finished building: Assign1.list
 
12:00:01 **** Incremental Build of configuration Debug for project Assign1 ****
make -j16 all 
arm-none-eabi-gcc "../Src/main.c" -mcpu=cortex-m4 -std=gnu11 -g3 -DSTM32L4 -DSTM32 -DDEBUG -DSTM32L475VGTx -c -O0 -ffunction-sections -fdata-sections -Wall -fstack-usage -fcyclomatic-complexity -MMD -MP -MF"Src/main.d" -MT"Src/main.o" --specs=nano.specs -mfpu=fpv4-sp-d16 -mfloat-abi=soft -mthumb -o "Src/main.o"
arm-none-eabi-gcc -o "Assign1.elf" @"objects.list"  -lrdimon -mcpu=cortex-m4 -T"C:\Users\dtc20\OneDrive - National University of Singapore\Desktop\Study\PreY2S2 Study\Pre-EE2028\Pre-EE2028\Labs\Lab2\Assign1\Assign1\STM32L475VGTX_FLASH.ld" --specs=nosys.specs -Wl,-Map="Assign1.map" -Wl,--gc-sections -static -specs=rdimon.specs -u _printf_float --specs=nano.specs -mfpu=fpv4-sp-d16 -mfloat-abi=soft -mthumb -u _printf_float -Wl,--start-group -lc -lm -Wl,--end-group
C:/ST/STM32CubeIDE_1.16.1/STM32CubeIDE/plugins/com.st.stm32cube.ide.mcu.externaltools.gnu-tools-for-stm32.12.3.rel1.win32_1.0.200.202406191623/tools/bin/../lib/gcc/arm-none-eabi/12.3.1/../../../../arm-none-eabi/bin/ld.exe: C:/ST/STM32CubeIDE_1.16.1/STM32CubeIDE/plugins/com.st.stm32cube.ide.mcu.externaltools.gnu-tools-for-stm32.12.3.rel1.win32_1.0.200.202406191623/tools/bin/../lib/gcc/arm-none-eabi/12.3.1/../../../../arm-none-eabi/lib/thumb/v7e-m/nofp\libc_nano.a(libc_a-signalr.o): in function `_kill_r':
(.text._kill_r+0xe): warning: _kill is not implemented and will always fail
C:/ST/STM32CubeIDE_1.16.1/STM32CubeIDE/plugins/com.st.stm32cube.ide.mcu.externaltools.gnu-tools-for-stm32.12.3.rel1.win32_1.0.200.202406191623/tools/bin/../lib/gcc/arm-none-eabi/12.3.1/../../../../arm-none-eabi/bin/ld.exe: warning: Assign1.elf has a LOAD segment with RWX permissions
Finished building target: Assign1.elf
 
arm-none-eabi-size  Assign1.elf 
arm-none-eabi-objdump -h -S Assign1.elf  > "Assign1.list"
   text	   data	    bss	    dec	    hex	filename
  16712	    472	   2072	  19256	   4b38	Assign1.elf
Finished building: default.size.stdout
 
Finished building: Assign1.list
 
12:00:40 **** Incremental Build of configuration Debug for project Assign1 ****
make -j16 all 
arm-none-eabi-gcc "../Src/main.c" -mcpu=cortex-m4 -std=gnu11 -g3 -DSTM32L4 -DSTM32 -DDEBUG -DSTM32L475VGTx -c -O0 -ffunction-sections -fdata-sections -Wall -fstack-usage -fcyclomatic-complexity -MMD -MP -MF"Src/main.d" -MT"Src/main.o" --specs=nano.specs -mfpu=fpv4-sp-d16 -mfloat-abi=soft -mthumb -o "Src/main.o"
arm-none-eabi-gcc -o "Assign1.elf" @"objects.list"  -lrdimon -mcpu=cortex-m4 -T"C:\Users\dtc20\OneDrive - National University of Singapore\Desktop\Study\PreY2S2 Study\Pre-EE2028\Pre-EE2028\Labs\Lab2\Assign1\Assign1\STM32L475VGTX_FLASH.ld" --specs=nosys.specs -Wl,-Map="Assign1.map" -Wl,--gc-sections -static -specs=rdimon.specs -u _printf_float --specs=nano.specs -mfpu=fpv4-sp-d16 -mfloat-abi=soft -mthumb -u _printf_float -Wl,--start-group -lc -lm -Wl,--end-group
C:/ST/STM32CubeIDE_1.16.1/STM32CubeIDE/plugins/com.st.stm32cube.ide.mcu.externaltools.gnu-tools-for-stm32.12.3.rel1.win32_1.0.200.202406191623/tools/bin/../lib/gcc/arm-none-eabi/12.3.1/../../../../arm-none-eabi/bin/ld.exe: C:/ST/STM32CubeIDE_1.16.1/STM32CubeIDE/plugins/com.st.stm32cube.ide.mcu.externaltools.gnu-tools-for-stm32.12.3.rel1.win32_1.0.200.202406191623/tools/bin/../lib/gcc/arm-none-eabi/12.3.1/../../../../arm-none-eabi/lib/thumb/v7e-m/nofp\libc_nano.a(libc_a-signalr.o): in function `_kill_r':
(.text._kill_r+0xe): warning: _kill is not implemented and will always fail
C:/ST/STM32CubeIDE_1.16.1/STM32CubeIDE/plugins/com.st.stm32cube.ide.mcu.externaltools.gnu-tools-for-stm32.12.3.rel1.win32_1.0.200.202406191623/tools/bin/../lib/gcc/arm-none-eabi/12.3.1/../../../../arm-none-eabi/bin/ld.exe: warning: Assign1.elf has a LOAD segment with RWX permissions
Finished building target: Assign1.elf
 
arm-none-eabi-size  Assign1.elf 
arm-none-eabi-objdump -h -S Assign1.elf  > "Assign1.list"
   text	   data	    bss	    dec	    hex	filename
  16712	    472	   2072	  19256	   4b38	Assign1.elf
Finished building: default.size.stdout
 
Finished building: Assign1.list
 
12:01:58 **** Incremental Build of configuration Debug for project Assign1 ****
make -j16 all 
arm-none-eabi-gcc "../Src/main.c" -mcpu=cortex-m4 -std=gnu11 -g3 -DSTM32L4 -DSTM32 -DDEBUG -DSTM32L475VGTx -c -O0 -ffunction-sections -fdata-sections -Wall -fstack-usage -fcyclomatic-complexity -MMD -MP -MF"Src/main.d" -MT"Src/main.o" --specs=nano.specs -mfpu=fpv4-sp-d16 -mfloat-abi=soft -mthumb -o "Src/main.o"
arm-none-eabi-gcc -o "Assign1.elf" @"objects.list"  -lrdimon -mcpu=cortex-m4 -T"C:\Users\dtc20\OneDrive - National University of Singapore\Desktop\Study\PreY2S2 Study\Pre-EE2028\Pre-EE2028\Labs\Lab2\Assign1\Assign1\STM32L475VGTX_FLASH.ld" --specs=nosys.specs -Wl,-Map="Assign1.map" -Wl,--gc-sections -static -specs=rdimon.specs -u _printf_float --specs=nano.specs -mfpu=fpv4-sp-d16 -mfloat-abi=soft -mthumb -u _printf_float -Wl,--start-group -lc -lm -Wl,--end-group
C:/ST/STM32CubeIDE_1.16.1/STM32CubeIDE/plugins/com.st.stm32cube.ide.mcu.externaltools.gnu-tools-for-stm32.12.3.rel1.win32_1.0.200.202406191623/tools/bin/../lib/gcc/arm-none-eabi/12.3.1/../../../../arm-none-eabi/bin/ld.exe: C:/ST/STM32CubeIDE_1.16.1/STM32CubeIDE/plugins/com.st.stm32cube.ide.mcu.externaltools.gnu-tools-for-stm32.12.3.rel1.win32_1.0.200.202406191623/tools/bin/../lib/gcc/arm-none-eabi/12.3.1/../../../../arm-none-eabi/lib/thumb/v7e-m/nofp\libc_nano.a(libc_a-signalr.o): in function `_kill_r':
(.text._kill_r+0xe): warning: _kill is not implemented and will always fail
C:/ST/STM32CubeIDE_1.16.1/STM32CubeIDE/plugins/com.st.stm32cube.ide.mcu.externaltools.gnu-tools-for-stm32.12.3.rel1.win32_1.0.200.202406191623/tools/bin/../lib/gcc/arm-none-eabi/12.3.1/../../../../arm-none-eabi/bin/ld.exe: warning: Assign1.elf has a LOAD segment with RWX permissions
Finished building target: Assign1.elf
 
arm-none-eabi-size  Assign1.elf 
arm-none-eabi-objdump -h -S Assign1.elf  > "Assign1.list"
   text	   data	    bss	    dec	    hex	filename
  16712	    472	   2072	  19256	   4b38	Assign1.elf
Finished building: default.size.stdout
 
Finished building: Assign1.list
 
12:04:27 **** Incremental Build of configuration Debug for project Assign1 ****
make -j16 all 
arm-none-eabi-gcc -mcpu=cortex-m4 -g3 -c -x assembler-with-cpp -MMD -MP -MF"Src/asm_func.d" -MT"Src/asm_func.o" --specs=nano.specs -mfpu=fpv4-sp-d16 -mfloat-abi=soft -mthumb -o "Src/asm_func.o" "../Src/asm_func.s"
arm-none-eabi-gcc -o "Assign1.elf" @"objects.list"  -lrdimon -mcpu=cortex-m4 -T"C:\Users\dtc20\OneDrive - National University of Singapore\Desktop\Study\PreY2S2 Study\Pre-EE2028\Pre-EE2028\Labs\Lab2\Assign1\Assign1\STM32L475VGTX_FLASH.ld" --specs=nosys.specs -Wl,-Map="Assign1.map" -Wl,--gc-sections -static -specs=rdimon.specs -u _printf_float --specs=nano.specs -mfpu=fpv4-sp-d16 -mfloat-abi=soft -mthumb -u _printf_float -Wl,--start-group -lc -lm -Wl,--end-group
C:/ST/STM32CubeIDE_1.16.1/STM32CubeIDE/plugins/com.st.stm32cube.ide.mcu.externaltools.gnu-tools-for-stm32.12.3.rel1.win32_1.0.200.202406191623/tools/bin/../lib/gcc/arm-none-eabi/12.3.1/../../../../arm-none-eabi/bin/ld.exe: C:/ST/STM32CubeIDE_1.16.1/STM32CubeIDE/plugins/com.st.stm32cube.ide.mcu.externaltools.gnu-tools-for-stm32.12.3.rel1.win32_1.0.200.202406191623/tools/bin/../lib/gcc/arm-none-eabi/12.3.1/../../../../arm-none-eabi/lib/thumb/v7e-m/nofp\libc_nano.a(libc_a-signalr.o): in function `_kill_r':
(.text._kill_r+0xe): warning: _kill is not implemented and will always fail
C:/ST/STM32CubeIDE_1.16.1/STM32CubeIDE/plugins/com.st.stm32cube.ide.mcu.externaltools.gnu-tools-for-stm32.12.3.rel1.win32_1.0.200.202406191623/tools/bin/../lib/gcc/arm-none-eabi/12.3.1/../../../../arm-none-eabi/bin/ld.exe: warning: Assign1.elf has a LOAD segment with RWX permissions
Finished building target: Assign1.elf
 
arm-none-eabi-size  Assign1.elf 
arm-none-eabi-objdump -h -S Assign1.elf  > "Assign1.list"
   text	   data	    bss	    dec	    hex	filename
  16712	    472	   2072	  19256	   4b38	Assign1.elf
Finished building: default.size.stdout
 
Finished building: Assign1.list
 
12:04:39 **** Incremental Build of configuration Debug for project Assign1 ****
make -j16 all 
arm-none-eabi-gcc -o "Assign1.elf" @"objects.list"  -lrdimon -mcpu=cortex-m4 -T"C:\Users\dtc20\OneDrive - National University of Singapore\Desktop\Study\PreY2S2 Study\Pre-EE2028\Pre-EE2028\Labs\Lab2\Assign1\Assign1\STM32L475VGTX_FLASH.ld" --specs=nosys.specs -Wl,-Map="Assign1.map" -Wl,--gc-sections -static -specs=rdimon.specs -u _printf_float --specs=nano.specs -mfpu=fpv4-sp-d16 -mfloat-abi=soft -mthumb -u _printf_float -Wl,--start-group -lc -lm -Wl,--end-group
C:/ST/STM32CubeIDE_1.16.1/STM32CubeIDE/plugins/com.st.stm32cube.ide.mcu.externaltools.gnu-tools-for-stm32.12.3.rel1.win32_1.0.200.202406191623/tools/bin/../lib/gcc/arm-none-eabi/12.3.1/../../../../arm-none-eabi/bin/ld.exe: C:/ST/STM32CubeIDE_1.16.1/STM32CubeIDE/plugins/com.st.stm32cube.ide.mcu.externaltools.gnu-tools-for-stm32.12.3.rel1.win32_1.0.200.202406191623/tools/bin/../lib/gcc/arm-none-eabi/12.3.1/../../../../arm-none-eabi/lib/thumb/v7e-m/nofp\libc_nano.a(libc_a-signalr.o): in function `_kill_r':
(.text._kill_r+0xe): warning: _kill is not implemented and will always fail
C:/ST/STM32CubeIDE_1.16.1/STM32CubeIDE/plugins/com.st.stm32cube.ide.mcu.externaltools.gnu-tools-for-stm32.12.3.rel1.win32_1.0.200.202406191623/tools/bin/../lib/gcc/arm-none-eabi/12.3.1/../../../../arm-none-eabi/bin/ld.exe: warning: Assign1.elf has a LOAD segment with RWX permissions
Finished building target: Assign1.elf
 
arm-none-eabi-size  Assign1.elf 
arm-none-eabi-objdump -h -S Assign1.elf  > "Assign1.list"
   text	   data	    bss	    dec	    hex	filename
  16712	    472	   2072	  19256	   4b38	Assign1.elf
Finished building: default.size.stdout
 
Finished building: Assign1.list
 
12:06:04 **** Incremental Build of configuration Debug for project Assign1 ****
make -j16 all 
arm-none-eabi-size  Assign1.elf 
   text	   data	    bss	    dec	    hex	filename
  16712	    472	   2072	  19256	   4b38	Assign1.elf
Finished building: default.size.stdout
 
12:09:45 **** Incremental Build of configuration Debug for project Assign1 ****
make -j16 all 
arm-none-eabi-gcc -mcpu=cortex-m4 -g3 -c -x assembler-with-cpp -MMD -MP -MF"Src/asm_func.d" -MT"Src/asm_func.o" --specs=nano.specs -mfpu=fpv4-sp-d16 -mfloat-abi=soft -mthumb -o "Src/asm_func.o" "../Src/asm_func.s"
arm-none-eabi-gcc "../Src/main.c" -mcpu=cortex-m4 -std=gnu11 -g3 -DSTM32L4 -DSTM32 -DDEBUG -DSTM32L475VGTx -c -O0 -ffunction-sections -fdata-sections -Wall -fstack-usage -fcyclomatic-complexity -MMD -MP -MF"Src/main.d" -MT"Src/main.o" --specs=nano.specs -mfpu=fpv4-sp-d16 -mfloat-abi=soft -mthumb -o "Src/main.o"
arm-none-eabi-gcc -o "Assign1.elf" @"objects.list"  -lrdimon -mcpu=cortex-m4 -T"C:\Users\dtc20\OneDrive - National University of Singapore\Desktop\Study\PreY2S2 Study\Pre-EE2028\Pre-EE2028\Labs\Lab2\Assign1\Assign1\STM32L475VGTX_FLASH.ld" --specs=nosys.specs -Wl,-Map="Assign1.map" -Wl,--gc-sections -static -specs=rdimon.specs -u _printf_float --specs=nano.specs -mfpu=fpv4-sp-d16 -mfloat-abi=soft -mthumb -u _printf_float -Wl,--start-group -lc -lm -Wl,--end-group
C:/ST/STM32CubeIDE_1.16.1/STM32CubeIDE/plugins/com.st.stm32cube.ide.mcu.externaltools.gnu-tools-for-stm32.12.3.rel1.win32_1.0.200.202406191623/tools/bin/../lib/gcc/arm-none-eabi/12.3.1/../../../../arm-none-eabi/bin/ld.exe: C:/ST/STM32CubeIDE_1.16.1/STM32CubeIDE/plugins/com.st.stm32cube.ide.mcu.externaltools.gnu-tools-for-stm32.12.3.rel1.win32_1.0.200.202406191623/tools/bin/../lib/gcc/arm-none-eabi/12.3.1/../../../../arm-none-eabi/lib/thumb/v7e-m/nofp\libc_nano.a(libc_a-signalr.o): in function `_kill_r':
(.text._kill_r+0xe): warning: _kill is not implemented and will always fail
C:/ST/STM32CubeIDE_1.16.1/STM32CubeIDE/plugins/com.st.stm32cube.ide.mcu.externaltools.gnu-tools-for-stm32.12.3.rel1.win32_1.0.200.202406191623/tools/bin/../lib/gcc/arm-none-eabi/12.3.1/../../../../arm-none-eabi/bin/ld.exe: warning: Assign1.elf has a LOAD segment with RWX permissions
C:/ST/STM32CubeIDE_1.16.1/STM32CubeIDE/plugins/com.st.stm32cube.ide.mcu.externaltools.gnu-tools-for-stm32.12.3.rel1.win32_1.0.200.202406191623/tools/bin/../lib/gcc/arm-none-eabi/12.3.1/../../../../arm-none-eabi/bin/ld.exe: ./Src/asm_func.o: in function `continueLoop':
C:/Users/dtc20/OneDrive - National University of Singapore/Desktop/Study/PreY2S2 Study/Pre-EE2028/Pre-EE2028/Labs/Lab2/Assign1/Assign1/Debug/../Src/asm_func.s:50: undefined reference to `R4'
collect2.exe: error: ld returned 1 exit status
make: *** [makefile:63: Assign1.elf] Error 1
"make -j16 all" terminated with exit code 2. Build might be incomplete.
12:11:38 **** Incremental Build of configuration Debug for project Assign1 ****
make -j16 all 
arm-none-eabi-gcc -mcpu=cortex-m4 -g3 -c -x assembler-with-cpp -MMD -MP -MF"Src/asm_func.d" -MT"Src/asm_func.o" --specs=nano.specs -mfpu=fpv4-sp-d16 -mfloat-abi=soft -mthumb -o "Src/asm_func.o" "../Src/asm_func.s"
arm-none-eabi-gcc -o "Assign1.elf" @"objects.list"  -lrdimon -mcpu=cortex-m4 -T"C:\Users\dtc20\OneDrive - National University of Singapore\Desktop\Study\PreY2S2 Study\Pre-EE2028\Pre-EE2028\Labs\Lab2\Assign1\Assign1\STM32L475VGTX_FLASH.ld" --specs=nosys.specs -Wl,-Map="Assign1.map" -Wl,--gc-sections -static -specs=rdimon.specs -u _printf_float --specs=nano.specs -mfpu=fpv4-sp-d16 -mfloat-abi=soft -mthumb -u _printf_float -Wl,--start-group -lc -lm -Wl,--end-group
C:/ST/STM32CubeIDE_1.16.1/STM32CubeIDE/plugins/com.st.stm32cube.ide.mcu.externaltools.gnu-tools-for-stm32.12.3.rel1.win32_1.0.200.202406191623/tools/bin/../lib/gcc/arm-none-eabi/12.3.1/../../../../arm-none-eabi/bin/ld.exe: C:/ST/STM32CubeIDE_1.16.1/STM32CubeIDE/plugins/com.st.stm32cube.ide.mcu.externaltools.gnu-tools-for-stm32.12.3.rel1.win32_1.0.200.202406191623/tools/bin/../lib/gcc/arm-none-eabi/12.3.1/../../../../arm-none-eabi/lib/thumb/v7e-m/nofp\libc_nano.a(libc_a-signalr.o): in function `_kill_r':
(.text._kill_r+0xe): warning: _kill is not implemented and will always fail
C:/ST/STM32CubeIDE_1.16.1/STM32CubeIDE/plugins/com.st.stm32cube.ide.mcu.externaltools.gnu-tools-for-stm32.12.3.rel1.win32_1.0.200.202406191623/tools/bin/../lib/gcc/arm-none-eabi/12.3.1/../../../../arm-none-eabi/bin/ld.exe: warning: Assign1.elf has a LOAD segment with RWX permissions
Finished building target: Assign1.elf
 
arm-none-eabi-size  Assign1.elf 
arm-none-eabi-objdump -h -S Assign1.elf  > "Assign1.list"
   text	   data	    bss	    dec	    hex	filename
  16712	    472	   2072	  19256	   4b38	Assign1.elf
Finished building: default.size.stdout
 
Finished building: Assign1.list
 
12:12:05 **** Incremental Build of configuration Debug for project Assign1 ****
make -j16 all 
arm-none-eabi-gcc -mcpu=cortex-m4 -g3 -c -x assembler-with-cpp -MMD -MP -MF"Src/asm_func.d" -MT"Src/asm_func.o" --specs=nano.specs -mfpu=fpv4-sp-d16 -mfloat-abi=soft -mthumb -o "Src/asm_func.o" "../Src/asm_func.s"
arm-none-eabi-gcc -o "Assign1.elf" @"objects.list"  -lrdimon -mcpu=cortex-m4 -T"C:\Users\dtc20\OneDrive - National University of Singapore\Desktop\Study\PreY2S2 Study\Pre-EE2028\Pre-EE2028\Labs\Lab2\Assign1\Assign1\STM32L475VGTX_FLASH.ld" --specs=nosys.specs -Wl,-Map="Assign1.map" -Wl,--gc-sections -static -specs=rdimon.specs -u _printf_float --specs=nano.specs -mfpu=fpv4-sp-d16 -mfloat-abi=soft -mthumb -u _printf_float -Wl,--start-group -lc -lm -Wl,--end-group
C:/ST/STM32CubeIDE_1.16.1/STM32CubeIDE/plugins/com.st.stm32cube.ide.mcu.externaltools.gnu-tools-for-stm32.12.3.rel1.win32_1.0.200.202406191623/tools/bin/../lib/gcc/arm-none-eabi/12.3.1/../../../../arm-none-eabi/bin/ld.exe: C:/ST/STM32CubeIDE_1.16.1/STM32CubeIDE/plugins/com.st.stm32cube.ide.mcu.externaltools.gnu-tools-for-stm32.12.3.rel1.win32_1.0.200.202406191623/tools/bin/../lib/gcc/arm-none-eabi/12.3.1/../../../../arm-none-eabi/lib/thumb/v7e-m/nofp\libc_nano.a(libc_a-signalr.o): in function `_kill_r':
(.text._kill_r+0xe): warning: _kill is not implemented and will always fail
C:/ST/STM32CubeIDE_1.16.1/STM32CubeIDE/plugins/com.st.stm32cube.ide.mcu.externaltools.gnu-tools-for-stm32.12.3.rel1.win32_1.0.200.202406191623/tools/bin/../lib/gcc/arm-none-eabi/12.3.1/../../../../arm-none-eabi/bin/ld.exe: warning: Assign1.elf has a LOAD segment with RWX permissions
Finished building target: Assign1.elf
 
arm-none-eabi-size  Assign1.elf 
arm-none-eabi-objdump -h -S Assign1.elf  > "Assign1.list"
   text	   data	    bss	    dec	    hex	filename
  16712	    472	   2072	  19256	   4b38	Assign1.elf
Finished building: default.size.stdout
 
Finished building: Assign1.list
 
12:13:20 **** Incremental Build of configuration Debug for project Assign1 ****
make -j16 all 
arm-none-eabi-gcc -mcpu=cortex-m4 -g3 -c -x assembler-with-cpp -MMD -MP -MF"Src/asm_func.d" -MT"Src/asm_func.o" --specs=nano.specs -mfpu=fpv4-sp-d16 -mfloat-abi=soft -mthumb -o "Src/asm_func.o" "../Src/asm_func.s"
../Src/asm_func.s: Assembler messages:
../Src/asm_func.s:44: Error: cannot represent T32_OFFSET_IMM relocation in this object file format
make: *** [Src/subdir.mk:29: Src/asm_func.o] Error 1
"make -j16 all" terminated with exit code 2. Build might be incomplete.
12:15:18 **** Incremental Build of configuration Debug for project Assign1 ****
make -j16 all 
arm-none-eabi-gcc -mcpu=cortex-m4 -g3 -c -x assembler-with-cpp -MMD -MP -MF"Src/asm_func.d" -MT"Src/asm_func.o" --specs=nano.specs -mfpu=fpv4-sp-d16 -mfloat-abi=soft -mthumb -o "Src/asm_func.o" "../Src/asm_func.s"
arm-none-eabi-gcc -o "Assign1.elf" @"objects.list"  -lrdimon -mcpu=cortex-m4 -T"C:\Users\dtc20\OneDrive - National University of Singapore\Desktop\Study\PreY2S2 Study\Pre-EE2028\Pre-EE2028\Labs\Lab2\Assign1\Assign1\STM32L475VGTX_FLASH.ld" --specs=nosys.specs -Wl,-Map="Assign1.map" -Wl,--gc-sections -static -specs=rdimon.specs -u _printf_float --specs=nano.specs -mfpu=fpv4-sp-d16 -mfloat-abi=soft -mthumb -u _printf_float -Wl,--start-group -lc -lm -Wl,--end-group
C:/ST/STM32CubeIDE_1.16.1/STM32CubeIDE/plugins/com.st.stm32cube.ide.mcu.externaltools.gnu-tools-for-stm32.12.3.rel1.win32_1.0.200.202406191623/tools/bin/../lib/gcc/arm-none-eabi/12.3.1/../../../../arm-none-eabi/bin/ld.exe: C:/ST/STM32CubeIDE_1.16.1/STM32CubeIDE/plugins/com.st.stm32cube.ide.mcu.externaltools.gnu-tools-for-stm32.12.3.rel1.win32_1.0.200.202406191623/tools/bin/../lib/gcc/arm-none-eabi/12.3.1/../../../../arm-none-eabi/lib/thumb/v7e-m/nofp\libc_nano.a(libc_a-signalr.o): in function `_kill_r':
(.text._kill_r+0xe): warning: _kill is not implemented and will always fail
C:/ST/STM32CubeIDE_1.16.1/STM32CubeIDE/plugins/com.st.stm32cube.ide.mcu.externaltools.gnu-tools-for-stm32.12.3.rel1.win32_1.0.200.202406191623/tools/bin/../lib/gcc/arm-none-eabi/12.3.1/../../../../arm-none-eabi/bin/ld.exe: warning: Assign1.elf has a LOAD segment with RWX permissions
Finished building target: Assign1.elf
 
arm-none-eabi-size  Assign1.elf 
arm-none-eabi-objdump -h -S Assign1.elf  > "Assign1.list"
   text	   data	    bss	    dec	    hex	filename
  16712	    472	   2072	  19256	   4b38	Assign1.elf
Finished building: default.size.stdout
 
Finished building: Assign1.list
 
12:15:51 **** Incremental Build of configuration Debug for project Assign1 ****
make -j16 all 
arm-none-eabi-size  Assign1.elf 
   text	   data	    bss	    dec	    hex	filename
  16712	    472	   2072	  19256	   4b38	Assign1.elf
Finished building: default.size.stdout
 
17:41:08 **** Incremental Build of configuration Debug for project Assign1 ****
make -j16 all 
arm-none-eabi-gcc -mcpu=cortex-m4 -g3 -c -x assembler-with-cpp -MMD -MP -MF"Src/asm_func.d" -MT"Src/asm_func.o" --specs=nano.specs -mfpu=fpv4-sp-d16 -mfloat-abi=soft -mthumb -o "Src/asm_func.o" "../Src/asm_func.s"
arm-none-eabi-gcc "../Src/main.c" -mcpu=cortex-m4 -std=gnu11 -g3 -DSTM32L4 -DSTM32 -DDEBUG -DSTM32L475VGTx -c -O0 -ffunction-sections -fdata-sections -Wall -fstack-usage -fcyclomatic-complexity -MMD -MP -MF"Src/main.d" -MT"Src/main.o" --specs=nano.specs -mfpu=fpv4-sp-d16 -mfloat-abi=soft -mthumb -o "Src/main.o"
arm-none-eabi-gcc -o "Assign1.elf" @"objects.list"  -lrdimon -mcpu=cortex-m4 -T"C:\Users\dtc20\OneDrive - National University of Singapore\Desktop\Study\PreY2S2 Study\Pre-EE2028\Pre-EE2028\Labs\Lab2\Assign1\Assign1\STM32L475VGTX_FLASH.ld" --specs=nosys.specs -Wl,-Map="Assign1.map" -Wl,--gc-sections -static -specs=rdimon.specs -u _printf_float --specs=nano.specs -mfpu=fpv4-sp-d16 -mfloat-abi=soft -mthumb -u _printf_float -Wl,--start-group -lc -lm -Wl,--end-group
C:/ST/STM32CubeIDE_1.16.1/STM32CubeIDE/plugins/com.st.stm32cube.ide.mcu.externaltools.gnu-tools-for-stm32.12.3.rel1.win32_1.0.200.202406191623/tools/bin/../lib/gcc/arm-none-eabi/12.3.1/../../../../arm-none-eabi/bin/ld.exe: C:/ST/STM32CubeIDE_1.16.1/STM32CubeIDE/plugins/com.st.stm32cube.ide.mcu.externaltools.gnu-tools-for-stm32.12.3.rel1.win32_1.0.200.202406191623/tools/bin/../lib/gcc/arm-none-eabi/12.3.1/../../../../arm-none-eabi/lib/thumb/v7e-m/nofp\libc_nano.a(libc_a-signalr.o): in function `_kill_r':
(.text._kill_r+0xe): warning: _kill is not implemented and will always fail
C:/ST/STM32CubeIDE_1.16.1/STM32CubeIDE/plugins/com.st.stm32cube.ide.mcu.externaltools.gnu-tools-for-stm32.12.3.rel1.win32_1.0.200.202406191623/tools/bin/../lib/gcc/arm-none-eabi/12.3.1/../../../../arm-none-eabi/bin/ld.exe: warning: Assign1.elf has a LOAD segment with RWX permissions
Finished building target: Assign1.elf
 
arm-none-eabi-size  Assign1.elf 
arm-none-eabi-objdump -h -S Assign1.elf  > "Assign1.list"
   text	   data	    bss	    dec	    hex	filename
  16712	    472	   2072	  19256	   4b38	Assign1.elf
Finished building: default.size.stdout
 
Finished building: Assign1.list
 
17:42:03 **** Incremental Build of configuration Debug for project Assign1 ****
make -j16 all 
arm-none-eabi-gcc -mcpu=cortex-m4 -g3 -c -x assembler-with-cpp -MMD -MP -MF"Src/asm_func.d" -MT"Src/asm_func.o" --specs=nano.specs -mfpu=fpv4-sp-d16 -mfloat-abi=soft -mthumb -o "Src/asm_func.o" "../Src/asm_func.s"
../Src/asm_func.s: Assembler messages:
../Src/asm_func.s:4: Error: Thumb does not support this addressing mode -- `ldr R4,[R1],#4'
../Src/asm_func.s:6: Error: instruction not supported in Thumb16 mode -- `subs R6,#1'
../Src/asm_func.s:10: Error: only lo regs allowed with immediate -- `mov R8,#12'
../Src/asm_func.s:12: Error: Thumb does not support this addressing mode -- `ldr R4,[R0],#4'
../Src/asm_func.s:13: Error: lo register required -- `ldr R9,[R2],#4'
../Src/asm_func.s:14: Error: lo register required -- `sub R5,R8,R4'
../Src/asm_func.s:17: Error: Thumb does not support conditional execution
../Src/asm_func.s:18: Error: Thumb does not support conditional execution
../Src/asm_func.s:19: Error: Thumb does not support conditional execution
../Src/asm_func.s:20: Error: Thumb does not support conditional execution
../Src/asm_func.s:22: Error: bad arguments to instruction -- `cmp R7 R5'
../Src/asm_func.s:23: Error: IT falling in the range of a previous IT block -- `it MI'
../Src/asm_func.s:24: Error: Thumb does not support conditional execution
../Src/asm_func.s:27: Error: instruction not allowed in IT block -- `sub R6,#1'
../Src/asm_func.s:28: Error: instruction not allowed in IT block -- `str R4,[R3],#4'
../Src/asm_func.s:29: Error: incorrect condition in IT block -- `bne LOOP2'
../Src/asm_func.s:33: Error: invalid register list to push/pop instruction -- `pop {R4-R9,R14}'
make: *** [Src/subdir.mk:29: Src/asm_func.o] Error 1
"make -j16 all" terminated with exit code 2. Build might be incomplete.
17:42:46 **** Incremental Build of configuration Debug for project Assign1 ****
make -j16 all 
arm-none-eabi-gcc -mcpu=cortex-m4 -g3 -c -x assembler-with-cpp -MMD -MP -MF"Src/asm_func.d" -MT"Src/asm_func.o" --specs=nano.specs -mfpu=fpv4-sp-d16 -mfloat-abi=soft -mthumb -o "Src/asm_func.o" "../Src/asm_func.s"
arm-none-eabi-gcc "../Src/main.c" -mcpu=cortex-m4 -std=gnu11 -g3 -DSTM32L4 -DSTM32 -DDEBUG -DSTM32L475VGTx -c -O0 -ffunction-sections -fdata-sections -Wall -fstack-usage -fcyclomatic-complexity -MMD -MP -MF"Src/main.d" -MT"Src/main.o" --specs=nano.specs -mfpu=fpv4-sp-d16 -mfloat-abi=soft -mthumb -o "Src/main.o"
../Src/asm_func.s: Assembler messages:
../Src/asm_func.s:4: Error: Thumb does not support this addressing mode -- `ldr R4,[R1],#4'
../Src/asm_func.s:6: Error: instruction not supported in Thumb16 mode -- `subs R6,#1'
../Src/asm_func.s:10: Error: only lo regs allowed with immediate -- `mov R8,#12'
../Src/asm_func.s:12: Error: Thumb does not support this addressing mode -- `ldr R4,[R0],#4'
../Src/asm_func.s:13: Error: lo register required -- `ldr R9,[R2],#4'
../Src/asm_func.s:14: Error: lo register required -- `sub R5,R8,R4'
../Src/asm_func.s:17: Error: Thumb does not support conditional execution
../Src/asm_func.s:18: Error: Thumb does not support conditional execution
../Src/asm_func.s:19: Error: Thumb does not support conditional execution
../Src/asm_func.s:20: Error: Thumb does not support conditional execution
../Src/asm_func.s:22: Error: bad arguments to instruction -- `cmp R7 R5'
../Src/asm_func.s:23: Error: IT falling in the range of a previous IT block -- `it MI'
../Src/asm_func.s:24: Error: Thumb does not support conditional execution
../Src/asm_func.s:27: Error: instruction not allowed in IT block -- `sub R6,#1'
../Src/asm_func.s:28: Error: instruction not allowed in IT block -- `str R4,[R3],#4'
../Src/asm_func.s:29: Error: incorrect condition in IT block -- `bne LOOP2'
../Src/asm_func.s:33: Error: invalid register list to push/pop instruction -- `pop {R4-R9,R14}'
../Src/main.c: In function 'main':
../Src/main.c:100:65: error: 'result' undeclared (first use in this function)
  100 |         asm_func((int*)building, (int*)entry, (int*)exit, (int*)result);
      |                                                                 ^~~~~~
../Src/main.c:100:65: note: each undeclared identifier is reported only once for each function it appears in
make: *** [Src/subdir.mk:29: Src/asm_func.o] Error 1
make: *** Waiting for unfinished jobs....
make: *** [Src/subdir.mk:31: Src/main.o] Error 1
"make -j16 all" terminated with exit code 2. Build might be incomplete.
17:43:13 **** Incremental Build of configuration Debug for project Assign1 ****
make -j16 all 
arm-none-eabi-gcc -mcpu=cortex-m4 -g3 -c -x assembler-with-cpp -MMD -MP -MF"Src/asm_func.d" -MT"Src/asm_func.o" --specs=nano.specs -mfpu=fpv4-sp-d16 -mfloat-abi=soft -mthumb -o "Src/asm_func.o" "../Src/asm_func.s"
arm-none-eabi-gcc "../Src/main.c" -mcpu=cortex-m4 -std=gnu11 -g3 -DSTM32L4 -DSTM32 -DDEBUG -DSTM32L475VGTx -c -O0 -ffunction-sections -fdata-sections -Wall -fstack-usage -fcyclomatic-complexity -MMD -MP -MF"Src/main.d" -MT"Src/main.o" --specs=nano.specs -mfpu=fpv4-sp-d16 -mfloat-abi=soft -mthumb -o "Src/main.o"
../Src/asm_func.s: Assembler messages:
../Src/asm_func.s:4: Error: Thumb does not support this addressing mode -- `ldr R4,[R1],#4'
../Src/asm_func.s:6: Error: instruction not supported in Thumb16 mode -- `subs R6,#1'
../Src/asm_func.s:10: Error: only lo regs allowed with immediate -- `mov R8,#12'
../Src/asm_func.s:12: Error: Thumb does not support this addressing mode -- `ldr R4,[R0],#4'
../Src/asm_func.s:13: Error: lo register required -- `ldr R9,[R2],#4'
../Src/asm_func.s:14: Error: lo register required -- `sub R5,R8,R4'
../Src/asm_func.s:17: Error: Thumb does not support conditional execution
../Src/asm_func.s:18: Error: Thumb does not support conditional execution
../Src/asm_func.s:19: Error: Thumb does not support conditional execution
../Src/asm_func.s:20: Error: Thumb does not support conditional execution
../Src/asm_func.s:22: Error: bad arguments to instruction -- `cmp R7 R5'
../Src/asm_func.s:23: Error: IT falling in the range of a previous IT block -- `it MI'
../Src/asm_func.s:24: Error: Thumb does not support conditional execution
../Src/asm_func.s:27: Error: instruction not allowed in IT block -- `sub R6,#1'
../Src/asm_func.s:28: Error: instruction not allowed in IT block -- `str R4,[R3],#4'
../Src/asm_func.s:29: Error: incorrect condition in IT block -- `bne LOOP2'
../Src/asm_func.s:33: Error: invalid register list to push/pop instruction -- `pop {R4-R9,R14}'
make: *** [Src/subdir.mk:29: Src/asm_func.o] Error 1
make: *** Waiting for unfinished jobs....
"make -j16 all" terminated with exit code 2. Build might be incomplete.
17:44:03 **** Incremental Build of configuration Debug for project Assign1 ****
make -j16 all 
arm-none-eabi-gcc -mcpu=cortex-m4 -g3 -c -x assembler-with-cpp -MMD -MP -MF"Src/asm_func.d" -MT"Src/asm_func.o" --specs=nano.specs -mfpu=fpv4-sp-d16 -mfloat-abi=soft -mthumb -o "Src/asm_func.o" "../Src/asm_func.s"
../Src/asm_func.s: Assembler messages:
../Src/asm_func.s:66: Error: bad arguments to instruction -- `cmp R7 R5'
make: *** [Src/subdir.mk:29: Src/asm_func.o] Error 1
"make -j16 all" terminated with exit code 2. Build might be incomplete.
17:44:12 **** Incremental Build of configuration Debug for project Assign1 ****
make -j16 all 
arm-none-eabi-gcc -mcpu=cortex-m4 -g3 -c -x assembler-with-cpp -MMD -MP -MF"Src/asm_func.d" -MT"Src/asm_func.o" --specs=nano.specs -mfpu=fpv4-sp-d16 -mfloat-abi=soft -mthumb -o "Src/asm_func.o" "../Src/asm_func.s"
arm-none-eabi-gcc -o "Assign1.elf" @"objects.list"  -lrdimon -mcpu=cortex-m4 -T"C:\Users\dtc20\OneDrive - National University of Singapore\Desktop\Study\PreY2S2 Study\Pre-EE2028\Pre-EE2028\Labs\Lab2\Assign1\Assign1\STM32L475VGTX_FLASH.ld" --specs=nosys.specs -Wl,-Map="Assign1.map" -Wl,--gc-sections -static -specs=rdimon.specs -u _printf_float --specs=nano.specs -mfpu=fpv4-sp-d16 -mfloat-abi=soft -mthumb -u _printf_float -Wl,--start-group -lc -lm -Wl,--end-group
C:/ST/STM32CubeIDE_1.16.1/STM32CubeIDE/plugins/com.st.stm32cube.ide.mcu.externaltools.gnu-tools-for-stm32.12.3.rel1.win32_1.0.200.202406191623/tools/bin/../lib/gcc/arm-none-eabi/12.3.1/../../../../arm-none-eabi/bin/ld.exe: C:/ST/STM32CubeIDE_1.16.1/STM32CubeIDE/plugins/com.st.stm32cube.ide.mcu.externaltools.gnu-tools-for-stm32.12.3.rel1.win32_1.0.200.202406191623/tools/bin/../lib/gcc/arm-none-eabi/12.3.1/../../../../arm-none-eabi/lib/thumb/v7e-m/nofp\libc_nano.a(libc_a-signalr.o): in function `_kill_r':
(.text._kill_r+0xe): warning: _kill is not implemented and will always fail
C:/ST/STM32CubeIDE_1.16.1/STM32CubeIDE/plugins/com.st.stm32cube.ide.mcu.externaltools.gnu-tools-for-stm32.12.3.rel1.win32_1.0.200.202406191623/tools/bin/../lib/gcc/arm-none-eabi/12.3.1/../../../../arm-none-eabi/bin/ld.exe: warning: Assign1.elf has a LOAD segment with RWX permissions
Finished building target: Assign1.elf
 
arm-none-eabi-size  Assign1.elf 
arm-none-eabi-objdump -h -S Assign1.elf  > "Assign1.list"
   text	   data	    bss	    dec	    hex	filename
  16720	    472	   2072	  19264	   4b40	Assign1.elf
Finished building: default.size.stdout
 
Finished building: Assign1.list
 
17:45:07 **** Incremental Build of configuration Debug for project Assign1 ****
make -j16 all 
arm-none-eabi-gcc -mcpu=cortex-m4 -g3 -c -x assembler-with-cpp -MMD -MP -MF"Src/asm_func.d" -MT"Src/asm_func.o" --specs=nano.specs -mfpu=fpv4-sp-d16 -mfloat-abi=soft -mthumb -o "Src/asm_func.o" "../Src/asm_func.s"
arm-none-eabi-gcc -o "Assign1.elf" @"objects.list"  -lrdimon -mcpu=cortex-m4 -T"C:\Users\dtc20\OneDrive - National University of Singapore\Desktop\Study\PreY2S2 Study\Pre-EE2028\Pre-EE2028\Labs\Lab2\Assign1\Assign1\STM32L475VGTX_FLASH.ld" --specs=nosys.specs -Wl,-Map="Assign1.map" -Wl,--gc-sections -static -specs=rdimon.specs -u _printf_float --specs=nano.specs -mfpu=fpv4-sp-d16 -mfloat-abi=soft -mthumb -u _printf_float -Wl,--start-group -lc -lm -Wl,--end-group
C:/ST/STM32CubeIDE_1.16.1/STM32CubeIDE/plugins/com.st.stm32cube.ide.mcu.externaltools.gnu-tools-for-stm32.12.3.rel1.win32_1.0.200.202406191623/tools/bin/../lib/gcc/arm-none-eabi/12.3.1/../../../../arm-none-eabi/bin/ld.exe: C:/ST/STM32CubeIDE_1.16.1/STM32CubeIDE/plugins/com.st.stm32cube.ide.mcu.externaltools.gnu-tools-for-stm32.12.3.rel1.win32_1.0.200.202406191623/tools/bin/../lib/gcc/arm-none-eabi/12.3.1/../../../../arm-none-eabi/lib/thumb/v7e-m/nofp\libc_nano.a(libc_a-signalr.o): in function `_kill_r':
(.text._kill_r+0xe): warning: _kill is not implemented and will always fail
C:/ST/STM32CubeIDE_1.16.1/STM32CubeIDE/plugins/com.st.stm32cube.ide.mcu.externaltools.gnu-tools-for-stm32.12.3.rel1.win32_1.0.200.202406191623/tools/bin/../lib/gcc/arm-none-eabi/12.3.1/../../../../arm-none-eabi/bin/ld.exe: warning: Assign1.elf has a LOAD segment with RWX permissions
Finished building target: Assign1.elf
 
arm-none-eabi-size  Assign1.elf 
arm-none-eabi-objdump -h -S Assign1.elf  > "Assign1.list"
   text	   data	    bss	    dec	    hex	filename
  16736	    472	   2072	  19280	   4b50	Assign1.elf
Finished building: default.size.stdout
 
Finished building: Assign1.list
 
21:21:11 **** Incremental Build of configuration Debug for project Assign1 ****
make -j16 all 
arm-none-eabi-gcc -mcpu=cortex-m4 -g3 -c -x assembler-with-cpp -MMD -MP -MF"Src/asm_func.d" -MT"Src/asm_func.o" --specs=nano.specs -mfpu=fpv4-sp-d16 -mfloat-abi=soft -mthumb -o "Src/asm_func.o" "../Src/asm_func.s"
arm-none-eabi-gcc -o "Assign1.elf" @"objects.list"  -lrdimon -mcpu=cortex-m4 -T"C:\Users\dtc20\OneDrive - National University of Singapore\Desktop\Study\PreY2S2 Study\Pre-EE2028\Pre-EE2028\Labs\Lab2\Assign1\Assign1\STM32L475VGTX_FLASH.ld" --specs=nosys.specs -Wl,-Map="Assign1.map" -Wl,--gc-sections -static -specs=rdimon.specs -u _printf_float --specs=nano.specs -mfpu=fpv4-sp-d16 -mfloat-abi=soft -mthumb -u _printf_float -Wl,--start-group -lc -lm -Wl,--end-group
C:/ST/STM32CubeIDE_1.16.1/STM32CubeIDE/plugins/com.st.stm32cube.ide.mcu.externaltools.gnu-tools-for-stm32.12.3.rel1.win32_1.0.200.202406191623/tools/bin/../lib/gcc/arm-none-eabi/12.3.1/../../../../arm-none-eabi/bin/ld.exe: C:/ST/STM32CubeIDE_1.16.1/STM32CubeIDE/plugins/com.st.stm32cube.ide.mcu.externaltools.gnu-tools-for-stm32.12.3.rel1.win32_1.0.200.202406191623/tools/bin/../lib/gcc/arm-none-eabi/12.3.1/../../../../arm-none-eabi/lib/thumb/v7e-m/nofp\libc_nano.a(libc_a-signalr.o): in function `_kill_r':
(.text._kill_r+0xe): warning: _kill is not implemented and will always fail
C:/ST/STM32CubeIDE_1.16.1/STM32CubeIDE/plugins/com.st.stm32cube.ide.mcu.externaltools.gnu-tools-for-stm32.12.3.rel1.win32_1.0.200.202406191623/tools/bin/../lib/gcc/arm-none-eabi/12.3.1/../../../../arm-none-eabi/bin/ld.exe: warning: Assign1.elf has a LOAD segment with RWX permissions
Finished building target: Assign1.elf
 
arm-none-eabi-size  Assign1.elf 
arm-none-eabi-objdump -h -S Assign1.elf  > "Assign1.list"
   text	   data	    bss	    dec	    hex	filename
  16736	    472	   2072	  19280	   4b50	Assign1.elf
Finished building: default.size.stdout
 
Finished building: Assign1.list
 
21:22:09 **** Incremental Build of configuration Debug for project Assign1 ****
make -j16 all 
arm-none-eabi-gcc "../Src/main.c" -mcpu=cortex-m4 -std=gnu11 -g3 -DSTM32L4 -DSTM32 -DDEBUG -DSTM32L475VGTx -c -O0 -ffunction-sections -fdata-sections -Wall -fstack-usage -fcyclomatic-complexity -MMD -MP -MF"Src/main.d" -MT"Src/main.o" --specs=nano.specs -mfpu=fpv4-sp-d16 -mfloat-abi=soft -mthumb -o "Src/main.o"
../Src/main.c: In function 'main':
../Src/main.c:37:43: warning: excess elements in array initializer
   37 |         int building[F][S] = {{8,8},{8,8},{8,8}};
      |                                           ^
../Src/main.c:37:43: note: (near initialization for 'building')
../Src/main.c:39:39: warning: excess elements in array initializer
   39 |         int exit[F][S] = {{1,2},{2,3},{3,4}};
      |                                       ^
../Src/main.c:39:39: note: (near initialization for 'exit')
../Src/main.c:84:21: error: redefinition of 'building'
   84 |                 int building[F][S] = {{8,8},{8,8}};
      |                     ^~~~~~~~
../Src/main.c:37:13: note: previous definition of 'building' with type 'int[2][2]'
   37 |         int building[F][S] = {{8,8},{8,8},{8,8}};
      |             ^~~~~~~~
../Src/main.c:85:21: error: redefinition of 'entry'
   85 |                 int entry[5] = {0,0,0,0,0};
      |                     ^~~~~
../Src/main.c:38:13: note: previous definition of 'entry' with type 'int[5]'
   38 |         int entry[5] = {1,2,3,4,5};
      |             ^~~~~
../Src/main.c:86:21: error: redefinition of 'exit'
   86 |                 int exit[F][S] = {{1,1},{1,1}};
      |                     ^~~~
../Src/main.c:39:13: note: previous definition of 'exit' with type 'int[2][2]'
   39 |         int exit[F][S] = {{1,2},{2,3},{3,4}};
      |             ^~~~
../Src/main.c:99:41: warning: excess elements in array initializer
   99 |         int result[F][S] = {{F,S},{0,0},{0,0}};
      |                                         ^
../Src/main.c:99:41: note: (near initialization for 'result')
make: *** [Src/subdir.mk:31: Src/main.o] Error 1
"make -j16 all" terminated with exit code 2. Build might be incomplete.
21:22:29 **** Incremental Build of configuration Debug for project Assign1 ****
make -j16 all 
arm-none-eabi-gcc "../Src/main.c" -mcpu=cortex-m4 -std=gnu11 -g3 -DSTM32L4 -DSTM32 -DDEBUG -DSTM32L475VGTx -c -O0 -ffunction-sections -fdata-sections -Wall -fstack-usage -fcyclomatic-complexity -MMD -MP -MF"Src/main.d" -MT"Src/main.o" --specs=nano.specs -mfpu=fpv4-sp-d16 -mfloat-abi=soft -mthumb -o "Src/main.o"
../Src/main.c: In function 'main':
../Src/main.c:99:41: warning: excess elements in array initializer
   99 |         int result[F][S] = {{F,S},{0,0},{0,0}};
      |                                         ^
../Src/main.c:99:41: note: (near initialization for 'result')
arm-none-eabi-gcc -o "Assign1.elf" @"objects.list"  -lrdimon -mcpu=cortex-m4 -T"C:\Users\dtc20\OneDrive - National University of Singapore\Desktop\Study\PreY2S2 Study\Pre-EE2028\Pre-EE2028\Labs\Lab2\Assign1\Assign1\STM32L475VGTX_FLASH.ld" --specs=nosys.specs -Wl,-Map="Assign1.map" -Wl,--gc-sections -static -specs=rdimon.specs -u _printf_float --specs=nano.specs -mfpu=fpv4-sp-d16 -mfloat-abi=soft -mthumb -u _printf_float -Wl,--start-group -lc -lm -Wl,--end-group
C:/ST/STM32CubeIDE_1.16.1/STM32CubeIDE/plugins/com.st.stm32cube.ide.mcu.externaltools.gnu-tools-for-stm32.12.3.rel1.win32_1.0.200.202406191623/tools/bin/../lib/gcc/arm-none-eabi/12.3.1/../../../../arm-none-eabi/bin/ld.exe: C:/ST/STM32CubeIDE_1.16.1/STM32CubeIDE/plugins/com.st.stm32cube.ide.mcu.externaltools.gnu-tools-for-stm32.12.3.rel1.win32_1.0.200.202406191623/tools/bin/../lib/gcc/arm-none-eabi/12.3.1/../../../../arm-none-eabi/lib/thumb/v7e-m/nofp\libc_nano.a(libc_a-signalr.o): in function `_kill_r':
(.text._kill_r+0xe): warning: _kill is not implemented and will always fail
C:/ST/STM32CubeIDE_1.16.1/STM32CubeIDE/plugins/com.st.stm32cube.ide.mcu.externaltools.gnu-tools-for-stm32.12.3.rel1.win32_1.0.200.202406191623/tools/bin/../lib/gcc/arm-none-eabi/12.3.1/../../../../arm-none-eabi/bin/ld.exe: warning: Assign1.elf has a LOAD segment with RWX permissions
Finished building target: Assign1.elf
 
arm-none-eabi-size  Assign1.elf 
arm-none-eabi-objdump -h -S Assign1.elf  > "Assign1.list"
   text	   data	    bss	    dec	    hex	filename
  16664	    472	   2072	  19208	   4b08	Assign1.elf
Finished building: default.size.stdout
 
Finished building: Assign1.list
 
23:13:42 **** Incremental Build of configuration Debug for project Assign1 ****
make -j16 all 
arm-none-eabi-gcc -mcpu=cortex-m4 -g3 -c -x assembler-with-cpp -MMD -MP -MF"Src/asm_func.d" -MT"Src/asm_func.o" --specs=nano.specs -mfpu=fpv4-sp-d16 -mfloat-abi=soft -mthumb -o "Src/asm_func.o" "../Src/asm_func.s"
arm-none-eabi-gcc -o "Assign1.elf" @"objects.list"  -lrdimon -mcpu=cortex-m4 -T"C:\Users\dtc20\OneDrive - National University of Singapore\Desktop\Study\PreY2S2 Study\Pre-EE2028\Pre-EE2028\Labs\Lab2\Assign1\Assign1\STM32L475VGTX_FLASH.ld" --specs=nosys.specs -Wl,-Map="Assign1.map" -Wl,--gc-sections -static -specs=rdimon.specs -u _printf_float --specs=nano.specs -mfpu=fpv4-sp-d16 -mfloat-abi=soft -mthumb -u _printf_float -Wl,--start-group -lc -lm -Wl,--end-group
C:/ST/STM32CubeIDE_1.16.1/STM32CubeIDE/plugins/com.st.stm32cube.ide.mcu.externaltools.gnu-tools-for-stm32.12.3.rel1.win32_1.0.200.202406191623/tools/bin/../lib/gcc/arm-none-eabi/12.3.1/../../../../arm-none-eabi/bin/ld.exe: C:/ST/STM32CubeIDE_1.16.1/STM32CubeIDE/plugins/com.st.stm32cube.ide.mcu.externaltools.gnu-tools-for-stm32.12.3.rel1.win32_1.0.200.202406191623/tools/bin/../lib/gcc/arm-none-eabi/12.3.1/../../../../arm-none-eabi/lib/thumb/v7e-m/nofp\libc_nano.a(libc_a-signalr.o): in function `_kill_r':
(.text._kill_r+0xe): warning: _kill is not implemented and will always fail
C:/ST/STM32CubeIDE_1.16.1/STM32CubeIDE/plugins/com.st.stm32cube.ide.mcu.externaltools.gnu-tools-for-stm32.12.3.rel1.win32_1.0.200.202406191623/tools/bin/../lib/gcc/arm-none-eabi/12.3.1/../../../../arm-none-eabi/bin/ld.exe: warning: Assign1.elf has a LOAD segment with RWX permissions
Finished building target: Assign1.elf
 
arm-none-eabi-size  Assign1.elf 
arm-none-eabi-objdump -h -S Assign1.elf  > "Assign1.list"
   text	   data	    bss	    dec	    hex	filename
  16664	    472	   2072	  19208	   4b08	Assign1.elf
Finished building: default.size.stdout
 
Finished building: Assign1.list
 
23:19:12 **** Incremental Build of configuration Debug for project Assign1 ****
make -j16 all 
arm-none-eabi-gcc "../Src/main.c" -mcpu=cortex-m4 -std=gnu11 -g3 -DSTM32L4 -DSTM32 -DDEBUG -DSTM32L475VGTx -c -O0 -ffunction-sections -fdata-sections -Wall -fstack-usage -fcyclomatic-complexity -MMD -MP -MF"Src/main.d" -MT"Src/main.o" --specs=nano.specs -mfpu=fpv4-sp-d16 -mfloat-abi=soft -mthumb -o "Src/main.o"
../Src/main.c: In function 'main':
../Src/main.c:99:47: warning: excess elements in array initializer
   99 |         int result[F][S] = {{F,S},{0,0},{0,0},{0,0}};
      |                                               ^
../Src/main.c:99:47: note: (near initialization for 'result')
arm-none-eabi-gcc -o "Assign1.elf" @"objects.list"  -lrdimon -mcpu=cortex-m4 -T"C:\Users\dtc20\OneDrive - National University of Singapore\Desktop\Study\PreY2S2 Study\Pre-EE2028\Pre-EE2028\Labs\Lab2\Assign1\Assign1\STM32L475VGTX_FLASH.ld" --specs=nosys.specs -Wl,-Map="Assign1.map" -Wl,--gc-sections -static -specs=rdimon.specs -u _printf_float --specs=nano.specs -mfpu=fpv4-sp-d16 -mfloat-abi=soft -mthumb -u _printf_float -Wl,--start-group -lc -lm -Wl,--end-group
C:/ST/STM32CubeIDE_1.16.1/STM32CubeIDE/plugins/com.st.stm32cube.ide.mcu.externaltools.gnu-tools-for-stm32.12.3.rel1.win32_1.0.200.202406191623/tools/bin/../lib/gcc/arm-none-eabi/12.3.1/../../../../arm-none-eabi/bin/ld.exe: C:/ST/STM32CubeIDE_1.16.1/STM32CubeIDE/plugins/com.st.stm32cube.ide.mcu.externaltools.gnu-tools-for-stm32.12.3.rel1.win32_1.0.200.202406191623/tools/bin/../lib/gcc/arm-none-eabi/12.3.1/../../../../arm-none-eabi/lib/thumb/v7e-m/nofp\libc_nano.a(libc_a-signalr.o): in function `_kill_r':
(.text._kill_r+0xe): warning: _kill is not implemented and will always fail
C:/ST/STM32CubeIDE_1.16.1/STM32CubeIDE/plugins/com.st.stm32cube.ide.mcu.externaltools.gnu-tools-for-stm32.12.3.rel1.win32_1.0.200.202406191623/tools/bin/../lib/gcc/arm-none-eabi/12.3.1/../../../../arm-none-eabi/bin/ld.exe: warning: Assign1.elf has a LOAD segment with RWX permissions
Finished building target: Assign1.elf
 
arm-none-eabi-size  Assign1.elf 
arm-none-eabi-objdump -h -S Assign1.elf  > "Assign1.list"
   text	   data	    bss	    dec	    hex	filename
  16736	    472	   2072	  19280	   4b50	Assign1.elf
Finished building: default.size.stdout
 
Finished building: Assign1.list
 
23:23:51 **** Incremental Build of configuration Debug for project Assign1 ****
make -j16 all 
arm-none-eabi-gcc -mcpu=cortex-m4 -g3 -c -x assembler-with-cpp -MMD -MP -MF"Src/asm_func.d" -MT"Src/asm_func.o" --specs=nano.specs -mfpu=fpv4-sp-d16 -mfloat-abi=soft -mthumb -o "Src/asm_func.o" "../Src/asm_func.s"
arm-none-eabi-gcc -o "Assign1.elf" @"objects.list"  -lrdimon -mcpu=cortex-m4 -T"C:\Users\dtc20\OneDrive - National University of Singapore\Desktop\Study\PreY2S2 Study\Pre-EE2028\Pre-EE2028\Labs\Lab2\Assign1\Assign1\STM32L475VGTX_FLASH.ld" --specs=nosys.specs -Wl,-Map="Assign1.map" -Wl,--gc-sections -static -specs=rdimon.specs -u _printf_float --specs=nano.specs -mfpu=fpv4-sp-d16 -mfloat-abi=soft -mthumb -u _printf_float -Wl,--start-group -lc -lm -Wl,--end-group
C:/ST/STM32CubeIDE_1.16.1/STM32CubeIDE/plugins/com.st.stm32cube.ide.mcu.externaltools.gnu-tools-for-stm32.12.3.rel1.win32_1.0.200.202406191623/tools/bin/../lib/gcc/arm-none-eabi/12.3.1/../../../../arm-none-eabi/bin/ld.exe: C:/ST/STM32CubeIDE_1.16.1/STM32CubeIDE/plugins/com.st.stm32cube.ide.mcu.externaltools.gnu-tools-for-stm32.12.3.rel1.win32_1.0.200.202406191623/tools/bin/../lib/gcc/arm-none-eabi/12.3.1/../../../../arm-none-eabi/lib/thumb/v7e-m/nofp\libc_nano.a(libc_a-signalr.o): in function `_kill_r':
(.text._kill_r+0xe): warning: _kill is not implemented and will always fail
C:/ST/STM32CubeIDE_1.16.1/STM32CubeIDE/plugins/com.st.stm32cube.ide.mcu.externaltools.gnu-tools-for-stm32.12.3.rel1.win32_1.0.200.202406191623/tools/bin/../lib/gcc/arm-none-eabi/12.3.1/../../../../arm-none-eabi/bin/ld.exe: warning: Assign1.elf has a LOAD segment with RWX permissions
Finished building target: Assign1.elf
 
arm-none-eabi-size  Assign1.elf 
arm-none-eabi-objdump -h -S Assign1.elf  > "Assign1.list"
   text	   data	    bss	    dec	    hex	filename
  16736	    472	   2072	  19280	   4b50	Assign1.elf
Finished building: default.size.stdout
 
Finished building: Assign1.list
 
23:26:46 **** Incremental Build of configuration Debug for project Assign1 ****
make -j16 all 
arm-none-eabi-gcc -mcpu=cortex-m4 -g3 -c -x assembler-with-cpp -MMD -MP -MF"Src/asm_func.d" -MT"Src/asm_func.o" --specs=nano.specs -mfpu=fpv4-sp-d16 -mfloat-abi=soft -mthumb -o "Src/asm_func.o" "../Src/asm_func.s"
arm-none-eabi-gcc -o "Assign1.elf" @"objects.list"  -lrdimon -mcpu=cortex-m4 -T"C:\Users\dtc20\OneDrive - National University of Singapore\Desktop\Study\PreY2S2 Study\Pre-EE2028\Pre-EE2028\Labs\Lab2\Assign1\Assign1\STM32L475VGTX_FLASH.ld" --specs=nosys.specs -Wl,-Map="Assign1.map" -Wl,--gc-sections -static -specs=rdimon.specs -u _printf_float --specs=nano.specs -mfpu=fpv4-sp-d16 -mfloat-abi=soft -mthumb -u _printf_float -Wl,--start-group -lc -lm -Wl,--end-group
C:/ST/STM32CubeIDE_1.16.1/STM32CubeIDE/plugins/com.st.stm32cube.ide.mcu.externaltools.gnu-tools-for-stm32.12.3.rel1.win32_1.0.200.202406191623/tools/bin/../lib/gcc/arm-none-eabi/12.3.1/../../../../arm-none-eabi/bin/ld.exe: C:/ST/STM32CubeIDE_1.16.1/STM32CubeIDE/plugins/com.st.stm32cube.ide.mcu.externaltools.gnu-tools-for-stm32.12.3.rel1.win32_1.0.200.202406191623/tools/bin/../lib/gcc/arm-none-eabi/12.3.1/../../../../arm-none-eabi/lib/thumb/v7e-m/nofp\libc_nano.a(libc_a-signalr.o): in function `_kill_r':
(.text._kill_r+0xe): warning: _kill is not implemented and will always fail
C:/ST/STM32CubeIDE_1.16.1/STM32CubeIDE/plugins/com.st.stm32cube.ide.mcu.externaltools.gnu-tools-for-stm32.12.3.rel1.win32_1.0.200.202406191623/tools/bin/../lib/gcc/arm-none-eabi/12.3.1/../../../../arm-none-eabi/bin/ld.exe: warning: Assign1.elf has a LOAD segment with RWX permissions
Finished building target: Assign1.elf
 
arm-none-eabi-size  Assign1.elf 
arm-none-eabi-objdump -h -S Assign1.elf  > "Assign1.list"
   text	   data	    bss	    dec	    hex	filename
  16720	    472	   2072	  19264	   4b40	Assign1.elf
Finished building: default.size.stdout
 
Finished building: Assign1.list
 
23:27:18 **** Incremental Build of configuration Debug for project Assign1 ****
make -j16 all 
arm-none-eabi-gcc -mcpu=cortex-m4 -g3 -c -x assembler-with-cpp -MMD -MP -MF"Src/asm_func.d" -MT"Src/asm_func.o" --specs=nano.specs -mfpu=fpv4-sp-d16 -mfloat-abi=soft -mthumb -o "Src/asm_func.o" "../Src/asm_func.s"
arm-none-eabi-gcc -o "Assign1.elf" @"objects.list"  -lrdimon -mcpu=cortex-m4 -T"C:\Users\dtc20\OneDrive - National University of Singapore\Desktop\Study\PreY2S2 Study\Pre-EE2028\Pre-EE2028\Labs\Lab2\Assign1\Assign1\STM32L475VGTX_FLASH.ld" --specs=nosys.specs -Wl,-Map="Assign1.map" -Wl,--gc-sections -static -specs=rdimon.specs -u _printf_float --specs=nano.specs -mfpu=fpv4-sp-d16 -mfloat-abi=soft -mthumb -u _printf_float -Wl,--start-group -lc -lm -Wl,--end-group
C:/ST/STM32CubeIDE_1.16.1/STM32CubeIDE/plugins/com.st.stm32cube.ide.mcu.externaltools.gnu-tools-for-stm32.12.3.rel1.win32_1.0.200.202406191623/tools/bin/../lib/gcc/arm-none-eabi/12.3.1/../../../../arm-none-eabi/bin/ld.exe: C:/ST/STM32CubeIDE_1.16.1/STM32CubeIDE/plugins/com.st.stm32cube.ide.mcu.externaltools.gnu-tools-for-stm32.12.3.rel1.win32_1.0.200.202406191623/tools/bin/../lib/gcc/arm-none-eabi/12.3.1/../../../../arm-none-eabi/lib/thumb/v7e-m/nofp\libc_nano.a(libc_a-signalr.o): in function `_kill_r':
(.text._kill_r+0xe): warning: _kill is not implemented and will always fail
C:/ST/STM32CubeIDE_1.16.1/STM32CubeIDE/plugins/com.st.stm32cube.ide.mcu.externaltools.gnu-tools-for-stm32.12.3.rel1.win32_1.0.200.202406191623/tools/bin/../lib/gcc/arm-none-eabi/12.3.1/../../../../arm-none-eabi/bin/ld.exe: warning: Assign1.elf has a LOAD segment with RWX permissions
Finished building target: Assign1.elf
 
arm-none-eabi-size  Assign1.elf 
arm-none-eabi-objdump -h -S Assign1.elf  > "Assign1.list"
   text	   data	    bss	    dec	    hex	filename
  16736	    472	   2072	  19280	   4b50	Assign1.elf
Finished building: default.size.stdout
 
Finished building: Assign1.list
 
23:28:00 **** Incremental Build of configuration Debug for project Assign1 ****
make -j16 all 
arm-none-eabi-gcc "../Src/main.c" -mcpu=cortex-m4 -std=gnu11 -g3 -DSTM32L4 -DSTM32 -DDEBUG -DSTM32L475VGTx -c -O0 -ffunction-sections -fdata-sections -Wall -fstack-usage -fcyclomatic-complexity -MMD -MP -MF"Src/main.d" -MT"Src/main.o" --specs=nano.specs -mfpu=fpv4-sp-d16 -mfloat-abi=soft -mthumb -o "Src/main.o"
../Src/main.c: In function 'main':
../Src/main.c:99:47: warning: excess elements in array initializer
   99 |         int result[F][S] = {{F,S},{0,0},{0,0},{0,0}};
      |                                               ^
../Src/main.c:99:47: note: (near initialization for 'result')
arm-none-eabi-gcc -o "Assign1.elf" @"objects.list"  -lrdimon -mcpu=cortex-m4 -T"C:\Users\dtc20\OneDrive - National University of Singapore\Desktop\Study\PreY2S2 Study\Pre-EE2028\Pre-EE2028\Labs\Lab2\Assign1\Assign1\STM32L475VGTX_FLASH.ld" --specs=nosys.specs -Wl,-Map="Assign1.map" -Wl,--gc-sections -static -specs=rdimon.specs -u _printf_float --specs=nano.specs -mfpu=fpv4-sp-d16 -mfloat-abi=soft -mthumb -u _printf_float -Wl,--start-group -lc -lm -Wl,--end-group
C:/ST/STM32CubeIDE_1.16.1/STM32CubeIDE/plugins/com.st.stm32cube.ide.mcu.externaltools.gnu-tools-for-stm32.12.3.rel1.win32_1.0.200.202406191623/tools/bin/../lib/gcc/arm-none-eabi/12.3.1/../../../../arm-none-eabi/bin/ld.exe: C:/ST/STM32CubeIDE_1.16.1/STM32CubeIDE/plugins/com.st.stm32cube.ide.mcu.externaltools.gnu-tools-for-stm32.12.3.rel1.win32_1.0.200.202406191623/tools/bin/../lib/gcc/arm-none-eabi/12.3.1/../../../../arm-none-eabi/lib/thumb/v7e-m/nofp\libc_nano.a(libc_a-signalr.o): in function `_kill_r':
(.text._kill_r+0xe): warning: _kill is not implemented and will always fail
C:/ST/STM32CubeIDE_1.16.1/STM32CubeIDE/plugins/com.st.stm32cube.ide.mcu.externaltools.gnu-tools-for-stm32.12.3.rel1.win32_1.0.200.202406191623/tools/bin/../lib/gcc/arm-none-eabi/12.3.1/../../../../arm-none-eabi/bin/ld.exe: warning: Assign1.elf has a LOAD segment with RWX permissions
Finished building target: Assign1.elf
 
arm-none-eabi-size  Assign1.elf 
arm-none-eabi-objdump -h -S Assign1.elf  > "Assign1.list"
   text	   data	    bss	    dec	    hex	filename
  16704	    472	   2072	  19248	   4b30	Assign1.elf
Finished building: default.size.stdout
 
Finished building: Assign1.list
 
23:29:11 **** Incremental Build of configuration Debug for project Assign1 ****
make -j16 all 
arm-none-eabi-gcc "../Src/main.c" -mcpu=cortex-m4 -std=gnu11 -g3 -DSTM32L4 -DSTM32 -DDEBUG -DSTM32L475VGTx -c -O0 -ffunction-sections -fdata-sections -Wall -fstack-usage -fcyclomatic-complexity -MMD -MP -MF"Src/main.d" -MT"Src/main.o" --specs=nano.specs -mfpu=fpv4-sp-d16 -mfloat-abi=soft -mthumb -o "Src/main.o"
../Src/main.c: In function 'main':
../Src/main.c:99:47: warning: excess elements in array initializer
   99 |         int result[F][S] = {{F,S},{0,0},{0,0},{0,0}};
      |                                               ^
../Src/main.c:99:47: note: (near initialization for 'result')
arm-none-eabi-gcc -o "Assign1.elf" @"objects.list"  -lrdimon -mcpu=cortex-m4 -T"C:\Users\dtc20\OneDrive - National University of Singapore\Desktop\Study\PreY2S2 Study\Pre-EE2028\Pre-EE2028\Labs\Lab2\Assign1\Assign1\STM32L475VGTX_FLASH.ld" --specs=nosys.specs -Wl,-Map="Assign1.map" -Wl,--gc-sections -static -specs=rdimon.specs -u _printf_float --specs=nano.specs -mfpu=fpv4-sp-d16 -mfloat-abi=soft -mthumb -u _printf_float -Wl,--start-group -lc -lm -Wl,--end-group
C:/ST/STM32CubeIDE_1.16.1/STM32CubeIDE/plugins/com.st.stm32cube.ide.mcu.externaltools.gnu-tools-for-stm32.12.3.rel1.win32_1.0.200.202406191623/tools/bin/../lib/gcc/arm-none-eabi/12.3.1/../../../../arm-none-eabi/bin/ld.exe: C:/ST/STM32CubeIDE_1.16.1/STM32CubeIDE/plugins/com.st.stm32cube.ide.mcu.externaltools.gnu-tools-for-stm32.12.3.rel1.win32_1.0.200.202406191623/tools/bin/../lib/gcc/arm-none-eabi/12.3.1/../../../../arm-none-eabi/lib/thumb/v7e-m/nofp\libc_nano.a(libc_a-signalr.o): in function `_kill_r':
(.text._kill_r+0xe): warning: _kill is not implemented and will always fail
C:/ST/STM32CubeIDE_1.16.1/STM32CubeIDE/plugins/com.st.stm32cube.ide.mcu.externaltools.gnu-tools-for-stm32.12.3.rel1.win32_1.0.200.202406191623/tools/bin/../lib/gcc/arm-none-eabi/12.3.1/../../../../arm-none-eabi/bin/ld.exe: warning: Assign1.elf has a LOAD segment with RWX permissions
Finished building target: Assign1.elf
 
arm-none-eabi-size  Assign1.elf 
arm-none-eabi-objdump -h -S Assign1.elf  > "Assign1.list"
   text	   data	    bss	    dec	    hex	filename
  16736	    472	   2072	  19280	   4b50	Assign1.elf
Finished building: default.size.stdout
 
Finished building: Assign1.list
 
23:30:41 **** Incremental Build of configuration Debug for project Assign1 ****
make -j16 all 
arm-none-eabi-gcc "../Src/main.c" -mcpu=cortex-m4 -std=gnu11 -g3 -DSTM32L4 -DSTM32 -DDEBUG -DSTM32L475VGTx -c -O0 -ffunction-sections -fdata-sections -Wall -fstack-usage -fcyclomatic-complexity -MMD -MP -MF"Src/main.d" -MT"Src/main.o" --specs=nano.specs -mfpu=fpv4-sp-d16 -mfloat-abi=soft -mthumb -o "Src/main.o"
../Src/main.c: In function 'main':
../Src/main.c:99:47: warning: excess elements in array initializer
   99 |         int result[F][S] = {{F,S},{0,0},{0,0},{0,0}};
      |                                               ^
../Src/main.c:99:47: note: (near initialization for 'result')
arm-none-eabi-gcc -o "Assign1.elf" @"objects.list"  -lrdimon -mcpu=cortex-m4 -T"C:\Users\dtc20\OneDrive - National University of Singapore\Desktop\Study\PreY2S2 Study\Pre-EE2028\Pre-EE2028\Labs\Lab2\Assign1\Assign1\STM32L475VGTX_FLASH.ld" --specs=nosys.specs -Wl,-Map="Assign1.map" -Wl,--gc-sections -static -specs=rdimon.specs -u _printf_float --specs=nano.specs -mfpu=fpv4-sp-d16 -mfloat-abi=soft -mthumb -u _printf_float -Wl,--start-group -lc -lm -Wl,--end-group
C:/ST/STM32CubeIDE_1.16.1/STM32CubeIDE/plugins/com.st.stm32cube.ide.mcu.externaltools.gnu-tools-for-stm32.12.3.rel1.win32_1.0.200.202406191623/tools/bin/../lib/gcc/arm-none-eabi/12.3.1/../../../../arm-none-eabi/bin/ld.exe: C:/ST/STM32CubeIDE_1.16.1/STM32CubeIDE/plugins/com.st.stm32cube.ide.mcu.externaltools.gnu-tools-for-stm32.12.3.rel1.win32_1.0.200.202406191623/tools/bin/../lib/gcc/arm-none-eabi/12.3.1/../../../../arm-none-eabi/lib/thumb/v7e-m/nofp\libc_nano.a(libc_a-signalr.o): in function `_kill_r':
(.text._kill_r+0xe): warning: _kill is not implemented and will always fail
C:/ST/STM32CubeIDE_1.16.1/STM32CubeIDE/plugins/com.st.stm32cube.ide.mcu.externaltools.gnu-tools-for-stm32.12.3.rel1.win32_1.0.200.202406191623/tools/bin/../lib/gcc/arm-none-eabi/12.3.1/../../../../arm-none-eabi/bin/ld.exe: warning: Assign1.elf has a LOAD segment with RWX permissions
Finished building target: Assign1.elf
 
arm-none-eabi-size  Assign1.elf 
arm-none-eabi-objdump -h -S Assign1.elf  > "Assign1.list"
   text	   data	    bss	    dec	    hex	filename
  16712	    472	   2072	  19256	   4b38	Assign1.elf
Finished building: default.size.stdout
 
Finished building: Assign1.list
 
23:31:24 **** Incremental Build of configuration Debug for project Assign1 ****
make -j16 all 
arm-none-eabi-gcc "../Src/main.c" -mcpu=cortex-m4 -std=gnu11 -g3 -DSTM32L4 -DSTM32 -DDEBUG -DSTM32L475VGTx -c -O0 -ffunction-sections -fdata-sections -Wall -fstack-usage -fcyclomatic-complexity -MMD -MP -MF"Src/main.d" -MT"Src/main.o" --specs=nano.specs -mfpu=fpv4-sp-d16 -mfloat-abi=soft -mthumb -o "Src/main.o"
../Src/main.c: In function 'main':
../Src/main.c:99:47: warning: excess elements in array initializer
   99 |         int result[F][S] = {{F,S},{0,0},{0,0},{0,0}};
      |                                               ^
../Src/main.c:99:47: note: (near initialization for 'result')
arm-none-eabi-gcc -o "Assign1.elf" @"objects.list"  -lrdimon -mcpu=cortex-m4 -T"C:\Users\dtc20\OneDrive - National University of Singapore\Desktop\Study\PreY2S2 Study\Pre-EE2028\Pre-EE2028\Labs\Lab2\Assign1\Assign1\STM32L475VGTX_FLASH.ld" --specs=nosys.specs -Wl,-Map="Assign1.map" -Wl,--gc-sections -static -specs=rdimon.specs -u _printf_float --specs=nano.specs -mfpu=fpv4-sp-d16 -mfloat-abi=soft -mthumb -u _printf_float -Wl,--start-group -lc -lm -Wl,--end-group
C:/ST/STM32CubeIDE_1.16.1/STM32CubeIDE/plugins/com.st.stm32cube.ide.mcu.externaltools.gnu-tools-for-stm32.12.3.rel1.win32_1.0.200.202406191623/tools/bin/../lib/gcc/arm-none-eabi/12.3.1/../../../../arm-none-eabi/bin/ld.exe: C:/ST/STM32CubeIDE_1.16.1/STM32CubeIDE/plugins/com.st.stm32cube.ide.mcu.externaltools.gnu-tools-for-stm32.12.3.rel1.win32_1.0.200.202406191623/tools/bin/../lib/gcc/arm-none-eabi/12.3.1/../../../../arm-none-eabi/lib/thumb/v7e-m/nofp\libc_nano.a(libc_a-signalr.o): in function `_kill_r':
(.text._kill_r+0xe): warning: _kill is not implemented and will always fail
C:/ST/STM32CubeIDE_1.16.1/STM32CubeIDE/plugins/com.st.stm32cube.ide.mcu.externaltools.gnu-tools-for-stm32.12.3.rel1.win32_1.0.200.202406191623/tools/bin/../lib/gcc/arm-none-eabi/12.3.1/../../../../arm-none-eabi/bin/ld.exe: warning: Assign1.elf has a LOAD segment with RWX permissions
Finished building target: Assign1.elf
 
arm-none-eabi-size  Assign1.elf 
arm-none-eabi-objdump -h -S Assign1.elf  > "Assign1.list"
   text	   data	    bss	    dec	    hex	filename
  16736	    472	   2072	  19280	   4b50	Assign1.elf
Finished building: default.size.stdout
 
Finished building: Assign1.list
 
23:33:48 **** Incremental Build of configuration Debug for project Assign1 ****
make -j16 all 
arm-none-eabi-gcc -mcpu=cortex-m4 -g3 -c -x assembler-with-cpp -MMD -MP -MF"Src/asm_func.d" -MT"Src/asm_func.o" --specs=nano.specs -mfpu=fpv4-sp-d16 -mfloat-abi=soft -mthumb -o "Src/asm_func.o" "../Src/asm_func.s"
arm-none-eabi-gcc "../Src/main.c" -mcpu=cortex-m4 -std=gnu11 -g3 -DSTM32L4 -DSTM32 -DDEBUG -DSTM32L475VGTx -c -O0 -ffunction-sections -fdata-sections -Wall -fstack-usage -fcyclomatic-complexity -MMD -MP -MF"Src/main.d" -MT"Src/main.o" --specs=nano.specs -mfpu=fpv4-sp-d16 -mfloat-abi=soft -mthumb -o "Src/main.o"
../Src/main.c: In function 'main':
../Src/main.c:99:47: warning: excess elements in array initializer
   99 |         int result[F][S] = {{F,S},{0,0},{0,0},{0,0}};
      |                                               ^
../Src/main.c:99:47: note: (near initialization for 'result')
arm-none-eabi-gcc -o "Assign1.elf" @"objects.list"  -lrdimon -mcpu=cortex-m4 -T"C:\Users\dtc20\OneDrive - National University of Singapore\Desktop\Study\PreY2S2 Study\Pre-EE2028\Pre-EE2028\Labs\Lab2\Assign1\Assign1\STM32L475VGTX_FLASH.ld" --specs=nosys.specs -Wl,-Map="Assign1.map" -Wl,--gc-sections -static -specs=rdimon.specs -u _printf_float --specs=nano.specs -mfpu=fpv4-sp-d16 -mfloat-abi=soft -mthumb -u _printf_float -Wl,--start-group -lc -lm -Wl,--end-group
C:/ST/STM32CubeIDE_1.16.1/STM32CubeIDE/plugins/com.st.stm32cube.ide.mcu.externaltools.gnu-tools-for-stm32.12.3.rel1.win32_1.0.200.202406191623/tools/bin/../lib/gcc/arm-none-eabi/12.3.1/../../../../arm-none-eabi/bin/ld.exe: C:/ST/STM32CubeIDE_1.16.1/STM32CubeIDE/plugins/com.st.stm32cube.ide.mcu.externaltools.gnu-tools-for-stm32.12.3.rel1.win32_1.0.200.202406191623/tools/bin/../lib/gcc/arm-none-eabi/12.3.1/../../../../arm-none-eabi/lib/thumb/v7e-m/nofp\libc_nano.a(libc_a-signalr.o): in function `_kill_r':
(.text._kill_r+0xe): warning: _kill is not implemented and will always fail
C:/ST/STM32CubeIDE_1.16.1/STM32CubeIDE/plugins/com.st.stm32cube.ide.mcu.externaltools.gnu-tools-for-stm32.12.3.rel1.win32_1.0.200.202406191623/tools/bin/../lib/gcc/arm-none-eabi/12.3.1/../../../../arm-none-eabi/bin/ld.exe: warning: Assign1.elf has a LOAD segment with RWX permissions
Finished building target: Assign1.elf
 
arm-none-eabi-size  Assign1.elf 
arm-none-eabi-objdump -h -S Assign1.elf  > "Assign1.list"
   text	   data	    bss	    dec	    hex	filename
  16736	    472	   2072	  19280	   4b50	Assign1.elf
Finished building: default.size.stdout
 
Finished building: Assign1.list
 
23:34:19 **** Incremental Build of configuration Debug for project Assign1 ****
make -j16 all 
arm-none-eabi-gcc "../Src/main.c" -mcpu=cortex-m4 -std=gnu11 -g3 -DSTM32L4 -DSTM32 -DDEBUG -DSTM32L475VGTx -c -O0 -ffunction-sections -fdata-sections -Wall -fstack-usage -fcyclomatic-complexity -MMD -MP -MF"Src/main.d" -MT"Src/main.o" --specs=nano.specs -mfpu=fpv4-sp-d16 -mfloat-abi=soft -mthumb -o "Src/main.o"
../Src/main.c: In function 'main':
../Src/main.c:99:47: warning: excess elements in array initializer
   99 |         int result[F][S] = {{F,S},{0,0},{0,0},{0,0}};
      |                                               ^
../Src/main.c:99:47: note: (near initialization for 'result')
arm-none-eabi-gcc -o "Assign1.elf" @"objects.list"  -lrdimon -mcpu=cortex-m4 -T"C:\Users\dtc20\OneDrive - National University of Singapore\Desktop\Study\PreY2S2 Study\Pre-EE2028\Pre-EE2028\Labs\Lab2\Assign1\Assign1\STM32L475VGTX_FLASH.ld" --specs=nosys.specs -Wl,-Map="Assign1.map" -Wl,--gc-sections -static -specs=rdimon.specs -u _printf_float --specs=nano.specs -mfpu=fpv4-sp-d16 -mfloat-abi=soft -mthumb -u _printf_float -Wl,--start-group -lc -lm -Wl,--end-group
C:/ST/STM32CubeIDE_1.16.1/STM32CubeIDE/plugins/com.st.stm32cube.ide.mcu.externaltools.gnu-tools-for-stm32.12.3.rel1.win32_1.0.200.202406191623/tools/bin/../lib/gcc/arm-none-eabi/12.3.1/../../../../arm-none-eabi/bin/ld.exe: C:/ST/STM32CubeIDE_1.16.1/STM32CubeIDE/plugins/com.st.stm32cube.ide.mcu.externaltools.gnu-tools-for-stm32.12.3.rel1.win32_1.0.200.202406191623/tools/bin/../lib/gcc/arm-none-eabi/12.3.1/../../../../arm-none-eabi/lib/thumb/v7e-m/nofp\libc_nano.a(libc_a-signalr.o): in function `_kill_r':
(.text._kill_r+0xe): warning: _kill is not implemented and will always fail
C:/ST/STM32CubeIDE_1.16.1/STM32CubeIDE/plugins/com.st.stm32cube.ide.mcu.externaltools.gnu-tools-for-stm32.12.3.rel1.win32_1.0.200.202406191623/tools/bin/../lib/gcc/arm-none-eabi/12.3.1/../../../../arm-none-eabi/bin/ld.exe: warning: Assign1.elf has a LOAD segment with RWX permissions
Finished building target: Assign1.elf
 
arm-none-eabi-size  Assign1.elf 
arm-none-eabi-objdump -h -S Assign1.elf  > "Assign1.list"
   text	   data	    bss	    dec	    hex	filename
  16712	    472	   2072	  19256	   4b38	Assign1.elf
Finished building: default.size.stdout
 
Finished building: Assign1.list
 
23:34:52 **** Incremental Build of configuration Debug for project Assign1 ****
make -j16 all 
arm-none-eabi-gcc "../Src/main.c" -mcpu=cortex-m4 -std=gnu11 -g3 -DSTM32L4 -DSTM32 -DDEBUG -DSTM32L475VGTx -c -O0 -ffunction-sections -fdata-sections -Wall -fstack-usage -fcyclomatic-complexity -MMD -MP -MF"Src/main.d" -MT"Src/main.o" --specs=nano.specs -mfpu=fpv4-sp-d16 -mfloat-abi=soft -mthumb -o "Src/main.o"
../Src/main.c: In function 'main':
../Src/main.c:99:47: warning: excess elements in array initializer
   99 |         int result[F][S] = {{F,S},{0,0},{0,0},{0,0}};
      |                                               ^
../Src/main.c:99:47: note: (near initialization for 'result')
arm-none-eabi-gcc -o "Assign1.elf" @"objects.list"  -lrdimon -mcpu=cortex-m4 -T"C:\Users\dtc20\OneDrive - National University of Singapore\Desktop\Study\PreY2S2 Study\Pre-EE2028\Pre-EE2028\Labs\Lab2\Assign1\Assign1\STM32L475VGTX_FLASH.ld" --specs=nosys.specs -Wl,-Map="Assign1.map" -Wl,--gc-sections -static -specs=rdimon.specs -u _printf_float --specs=nano.specs -mfpu=fpv4-sp-d16 -mfloat-abi=soft -mthumb -u _printf_float -Wl,--start-group -lc -lm -Wl,--end-group
C:/ST/STM32CubeIDE_1.16.1/STM32CubeIDE/plugins/com.st.stm32cube.ide.mcu.externaltools.gnu-tools-for-stm32.12.3.rel1.win32_1.0.200.202406191623/tools/bin/../lib/gcc/arm-none-eabi/12.3.1/../../../../arm-none-eabi/bin/ld.exe: C:/ST/STM32CubeIDE_1.16.1/STM32CubeIDE/plugins/com.st.stm32cube.ide.mcu.externaltools.gnu-tools-for-stm32.12.3.rel1.win32_1.0.200.202406191623/tools/bin/../lib/gcc/arm-none-eabi/12.3.1/../../../../arm-none-eabi/lib/thumb/v7e-m/nofp\libc_nano.a(libc_a-signalr.o): in function `_kill_r':
(.text._kill_r+0xe): warning: _kill is not implemented and will always fail
C:/ST/STM32CubeIDE_1.16.1/STM32CubeIDE/plugins/com.st.stm32cube.ide.mcu.externaltools.gnu-tools-for-stm32.12.3.rel1.win32_1.0.200.202406191623/tools/bin/../lib/gcc/arm-none-eabi/12.3.1/../../../../arm-none-eabi/bin/ld.exe: warning: Assign1.elf has a LOAD segment with RWX permissions
Finished building target: Assign1.elf
 
arm-none-eabi-size  Assign1.elf 
arm-none-eabi-objdump -h -S Assign1.elf  > "Assign1.list"
   text	   data	    bss	    dec	    hex	filename
  16736	    472	   2072	  19280	   4b50	Assign1.elf
Finished building: default.size.stdout
 
Finished building: Assign1.list
 
23:35:40 **** Incremental Build of configuration Debug for project Assign1 ****
make -j16 all 
arm-none-eabi-gcc "../Src/main.c" -mcpu=cortex-m4 -std=gnu11 -g3 -DSTM32L4 -DSTM32 -DDEBUG -DSTM32L475VGTx -c -O0 -ffunction-sections -fdata-sections -Wall -fstack-usage -fcyclomatic-complexity -MMD -MP -MF"Src/main.d" -MT"Src/main.o" --specs=nano.specs -mfpu=fpv4-sp-d16 -mfloat-abi=soft -mthumb -o "Src/main.o"
../Src/main.c: In function 'main':
../Src/main.c:99:41: warning: excess elements in array initializer
   99 |         int result[F][S] = {{F,S},{0,0},{0,0}};
      |                                         ^
../Src/main.c:99:41: note: (near initialization for 'result')
arm-none-eabi-gcc -o "Assign1.elf" @"objects.list"  -lrdimon -mcpu=cortex-m4 -T"C:\Users\dtc20\OneDrive - National University of Singapore\Desktop\Study\PreY2S2 Study\Pre-EE2028\Pre-EE2028\Labs\Lab2\Assign1\Assign1\STM32L475VGTX_FLASH.ld" --specs=nosys.specs -Wl,-Map="Assign1.map" -Wl,--gc-sections -static -specs=rdimon.specs -u _printf_float --specs=nano.specs -mfpu=fpv4-sp-d16 -mfloat-abi=soft -mthumb -u _printf_float -Wl,--start-group -lc -lm -Wl,--end-group
C:/ST/STM32CubeIDE_1.16.1/STM32CubeIDE/plugins/com.st.stm32cube.ide.mcu.externaltools.gnu-tools-for-stm32.12.3.rel1.win32_1.0.200.202406191623/tools/bin/../lib/gcc/arm-none-eabi/12.3.1/../../../../arm-none-eabi/bin/ld.exe: C:/ST/STM32CubeIDE_1.16.1/STM32CubeIDE/plugins/com.st.stm32cube.ide.mcu.externaltools.gnu-tools-for-stm32.12.3.rel1.win32_1.0.200.202406191623/tools/bin/../lib/gcc/arm-none-eabi/12.3.1/../../../../arm-none-eabi/lib/thumb/v7e-m/nofp\libc_nano.a(libc_a-signalr.o): in function `_kill_r':
(.text._kill_r+0xe): warning: _kill is not implemented and will always fail
C:/ST/STM32CubeIDE_1.16.1/STM32CubeIDE/plugins/com.st.stm32cube.ide.mcu.externaltools.gnu-tools-for-stm32.12.3.rel1.win32_1.0.200.202406191623/tools/bin/../lib/gcc/arm-none-eabi/12.3.1/../../../../arm-none-eabi/bin/ld.exe: warning: Assign1.elf has a LOAD segment with RWX permissions
Finished building target: Assign1.elf
 
arm-none-eabi-size  Assign1.elf 
arm-none-eabi-objdump -h -S Assign1.elf  > "Assign1.list"
   text	   data	    bss	    dec	    hex	filename
  16664	    472	   2072	  19208	   4b08	Assign1.elf
Finished building: default.size.stdout
 
Finished building: Assign1.list
 
23:36:15 **** Incremental Build of configuration Debug for project Assign1 ****
make -j16 all 
arm-none-eabi-gcc "../Src/main.c" -mcpu=cortex-m4 -std=gnu11 -g3 -DSTM32L4 -DSTM32 -DDEBUG -DSTM32L475VGTx -c -O0 -ffunction-sections -fdata-sections -Wall -fstack-usage -fcyclomatic-complexity -MMD -MP -MF"Src/main.d" -MT"Src/main.o" --specs=nano.specs -mfpu=fpv4-sp-d16 -mfloat-abi=soft -mthumb -o "Src/main.o"
../Src/main.c: In function 'main':
../Src/main.c:99:47: warning: excess elements in array initializer
   99 |         int result[F][S] = {{F,S},{0,0},{0,0},{0,0}};
      |                                               ^
../Src/main.c:99:47: note: (near initialization for 'result')
arm-none-eabi-gcc -o "Assign1.elf" @"objects.list"  -lrdimon -mcpu=cortex-m4 -T"C:\Users\dtc20\OneDrive - National University of Singapore\Desktop\Study\PreY2S2 Study\Pre-EE2028\Pre-EE2028\Labs\Lab2\Assign1\Assign1\STM32L475VGTX_FLASH.ld" --specs=nosys.specs -Wl,-Map="Assign1.map" -Wl,--gc-sections -static -specs=rdimon.specs -u _printf_float --specs=nano.specs -mfpu=fpv4-sp-d16 -mfloat-abi=soft -mthumb -u _printf_float -Wl,--start-group -lc -lm -Wl,--end-group
C:/ST/STM32CubeIDE_1.16.1/STM32CubeIDE/plugins/com.st.stm32cube.ide.mcu.externaltools.gnu-tools-for-stm32.12.3.rel1.win32_1.0.200.202406191623/tools/bin/../lib/gcc/arm-none-eabi/12.3.1/../../../../arm-none-eabi/bin/ld.exe: C:/ST/STM32CubeIDE_1.16.1/STM32CubeIDE/plugins/com.st.stm32cube.ide.mcu.externaltools.gnu-tools-for-stm32.12.3.rel1.win32_1.0.200.202406191623/tools/bin/../lib/gcc/arm-none-eabi/12.3.1/../../../../arm-none-eabi/lib/thumb/v7e-m/nofp\libc_nano.a(libc_a-signalr.o): in function `_kill_r':
(.text._kill_r+0xe): warning: _kill is not implemented and will always fail
C:/ST/STM32CubeIDE_1.16.1/STM32CubeIDE/plugins/com.st.stm32cube.ide.mcu.externaltools.gnu-tools-for-stm32.12.3.rel1.win32_1.0.200.202406191623/tools/bin/../lib/gcc/arm-none-eabi/12.3.1/../../../../arm-none-eabi/bin/ld.exe: warning: Assign1.elf has a LOAD segment with RWX permissions
Finished building target: Assign1.elf
 
arm-none-eabi-size  Assign1.elf 
arm-none-eabi-objdump -h -S Assign1.elf  > "Assign1.list"
   text	   data	    bss	    dec	    hex	filename
  16712	    472	   2072	  19256	   4b38	Assign1.elf
Finished building: default.size.stdout
 
Finished building: Assign1.list
 
23:36:44 **** Incremental Build of configuration Debug for project Assign1 ****
make -j16 all 
arm-none-eabi-gcc "../Src/main.c" -mcpu=cortex-m4 -std=gnu11 -g3 -DSTM32L4 -DSTM32 -DDEBUG -DSTM32L475VGTx -c -O0 -ffunction-sections -fdata-sections -Wall -fstack-usage -fcyclomatic-complexity -MMD -MP -MF"Src/main.d" -MT"Src/main.o" --specs=nano.specs -mfpu=fpv4-sp-d16 -mfloat-abi=soft -mthumb -o "Src/main.o"
../Src/main.c: In function 'main':
../Src/main.c:99:47: warning: excess elements in array initializer
   99 |         int result[F][S] = {{F,S},{0,0},{0,0},{0,0}};
      |                                               ^
../Src/main.c:99:47: note: (near initialization for 'result')
arm-none-eabi-gcc -o "Assign1.elf" @"objects.list"  -lrdimon -mcpu=cortex-m4 -T"C:\Users\dtc20\OneDrive - National University of Singapore\Desktop\Study\PreY2S2 Study\Pre-EE2028\Pre-EE2028\Labs\Lab2\Assign1\Assign1\STM32L475VGTX_FLASH.ld" --specs=nosys.specs -Wl,-Map="Assign1.map" -Wl,--gc-sections -static -specs=rdimon.specs -u _printf_float --specs=nano.specs -mfpu=fpv4-sp-d16 -mfloat-abi=soft -mthumb -u _printf_float -Wl,--start-group -lc -lm -Wl,--end-group
C:/ST/STM32CubeIDE_1.16.1/STM32CubeIDE/plugins/com.st.stm32cube.ide.mcu.externaltools.gnu-tools-for-stm32.12.3.rel1.win32_1.0.200.202406191623/tools/bin/../lib/gcc/arm-none-eabi/12.3.1/../../../../arm-none-eabi/bin/ld.exe: C:/ST/STM32CubeIDE_1.16.1/STM32CubeIDE/plugins/com.st.stm32cube.ide.mcu.externaltools.gnu-tools-for-stm32.12.3.rel1.win32_1.0.200.202406191623/tools/bin/../lib/gcc/arm-none-eabi/12.3.1/../../../../arm-none-eabi/lib/thumb/v7e-m/nofp\libc_nano.a(libc_a-signalr.o): in function `_kill_r':
(.text._kill_r+0xe): warning: _kill is not implemented and will always fail
C:/ST/STM32CubeIDE_1.16.1/STM32CubeIDE/plugins/com.st.stm32cube.ide.mcu.externaltools.gnu-tools-for-stm32.12.3.rel1.win32_1.0.200.202406191623/tools/bin/../lib/gcc/arm-none-eabi/12.3.1/../../../../arm-none-eabi/bin/ld.exe: warning: Assign1.elf has a LOAD segment with RWX permissions
Finished building target: Assign1.elf
 
arm-none-eabi-size  Assign1.elf 
arm-none-eabi-objdump -h -S Assign1.elf  > "Assign1.list"
   text	   data	    bss	    dec	    hex	filename
  16736	    472	   2072	  19280	   4b50	Assign1.elf
Finished building: default.size.stdout
 
Finished building: Assign1.list
 
23:36:57 **** Incremental Build of configuration Debug for project Assign1 ****
make -j16 all 
arm-none-eabi-gcc "../Src/main.c" -mcpu=cortex-m4 -std=gnu11 -g3 -DSTM32L4 -DSTM32 -DDEBUG -DSTM32L475VGTx -c -O0 -ffunction-sections -fdata-sections -Wall -fstack-usage -fcyclomatic-complexity -MMD -MP -MF"Src/main.d" -MT"Src/main.o" --specs=nano.specs -mfpu=fpv4-sp-d16 -mfloat-abi=soft -mthumb -o "Src/main.o"
../Src/main.c: In function 'main':
../Src/main.c:99:47: warning: excess elements in array initializer
   99 |         int result[F][S] = {{F,S},{0,0},{0,0},{0,0}};
      |                                               ^
../Src/main.c:99:47: note: (near initialization for 'result')
arm-none-eabi-gcc -o "Assign1.elf" @"objects.list"  -lrdimon -mcpu=cortex-m4 -T"C:\Users\dtc20\OneDrive - National University of Singapore\Desktop\Study\PreY2S2 Study\Pre-EE2028\Pre-EE2028\Labs\Lab2\Assign1\Assign1\STM32L475VGTX_FLASH.ld" --specs=nosys.specs -Wl,-Map="Assign1.map" -Wl,--gc-sections -static -specs=rdimon.specs -u _printf_float --specs=nano.specs -mfpu=fpv4-sp-d16 -mfloat-abi=soft -mthumb -u _printf_float -Wl,--start-group -lc -lm -Wl,--end-group
C:/ST/STM32CubeIDE_1.16.1/STM32CubeIDE/plugins/com.st.stm32cube.ide.mcu.externaltools.gnu-tools-for-stm32.12.3.rel1.win32_1.0.200.202406191623/tools/bin/../lib/gcc/arm-none-eabi/12.3.1/../../../../arm-none-eabi/bin/ld.exe: C:/ST/STM32CubeIDE_1.16.1/STM32CubeIDE/plugins/com.st.stm32cube.ide.mcu.externaltools.gnu-tools-for-stm32.12.3.rel1.win32_1.0.200.202406191623/tools/bin/../lib/gcc/arm-none-eabi/12.3.1/../../../../arm-none-eabi/lib/thumb/v7e-m/nofp\libc_nano.a(libc_a-signalr.o): in function `_kill_r':
(.text._kill_r+0xe): warning: _kill is not implemented and will always fail
C:/ST/STM32CubeIDE_1.16.1/STM32CubeIDE/plugins/com.st.stm32cube.ide.mcu.externaltools.gnu-tools-for-stm32.12.3.rel1.win32_1.0.200.202406191623/tools/bin/../lib/gcc/arm-none-eabi/12.3.1/../../../../arm-none-eabi/bin/ld.exe: warning: Assign1.elf has a LOAD segment with RWX permissions
Finished building target: Assign1.elf
 
arm-none-eabi-size  Assign1.elf 
arm-none-eabi-objdump -h -S Assign1.elf  > "Assign1.list"
   text	   data	    bss	    dec	    hex	filename
  16736	    472	   2072	  19280	   4b50	Assign1.elf
Finished building: default.size.stdout
 
Finished building: Assign1.list
 
23:37:24 **** Incremental Build of configuration Debug for project Assign1 ****
make -j16 all 
arm-none-eabi-gcc "../Src/main.c" -mcpu=cortex-m4 -std=gnu11 -g3 -DSTM32L4 -DSTM32 -DDEBUG -DSTM32L475VGTx -c -O0 -ffunction-sections -fdata-sections -Wall -fstack-usage -fcyclomatic-complexity -MMD -MP -MF"Src/main.d" -MT"Src/main.o" --specs=nano.specs -mfpu=fpv4-sp-d16 -mfloat-abi=soft -mthumb -o "Src/main.o"
../Src/main.c: In function 'main':
../Src/main.c:99:47: warning: excess elements in array initializer
   99 |         int result[F][S] = {{F,S},{0,0},{0,0},{0,0}};
      |                                               ^
../Src/main.c:99:47: note: (near initialization for 'result')
arm-none-eabi-gcc -o "Assign1.elf" @"objects.list"  -lrdimon -mcpu=cortex-m4 -T"C:\Users\dtc20\OneDrive - National University of Singapore\Desktop\Study\PreY2S2 Study\Pre-EE2028\Pre-EE2028\Labs\Lab2\Assign1\Assign1\STM32L475VGTX_FLASH.ld" --specs=nosys.specs -Wl,-Map="Assign1.map" -Wl,--gc-sections -static -specs=rdimon.specs -u _printf_float --specs=nano.specs -mfpu=fpv4-sp-d16 -mfloat-abi=soft -mthumb -u _printf_float -Wl,--start-group -lc -lm -Wl,--end-group
C:/ST/STM32CubeIDE_1.16.1/STM32CubeIDE/plugins/com.st.stm32cube.ide.mcu.externaltools.gnu-tools-for-stm32.12.3.rel1.win32_1.0.200.202406191623/tools/bin/../lib/gcc/arm-none-eabi/12.3.1/../../../../arm-none-eabi/bin/ld.exe: C:/ST/STM32CubeIDE_1.16.1/STM32CubeIDE/plugins/com.st.stm32cube.ide.mcu.externaltools.gnu-tools-for-stm32.12.3.rel1.win32_1.0.200.202406191623/tools/bin/../lib/gcc/arm-none-eabi/12.3.1/../../../../arm-none-eabi/lib/thumb/v7e-m/nofp\libc_nano.a(libc_a-signalr.o): in function `_kill_r':
(.text._kill_r+0xe): warning: _kill is not implemented and will always fail
C:/ST/STM32CubeIDE_1.16.1/STM32CubeIDE/plugins/com.st.stm32cube.ide.mcu.externaltools.gnu-tools-for-stm32.12.3.rel1.win32_1.0.200.202406191623/tools/bin/../lib/gcc/arm-none-eabi/12.3.1/../../../../arm-none-eabi/bin/ld.exe: warning: Assign1.elf has a LOAD segment with RWX permissions
Finished building target: Assign1.elf
 
arm-none-eabi-size  Assign1.elf 
arm-none-eabi-objdump -h -S Assign1.elf  > "Assign1.list"
   text	   data	    bss	    dec	    hex	filename
  16704	    472	   2072	  19248	   4b30	Assign1.elf
Finished building: default.size.stdout
 
Finished building: Assign1.list
 
23:38:14 **** Incremental Build of configuration Debug for project Assign1 ****
make -j16 all 
arm-none-eabi-gcc "../Src/main.c" -mcpu=cortex-m4 -std=gnu11 -g3 -DSTM32L4 -DSTM32 -DDEBUG -DSTM32L475VGTx -c -O0 -ffunction-sections -fdata-sections -Wall -fstack-usage -fcyclomatic-complexity -MMD -MP -MF"Src/main.d" -MT"Src/main.o" --specs=nano.specs -mfpu=fpv4-sp-d16 -mfloat-abi=soft -mthumb -o "Src/main.o"
../Src/main.c: In function 'main':
../Src/main.c:99:47: warning: excess elements in array initializer
   99 |         int result[F][S] = {{F,S},{0,0},{0,0},{0,0}};
      |                                               ^
../Src/main.c:99:47: note: (near initialization for 'result')
arm-none-eabi-gcc -o "Assign1.elf" @"objects.list"  -lrdimon -mcpu=cortex-m4 -T"C:\Users\dtc20\OneDrive - National University of Singapore\Desktop\Study\PreY2S2 Study\Pre-EE2028\Pre-EE2028\Labs\Lab2\Assign1\Assign1\STM32L475VGTX_FLASH.ld" --specs=nosys.specs -Wl,-Map="Assign1.map" -Wl,--gc-sections -static -specs=rdimon.specs -u _printf_float --specs=nano.specs -mfpu=fpv4-sp-d16 -mfloat-abi=soft -mthumb -u _printf_float -Wl,--start-group -lc -lm -Wl,--end-group
C:/ST/STM32CubeIDE_1.16.1/STM32CubeIDE/plugins/com.st.stm32cube.ide.mcu.externaltools.gnu-tools-for-stm32.12.3.rel1.win32_1.0.200.202406191623/tools/bin/../lib/gcc/arm-none-eabi/12.3.1/../../../../arm-none-eabi/bin/ld.exe: C:/ST/STM32CubeIDE_1.16.1/STM32CubeIDE/plugins/com.st.stm32cube.ide.mcu.externaltools.gnu-tools-for-stm32.12.3.rel1.win32_1.0.200.202406191623/tools/bin/../lib/gcc/arm-none-eabi/12.3.1/../../../../arm-none-eabi/lib/thumb/v7e-m/nofp\libc_nano.a(libc_a-signalr.o): in function `_kill_r':
(.text._kill_r+0xe): warning: _kill is not implemented and will always fail
C:/ST/STM32CubeIDE_1.16.1/STM32CubeIDE/plugins/com.st.stm32cube.ide.mcu.externaltools.gnu-tools-for-stm32.12.3.rel1.win32_1.0.200.202406191623/tools/bin/../lib/gcc/arm-none-eabi/12.3.1/../../../../arm-none-eabi/bin/ld.exe: warning: Assign1.elf has a LOAD segment with RWX permissions
Finished building target: Assign1.elf
 
arm-none-eabi-size  Assign1.elf 
arm-none-eabi-objdump -h -S Assign1.elf  > "Assign1.list"
   text	   data	    bss	    dec	    hex	filename
  16712	    472	   2072	  19256	   4b38	Assign1.elf
Finished building: default.size.stdout
 
Finished building: Assign1.list
 
23:38:52 **** Incremental Build of configuration Debug for project Assign1 ****
make -j16 all 
arm-none-eabi-gcc "../Src/main.c" -mcpu=cortex-m4 -std=gnu11 -g3 -DSTM32L4 -DSTM32 -DDEBUG -DSTM32L475VGTx -c -O0 -ffunction-sections -fdata-sections -Wall -fstack-usage -fcyclomatic-complexity -MMD -MP -MF"Src/main.d" -MT"Src/main.o" --specs=nano.specs -mfpu=fpv4-sp-d16 -mfloat-abi=soft -mthumb -o "Src/main.o"
../Src/main.c: In function 'main':
../Src/main.c:99:47: warning: excess elements in array initializer
   99 |         int result[F][S] = {{F,S},{0,0},{0,0},{0,0}};
      |                                               ^
../Src/main.c:99:47: note: (near initialization for 'result')
arm-none-eabi-gcc -o "Assign1.elf" @"objects.list"  -lrdimon -mcpu=cortex-m4 -T"C:\Users\dtc20\OneDrive - National University of Singapore\Desktop\Study\PreY2S2 Study\Pre-EE2028\Pre-EE2028\Labs\Lab2\Assign1\Assign1\STM32L475VGTX_FLASH.ld" --specs=nosys.specs -Wl,-Map="Assign1.map" -Wl,--gc-sections -static -specs=rdimon.specs -u _printf_float --specs=nano.specs -mfpu=fpv4-sp-d16 -mfloat-abi=soft -mthumb -u _printf_float -Wl,--start-group -lc -lm -Wl,--end-group
C:/ST/STM32CubeIDE_1.16.1/STM32CubeIDE/plugins/com.st.stm32cube.ide.mcu.externaltools.gnu-tools-for-stm32.12.3.rel1.win32_1.0.200.202406191623/tools/bin/../lib/gcc/arm-none-eabi/12.3.1/../../../../arm-none-eabi/bin/ld.exe: C:/ST/STM32CubeIDE_1.16.1/STM32CubeIDE/plugins/com.st.stm32cube.ide.mcu.externaltools.gnu-tools-for-stm32.12.3.rel1.win32_1.0.200.202406191623/tools/bin/../lib/gcc/arm-none-eabi/12.3.1/../../../../arm-none-eabi/lib/thumb/v7e-m/nofp\libc_nano.a(libc_a-signalr.o): in function `_kill_r':
(.text._kill_r+0xe): warning: _kill is not implemented and will always fail
C:/ST/STM32CubeIDE_1.16.1/STM32CubeIDE/plugins/com.st.stm32cube.ide.mcu.externaltools.gnu-tools-for-stm32.12.3.rel1.win32_1.0.200.202406191623/tools/bin/../lib/gcc/arm-none-eabi/12.3.1/../../../../arm-none-eabi/bin/ld.exe: warning: Assign1.elf has a LOAD segment with RWX permissions
Finished building target: Assign1.elf
 
arm-none-eabi-size  Assign1.elf 
arm-none-eabi-objdump -h -S Assign1.elf  > "Assign1.list"
   text	   data	    bss	    dec	    hex	filename
  16736	    472	   2072	  19280	   4b50	Assign1.elf
Finished building: default.size.stdout
 
Finished building: Assign1.list
 
00:12:14 **** Incremental Build of configuration Debug for project Assign1 ****
make -j16 all 
arm-none-eabi-gcc -mcpu=cortex-m4 -g3 -c -x assembler-with-cpp -MMD -MP -MF"Src/asm_func.d" -MT"Src/asm_func.o" --specs=nano.specs -mfpu=fpv4-sp-d16 -mfloat-abi=soft -mthumb -o "Src/asm_func.o" "../Src/asm_func.s"
arm-none-eabi-gcc "../Src/main.c" -mcpu=cortex-m4 -std=gnu11 -g3 -DSTM32L4 -DSTM32 -DDEBUG -DSTM32L475VGTx -c -O0 -ffunction-sections -fdata-sections -Wall -fstack-usage -fcyclomatic-complexity -MMD -MP -MF"Src/main.d" -MT"Src/main.o" --specs=nano.specs -mfpu=fpv4-sp-d16 -mfloat-abi=soft -mthumb -o "Src/main.o"
../Src/main.c: In function 'main':
../Src/main.c:99:47: warning: excess elements in array initializer
   99 |         int result[F][S] = {{F,S},{0,0},{0,0},{0,0}};
      |                                               ^
../Src/main.c:99:47: note: (near initialization for 'result')
../Src/main.c:101:24: error: 'building' undeclared (first use in this function)
  101 |         asm_func((int*)building, (int*)entry, (int*)exit, (int*)result);
      |                        ^~~~~~~~
../Src/main.c:101:24: note: each undeclared identifier is reported only once for each function it appears in
../Src/main.c:101:40: error: 'entry' undeclared (first use in this function)
  101 |         asm_func((int*)building, (int*)entry, (int*)exit, (int*)result);
      |                                        ^~~~~
../Src/main.c:101:53: error: 'exit' undeclared (first use in this function)
  101 |         asm_func((int*)building, (int*)entry, (int*)exit, (int*)result);
      |                                                     ^~~~
../Src/main.c:22:1: note: 'exit' is defined in header '<stdlib.h>'; did you forget to '#include <stdlib.h>'?
   21 | #include "stdio.h"
  +++ |+#include <stdlib.h>
   22 | 
make: *** [Src/subdir.mk:31: Src/main.o] Error 1
"make -j16 all" terminated with exit code 2. Build might be incomplete.
00:12:41 **** Incremental Build of configuration Debug for project Assign1 ****
make -j16 all 
arm-none-eabi-gcc "../Src/main.c" -mcpu=cortex-m4 -std=gnu11 -g3 -DSTM32L4 -DSTM32 -DDEBUG -DSTM32L475VGTx -c -O0 -ffunction-sections -fdata-sections -Wall -fstack-usage -fcyclomatic-complexity -MMD -MP -MF"Src/main.d" -MT"Src/main.o" --specs=nano.specs -mfpu=fpv4-sp-d16 -mfloat-abi=soft -mthumb -o "Src/main.o"
../Src/main.c: In function 'main':
../Src/main.c:99:47: warning: excess elements in array initializer
   99 |         int result[F][S] = {{F,S},{0,0},{0,0},{0,0}};
      |                                               ^
../Src/main.c:99:47: note: (near initialization for 'result')
../Src/main.c:101:24: error: 'building' undeclared (first use in this function)
  101 |         asm_func((int*)building, (int*)entry, (int*)exit, (int*)result);
      |                        ^~~~~~~~
../Src/main.c:101:24: note: each undeclared identifier is reported only once for each function it appears in
../Src/main.c:101:40: error: 'entry' undeclared (first use in this function)
  101 |         asm_func((int*)building, (int*)entry, (int*)exit, (int*)result);
      |                                        ^~~~~
../Src/main.c:101:53: error: 'exit' undeclared (first use in this function)
  101 |         asm_func((int*)building, (int*)entry, (int*)exit, (int*)result);
      |                                                     ^~~~
../Src/main.c:22:1: note: 'exit' is defined in header '<stdlib.h>'; did you forget to '#include <stdlib.h>'?
   21 | #include "stdio.h"
  +++ |+#include <stdlib.h>
   22 | 
make: *** [Src/subdir.mk:31: Src/main.o] Error 1
"make -j16 all" terminated with exit code 2. Build might be incomplete.
00:22:19 **** Incremental Build of configuration Debug for project Assign1 ****
make -j16 all 
arm-none-eabi-gcc -mcpu=cortex-m4 -g3 -c -x assembler-with-cpp -MMD -MP -MF"Src/asm_func.d" -MT"Src/asm_func.o" --specs=nano.specs -mfpu=fpv4-sp-d16 -mfloat-abi=soft -mthumb -o "Src/asm_func.o" "../Src/asm_func.s"
arm-none-eabi-gcc "../Src/main.c" -mcpu=cortex-m4 -std=gnu11 -g3 -DSTM32L4 -DSTM32 -DDEBUG -DSTM32L475VGTx -c -O0 -ffunction-sections -fdata-sections -Wall -fstack-usage -fcyclomatic-complexity -MMD -MP -MF"Src/main.d" -MT"Src/main.o" --specs=nano.specs -mfpu=fpv4-sp-d16 -mfloat-abi=soft -mthumb -o "Src/main.o"
../Src/main.c: In function 'main':
../Src/main.c:99:47: warning: excess elements in array initializer
   99 |         int result[F][S] = {{F,S},{0,0},{0,0},{0,0}};
      |                                               ^
../Src/main.c:99:47: note: (near initialization for 'result')
../Src/main.c:101:24: error: 'building' undeclared (first use in this function)
  101 |         asm_func((int*)building, (int*)entry, (int*)exit, (int*)result);
      |                        ^~~~~~~~
../Src/main.c:101:24: note: each undeclared identifier is reported only once for each function it appears in
../Src/main.c:101:40: error: 'entry' undeclared (first use in this function)
  101 |         asm_func((int*)building, (int*)entry, (int*)exit, (int*)result);
      |                                        ^~~~~
../Src/main.c:101:53: error: 'exit' undeclared (first use in this function)
  101 |         asm_func((int*)building, (int*)entry, (int*)exit, (int*)result);
      |                                                     ^~~~
../Src/main.c:22:1: note: 'exit' is defined in header '<stdlib.h>'; did you forget to '#include <stdlib.h>'?
   21 | #include "stdio.h"
  +++ |+#include <stdlib.h>
   22 | 
make: *** [Src/subdir.mk:31: Src/main.o] Error 1
"make -j16 all" terminated with exit code 2. Build might be incomplete.
00:23:00 **** Incremental Build of configuration Debug for project Assign1 ****
make -j16 all 
arm-none-eabi-gcc "../Src/main.c" -mcpu=cortex-m4 -std=gnu11 -g3 -DSTM32L4 -DSTM32 -DDEBUG -DSTM32L475VGTx -c -O0 -ffunction-sections -fdata-sections -Wall -fstack-usage -fcyclomatic-complexity -MMD -MP -MF"Src/main.d" -MT"Src/main.o" --specs=nano.specs -mfpu=fpv4-sp-d16 -mfloat-abi=soft -mthumb -o "Src/main.o"
../Src/main.c: In function 'main':
../Src/main.c:99:47: warning: excess elements in array initializer
   99 |         int result[F][S] = {{F,S},{0,0},{0,0},{0,0}};
      |                                               ^
../Src/main.c:99:47: note: (near initialization for 'result')
arm-none-eabi-gcc -o "Assign1.elf" @"objects.list"  -lrdimon -mcpu=cortex-m4 -T"C:\Users\dtc20\OneDrive - National University of Singapore\Desktop\Study\PreY2S2 Study\Pre-EE2028\Pre-EE2028\Labs\Lab2\Assign1\Assign1\STM32L475VGTX_FLASH.ld" --specs=nosys.specs -Wl,-Map="Assign1.map" -Wl,--gc-sections -static -specs=rdimon.specs -u _printf_float --specs=nano.specs -mfpu=fpv4-sp-d16 -mfloat-abi=soft -mthumb -u _printf_float -Wl,--start-group -lc -lm -Wl,--end-group
C:/ST/STM32CubeIDE_1.16.1/STM32CubeIDE/plugins/com.st.stm32cube.ide.mcu.externaltools.gnu-tools-for-stm32.12.3.rel1.win32_1.0.200.202406191623/tools/bin/../lib/gcc/arm-none-eabi/12.3.1/../../../../arm-none-eabi/bin/ld.exe: C:/ST/STM32CubeIDE_1.16.1/STM32CubeIDE/plugins/com.st.stm32cube.ide.mcu.externaltools.gnu-tools-for-stm32.12.3.rel1.win32_1.0.200.202406191623/tools/bin/../lib/gcc/arm-none-eabi/12.3.1/../../../../arm-none-eabi/lib/thumb/v7e-m/nofp\libc_nano.a(libc_a-signalr.o): in function `_kill_r':
(.text._kill_r+0xe): warning: _kill is not implemented and will always fail
C:/ST/STM32CubeIDE_1.16.1/STM32CubeIDE/plugins/com.st.stm32cube.ide.mcu.externaltools.gnu-tools-for-stm32.12.3.rel1.win32_1.0.200.202406191623/tools/bin/../lib/gcc/arm-none-eabi/12.3.1/../../../../arm-none-eabi/bin/ld.exe: warning: Assign1.elf has a LOAD segment with RWX permissions
Finished building target: Assign1.elf
 
arm-none-eabi-size  Assign1.elf 
arm-none-eabi-objdump -h -S Assign1.elf  > "Assign1.list"
   text	   data	    bss	    dec	    hex	filename
  16736	    472	   2072	  19280	   4b50	Assign1.elf
Finished building: default.size.stdout
 
Finished building: Assign1.list
 
00:32:16 **** Incremental Build of configuration Debug for project Assign1 ****
make -j16 all 
arm-none-eabi-gcc -mcpu=cortex-m4 -g3 -c -x assembler-with-cpp -MMD -MP -MF"Src/asm_func.d" -MT"Src/asm_func.o" --specs=nano.specs -mfpu=fpv4-sp-d16 -mfloat-abi=soft -mthumb -o "Src/asm_func.o" "../Src/asm_func.s"
arm-none-eabi-gcc "../Src/main.c" -mcpu=cortex-m4 -std=gnu11 -g3 -DSTM32L4 -DSTM32 -DDEBUG -DSTM32L475VGTx -c -O0 -ffunction-sections -fdata-sections -Wall -fstack-usage -fcyclomatic-complexity -MMD -MP -MF"Src/main.d" -MT"Src/main.o" --specs=nano.specs -mfpu=fpv4-sp-d16 -mfloat-abi=soft -mthumb -o "Src/main.o"
../Src/main.c: In function 'main':
../Src/main.c:98:47: warning: excess elements in array initializer
   98 |         int result[F][S] = {{F,S},{0,0},{0,0},{0,0}};
      |                                               ^
../Src/main.c:98:47: note: (near initialization for 'result')
arm-none-eabi-gcc -o "Assign1.elf" @"objects.list"  -lrdimon -mcpu=cortex-m4 -T"C:\Users\dtc20\OneDrive - National University of Singapore\Desktop\Study\PreY2S2 Study\Pre-EE2028\Pre-EE2028\Labs\Lab2\Assign1\Assign1\STM32L475VGTX_FLASH.ld" --specs=nosys.specs -Wl,-Map="Assign1.map" -Wl,--gc-sections -static -specs=rdimon.specs -u _printf_float --specs=nano.specs -mfpu=fpv4-sp-d16 -mfloat-abi=soft -mthumb -u _printf_float -Wl,--start-group -lc -lm -Wl,--end-group
C:/ST/STM32CubeIDE_1.16.1/STM32CubeIDE/plugins/com.st.stm32cube.ide.mcu.externaltools.gnu-tools-for-stm32.12.3.rel1.win32_1.0.200.202406191623/tools/bin/../lib/gcc/arm-none-eabi/12.3.1/../../../../arm-none-eabi/bin/ld.exe: C:/ST/STM32CubeIDE_1.16.1/STM32CubeIDE/plugins/com.st.stm32cube.ide.mcu.externaltools.gnu-tools-for-stm32.12.3.rel1.win32_1.0.200.202406191623/tools/bin/../lib/gcc/arm-none-eabi/12.3.1/../../../../arm-none-eabi/lib/thumb/v7e-m/nofp\libc_nano.a(libc_a-signalr.o): in function `_kill_r':
(.text._kill_r+0xe): warning: _kill is not implemented and will always fail
C:/ST/STM32CubeIDE_1.16.1/STM32CubeIDE/plugins/com.st.stm32cube.ide.mcu.externaltools.gnu-tools-for-stm32.12.3.rel1.win32_1.0.200.202406191623/tools/bin/../lib/gcc/arm-none-eabi/12.3.1/../../../../arm-none-eabi/bin/ld.exe: warning: Assign1.elf has a LOAD segment with RWX permissions
Finished building target: Assign1.elf
 
arm-none-eabi-size  Assign1.elf 
arm-none-eabi-objdump -h -S Assign1.elf  > "Assign1.list"
   text	   data	    bss	    dec	    hex	filename
  16696	    476	   2076	  19248	   4b30	Assign1.elf
Finished building: default.size.stdout
 
Finished building: Assign1.list
 
00:40:41 **** Incremental Build of configuration Debug for project Assign1 ****
make -j16 all 
arm-none-eabi-gcc "../Src/main.c" -mcpu=cortex-m4 -std=gnu11 -g3 -DSTM32L4 -DSTM32 -DDEBUG -DSTM32L475VGTx -c -O0 -ffunction-sections -fdata-sections -Wall -fstack-usage -fcyclomatic-complexity -MMD -MP -MF"Src/main.d" -MT"Src/main.o" --specs=nano.specs -mfpu=fpv4-sp-d16 -mfloat-abi=soft -mthumb -o "Src/main.o"
../Src/main.c:52:12: error: unknown type name 'uint32_t'
   52 | void Delay(uint32_t cycles)
      |            ^~~~~~~~
../Src/main.c:22:1: note: 'uint32_t' is defined in header '<stdint.h>'; did you forget to '#include <stdint.h>'?
   21 | #include "stdio.h"
  +++ |+#include <stdint.h>
   22 | 
../Src/main.c: In function 'main':
../Src/main.c:136:47: warning: excess elements in array initializer
  136 |         int result[F][S] = {{F,S},{0,0},{0,0},{0,0}};
      |                                               ^
../Src/main.c:136:47: note: (near initialization for 'result')
make: *** [Src/subdir.mk:31: Src/main.o] Error 1
"make -j16 all" terminated with exit code 2. Build might be incomplete.
00:46:19 **** Incremental Build of configuration Debug for project Assign1 ****
make -j16 all 
arm-none-eabi-gcc "../Src/main.c" -mcpu=cortex-m4 -std=gnu11 -g3 -DSTM32L4 -DSTM32 -DDEBUG -DSTM32L475VGTx -c -O0 -ffunction-sections -fdata-sections -Wall -fstack-usage -fcyclomatic-complexity -MMD -MP -MF"Src/main.d" -MT"Src/main.o" --specs=nano.specs -mfpu=fpv4-sp-d16 -mfloat-abi=soft -mthumb -o "Src/main.o"
../Src/main.c:52:12: error: unknown type name 'uint32_t'
   52 | void Delay(uint32_t cycles)
      |            ^~~~~~~~
../Src/main.c:22:1: note: 'uint32_t' is defined in header '<stdint.h>'; did you forget to '#include <stdint.h>'?
   21 | #include "stdio.h"
  +++ |+#include <stdint.h>
   22 | 
../Src/main.c: In function 'main':
../Src/main.c:136:47: warning: excess elements in array initializer
  136 |         int result[F][S] = {{F,S},{0,0},{0,0},{0,0}};
      |                                               ^
../Src/main.c:136:47: note: (near initialization for 'result')
../Src/main.c:138:9: error: unknown type name 'uint32_t'
  138 |         uint32_t start_cycles = *DWT_CYCCNT;
      |         ^~~~~~~~
../Src/main.c:138:9: note: 'uint32_t' is defined in header '<stdint.h>'; did you forget to '#include <stdint.h>'?
../Src/main.c:140:9: error: unknown type name 'uint32_t'
  140 |         uint32_t end_cycles = *DWT_CYCCNT;
      |         ^~~~~~~~
../Src/main.c:140:9: note: 'uint32_t' is defined in header '<stdint.h>'; did you forget to '#include <stdint.h>'?
../Src/main.c:141:9: error: unknown type name 'uint32_t'
  141 |         uint32_t cycles_taken = end_cycles - start_cycles;
      |         ^~~~~~~~
../Src/main.c:141:9: note: 'uint32_t' is defined in header '<stdint.h>'; did you forget to '#include <stdint.h>'?
make: *** [Src/subdir.mk:31: Src/main.o] Error 1
"make -j16 all" terminated with exit code 2. Build might be incomplete.
00:47:15 **** Incremental Build of configuration Debug for project Assign1 ****
make -j16 all 
arm-none-eabi-gcc "../Src/main.c" -mcpu=cortex-m4 -std=gnu11 -g3 -DSTM32L4 -DSTM32 -DDEBUG -DSTM32L475VGTx -c -O0 -ffunction-sections -fdata-sections -Wall -fstack-usage -fcyclomatic-complexity -MMD -MP -MF"Src/main.d" -MT"Src/main.o" --specs=nano.specs -mfpu=fpv4-sp-d16 -mfloat-abi=soft -mthumb -o "Src/main.o"
../Src/main.c: In function 'main':
../Src/main.c:137:47: warning: excess elements in array initializer
  137 |         int result[F][S] = {{F,S},{0,0},{0,0},{0,0}};
      |                                               ^
../Src/main.c:137:47: note: (near initialization for 'result')
../Src/main.c:143:34: warning: format '%u' expects argument of type 'unsigned int', but argument 2 has type 'uint32_t' {aka 'long unsigned int'} [-Wformat=]
  143 |         printf("Execution time: %u cycles\n", cycles_taken);
      |                                 ~^            ~~~~~~~~~~~~
      |                                  |            |
      |                                  unsigned int uint32_t {aka long unsigned int}
      |                                 %lu
arm-none-eabi-gcc -o "Assign1.elf" @"objects.list"  -lrdimon -mcpu=cortex-m4 -T"C:\Users\dtc20\OneDrive - National University of Singapore\Desktop\Study\PreY2S2 Study\Pre-EE2028\Pre-EE2028\Labs\Lab2\Assign1\Assign1\STM32L475VGTX_FLASH.ld" --specs=nosys.specs -Wl,-Map="Assign1.map" -Wl,--gc-sections -static -specs=rdimon.specs -u _printf_float --specs=nano.specs -mfpu=fpv4-sp-d16 -mfloat-abi=soft -mthumb -u _printf_float -Wl,--start-group -lc -lm -Wl,--end-group
C:/ST/STM32CubeIDE_1.16.1/STM32CubeIDE/plugins/com.st.stm32cube.ide.mcu.externaltools.gnu-tools-for-stm32.12.3.rel1.win32_1.0.200.202406191623/tools/bin/../lib/gcc/arm-none-eabi/12.3.1/../../../../arm-none-eabi/bin/ld.exe: C:/ST/STM32CubeIDE_1.16.1/STM32CubeIDE/plugins/com.st.stm32cube.ide.mcu.externaltools.gnu-tools-for-stm32.12.3.rel1.win32_1.0.200.202406191623/tools/bin/../lib/gcc/arm-none-eabi/12.3.1/../../../../arm-none-eabi/lib/thumb/v7e-m/nofp\libc_nano.a(libc_a-signalr.o): in function `_kill_r':
(.text._kill_r+0xe): warning: _kill is not implemented and will always fail
C:/ST/STM32CubeIDE_1.16.1/STM32CubeIDE/plugins/com.st.stm32cube.ide.mcu.externaltools.gnu-tools-for-stm32.12.3.rel1.win32_1.0.200.202406191623/tools/bin/../lib/gcc/arm-none-eabi/12.3.1/../../../../arm-none-eabi/bin/ld.exe: warning: Assign1.elf has a LOAD segment with RWX permissions
Finished building target: Assign1.elf
 
arm-none-eabi-size  Assign1.elf 
arm-none-eabi-objdump -h -S Assign1.elf  > "Assign1.list"
   text	   data	    bss	    dec	    hex	filename
  16896	    500	   2076	  19472	   4c10	Assign1.elf
Finished building: default.size.stdout
 
Finished building: Assign1.list
 
00:48:56 **** Incremental Build of configuration Debug for project Assign1 ****
make -j16 all 
arm-none-eabi-gcc "../Src/main.c" -mcpu=cortex-m4 -std=gnu11 -g3 -DSTM32L4 -DSTM32 -DDEBUG -DSTM32L475VGTx -c -O0 -ffunction-sections -fdata-sections -Wall -fstack-usage -fcyclomatic-complexity -MMD -MP -MF"Src/main.d" -MT"Src/main.o" --specs=nano.specs -mfpu=fpv4-sp-d16 -mfloat-abi=soft -mthumb -o "Src/main.o"
../Src/main.c: In function 'main':
../Src/main.c:137:47: warning: excess elements in array initializer
  137 |         int result[F][S] = {{F,S},{0,0},{0,0},{0,0}};
      |                                               ^
../Src/main.c:137:47: note: (near initialization for 'result')
../Src/main.c:143:34: warning: format '%u' expects argument of type 'unsigned int', but argument 2 has type 'uint32_t' {aka 'long unsigned int'} [-Wformat=]
  143 |         printf("Execution time: %u cycles\n", cycles_taken);
      |                                 ~^            ~~~~~~~~~~~~
      |                                  |            |
      |                                  unsigned int uint32_t {aka long unsigned int}
      |                                 %lu
arm-none-eabi-gcc -o "Assign1.elf" @"objects.list"  -lrdimon -mcpu=cortex-m4 -T"C:\Users\dtc20\OneDrive - National University of Singapore\Desktop\Study\PreY2S2 Study\Pre-EE2028\Pre-EE2028\Labs\Lab2\Assign1\Assign1\STM32L475VGTX_FLASH.ld" --specs=nosys.specs -Wl,-Map="Assign1.map" -Wl,--gc-sections -static -specs=rdimon.specs -u _printf_float --specs=nano.specs -mfpu=fpv4-sp-d16 -mfloat-abi=soft -mthumb -u _printf_float -Wl,--start-group -lc -lm -Wl,--end-group
C:/ST/STM32CubeIDE_1.16.1/STM32CubeIDE/plugins/com.st.stm32cube.ide.mcu.externaltools.gnu-tools-for-stm32.12.3.rel1.win32_1.0.200.202406191623/tools/bin/../lib/gcc/arm-none-eabi/12.3.1/../../../../arm-none-eabi/bin/ld.exe: C:/ST/STM32CubeIDE_1.16.1/STM32CubeIDE/plugins/com.st.stm32cube.ide.mcu.externaltools.gnu-tools-for-stm32.12.3.rel1.win32_1.0.200.202406191623/tools/bin/../lib/gcc/arm-none-eabi/12.3.1/../../../../arm-none-eabi/lib/thumb/v7e-m/nofp\libc_nano.a(libc_a-signalr.o): in function `_kill_r':
(.text._kill_r+0xe): warning: _kill is not implemented and will always fail
C:/ST/STM32CubeIDE_1.16.1/STM32CubeIDE/plugins/com.st.stm32cube.ide.mcu.externaltools.gnu-tools-for-stm32.12.3.rel1.win32_1.0.200.202406191623/tools/bin/../lib/gcc/arm-none-eabi/12.3.1/../../../../arm-none-eabi/bin/ld.exe: warning: Assign1.elf has a LOAD segment with RWX permissions
Finished building target: Assign1.elf
 
arm-none-eabi-size  Assign1.elf 
arm-none-eabi-objdump -h -S Assign1.elf  > "Assign1.list"
   text	   data	    bss	    dec	    hex	filename
  16936	    500	   2076	  19512	   4c38	Assign1.elf
Finished building: default.size.stdout
 
Finished building: Assign1.list
 
00:49:32 **** Incremental Build of configuration Debug for project Assign1 ****
make -j16 all 
arm-none-eabi-gcc "../Src/main.c" -mcpu=cortex-m4 -std=gnu11 -g3 -DSTM32L4 -DSTM32 -DDEBUG -DSTM32L475VGTx -c -O0 -ffunction-sections -fdata-sections -Wall -fstack-usage -fcyclomatic-complexity -MMD -MP -MF"Src/main.d" -MT"Src/main.o" --specs=nano.specs -mfpu=fpv4-sp-d16 -mfloat-abi=soft -mthumb -o "Src/main.o"
../Src/main.c: In function 'main':
../Src/main.c:137:47: warning: excess elements in array initializer
  137 |         int result[F][S] = {{F,S},{0,0},{0,0},{0,0}};
      |                                               ^
../Src/main.c:137:47: note: (near initialization for 'result')
../Src/main.c:143:34: warning: format '%u' expects argument of type 'unsigned int', but argument 2 has type 'uint32_t' {aka 'long unsigned int'} [-Wformat=]
  143 |         printf("Execution time: %u cycles\n", cycles_taken);
      |                                 ~^            ~~~~~~~~~~~~
      |                                  |            |
      |                                  unsigned int uint32_t {aka long unsigned int}
      |                                 %lu
arm-none-eabi-gcc -o "Assign1.elf" @"objects.list"  -lrdimon -mcpu=cortex-m4 -T"C:\Users\dtc20\OneDrive - National University of Singapore\Desktop\Study\PreY2S2 Study\Pre-EE2028\Pre-EE2028\Labs\Lab2\Assign1\Assign1\STM32L475VGTX_FLASH.ld" --specs=nosys.specs -Wl,-Map="Assign1.map" -Wl,--gc-sections -static -specs=rdimon.specs -u _printf_float --specs=nano.specs -mfpu=fpv4-sp-d16 -mfloat-abi=soft -mthumb -u _printf_float -Wl,--start-group -lc -lm -Wl,--end-group
C:/ST/STM32CubeIDE_1.16.1/STM32CubeIDE/plugins/com.st.stm32cube.ide.mcu.externaltools.gnu-tools-for-stm32.12.3.rel1.win32_1.0.200.202406191623/tools/bin/../lib/gcc/arm-none-eabi/12.3.1/../../../../arm-none-eabi/bin/ld.exe: C:/ST/STM32CubeIDE_1.16.1/STM32CubeIDE/plugins/com.st.stm32cube.ide.mcu.externaltools.gnu-tools-for-stm32.12.3.rel1.win32_1.0.200.202406191623/tools/bin/../lib/gcc/arm-none-eabi/12.3.1/../../../../arm-none-eabi/lib/thumb/v7e-m/nofp\libc_nano.a(libc_a-signalr.o): in function `_kill_r':
(.text._kill_r+0xe): warning: _kill is not implemented and will always fail
C:/ST/STM32CubeIDE_1.16.1/STM32CubeIDE/plugins/com.st.stm32cube.ide.mcu.externaltools.gnu-tools-for-stm32.12.3.rel1.win32_1.0.200.202406191623/tools/bin/../lib/gcc/arm-none-eabi/12.3.1/../../../../arm-none-eabi/bin/ld.exe: warning: Assign1.elf has a LOAD segment with RWX permissions
Finished building target: Assign1.elf
 
arm-none-eabi-size  Assign1.elf 
arm-none-eabi-objdump -h -S Assign1.elf  > "Assign1.list"
   text	   data	    bss	    dec	    hex	filename
  16936	    500	   2076	  19512	   4c38	Assign1.elf
Finished building: default.size.stdout
 
Finished building: Assign1.list
 
00:51:18 **** Incremental Build of configuration Debug for project Assign1 ****
make -j16 all 
arm-none-eabi-gcc "../Src/main.c" -mcpu=cortex-m4 -std=gnu11 -g3 -DSTM32L4 -DSTM32 -DDEBUG -DSTM32L475VGTx -c -O0 -ffunction-sections -fdata-sections -Wall -fstack-usage -fcyclomatic-complexity -MMD -MP -MF"Src/main.d" -MT"Src/main.o" --specs=nano.specs -mfpu=fpv4-sp-d16 -mfloat-abi=soft -mthumb -o "Src/main.o"
../Src/main.c: In function 'main':
../Src/main.c:137:47: warning: excess elements in array initializer
  137 |         int result[F][S] = {{F,S},{0,0},{0,0},{0,0}};
      |                                               ^
../Src/main.c:137:47: note: (near initialization for 'result')
../Src/main.c:143:34: warning: format '%u' expects argument of type 'unsigned int', but argument 2 has type 'uint32_t' {aka 'long unsigned int'} [-Wformat=]
  143 |         printf("Execution time: %u cycles\n", cycles_taken);
      |                                 ~^            ~~~~~~~~~~~~
      |                                  |            |
      |                                  unsigned int uint32_t {aka long unsigned int}
      |                                 %lu
arm-none-eabi-gcc -o "Assign1.elf" @"objects.list"  -lrdimon -mcpu=cortex-m4 -T"C:\Users\dtc20\OneDrive - National University of Singapore\Desktop\Study\PreY2S2 Study\Pre-EE2028\Pre-EE2028\Labs\Lab2\Assign1\Assign1\STM32L475VGTX_FLASH.ld" --specs=nosys.specs -Wl,-Map="Assign1.map" -Wl,--gc-sections -static -specs=rdimon.specs -u _printf_float --specs=nano.specs -mfpu=fpv4-sp-d16 -mfloat-abi=soft -mthumb -u _printf_float -Wl,--start-group -lc -lm -Wl,--end-group
C:/ST/STM32CubeIDE_1.16.1/STM32CubeIDE/plugins/com.st.stm32cube.ide.mcu.externaltools.gnu-tools-for-stm32.12.3.rel1.win32_1.0.200.202406191623/tools/bin/../lib/gcc/arm-none-eabi/12.3.1/../../../../arm-none-eabi/bin/ld.exe: C:/ST/STM32CubeIDE_1.16.1/STM32CubeIDE/plugins/com.st.stm32cube.ide.mcu.externaltools.gnu-tools-for-stm32.12.3.rel1.win32_1.0.200.202406191623/tools/bin/../lib/gcc/arm-none-eabi/12.3.1/../../../../arm-none-eabi/lib/thumb/v7e-m/nofp\libc_nano.a(libc_a-signalr.o): in function `_kill_r':
(.text._kill_r+0xe): warning: _kill is not implemented and will always fail
C:/ST/STM32CubeIDE_1.16.1/STM32CubeIDE/plugins/com.st.stm32cube.ide.mcu.externaltools.gnu-tools-for-stm32.12.3.rel1.win32_1.0.200.202406191623/tools/bin/../lib/gcc/arm-none-eabi/12.3.1/../../../../arm-none-eabi/bin/ld.exe: warning: Assign1.elf has a LOAD segment with RWX permissions
Finished building target: Assign1.elf
 
arm-none-eabi-size  Assign1.elf 
arm-none-eabi-objdump -h -S Assign1.elf  > "Assign1.list"
   text	   data	    bss	    dec	    hex	filename
  16936	    500	   2076	  19512	   4c38	Assign1.elf
Finished building: default.size.stdout
 
Finished building: Assign1.list
 
00:52:48 **** Incremental Build of configuration Debug for project Assign1 ****
make -j16 all 
arm-none-eabi-gcc -mcpu=cortex-m4 -g3 -c -x assembler-with-cpp -MMD -MP -MF"Src/asm_func.d" -MT"Src/asm_func.o" --specs=nano.specs -mfpu=fpv4-sp-d16 -mfloat-abi=soft -mthumb -o "Src/asm_func.o" "../Src/asm_func.s"
arm-none-eabi-gcc "../Src/main.c" -mcpu=cortex-m4 -std=gnu11 -g3 -DSTM32L4 -DSTM32 -DDEBUG -DSTM32L475VGTx -c -O0 -ffunction-sections -fdata-sections -Wall -fstack-usage -fcyclomatic-complexity -MMD -MP -MF"Src/main.d" -MT"Src/main.o" --specs=nano.specs -mfpu=fpv4-sp-d16 -mfloat-abi=soft -mthumb -o "Src/main.o"
../Src/main.c: In function 'main':
../Src/main.c:137:47: warning: excess elements in array initializer
  137 |         int result[F][S] = {{F,S},{0,0},{0,0},{0,0}};
      |                                               ^
../Src/main.c:137:47: note: (near initialization for 'result')
../Src/main.c:143:34: warning: format '%u' expects argument of type 'unsigned int', but argument 2 has type 'uint32_t' {aka 'long unsigned int'} [-Wformat=]
  143 |         printf("Execution time: %u cycles\n", cycles_taken);
      |                                 ~^            ~~~~~~~~~~~~
      |                                  |            |
      |                                  unsigned int uint32_t {aka long unsigned int}
      |                                 %lu
arm-none-eabi-gcc -o "Assign1.elf" @"objects.list"  -lrdimon -mcpu=cortex-m4 -T"C:\Users\dtc20\OneDrive - National University of Singapore\Desktop\Study\PreY2S2 Study\Pre-EE2028\Pre-EE2028\Labs\Lab2\Assign1\Assign1\STM32L475VGTX_FLASH.ld" --specs=nosys.specs -Wl,-Map="Assign1.map" -Wl,--gc-sections -static -specs=rdimon.specs -u _printf_float --specs=nano.specs -mfpu=fpv4-sp-d16 -mfloat-abi=soft -mthumb -u _printf_float -Wl,--start-group -lc -lm -Wl,--end-group
C:/ST/STM32CubeIDE_1.16.1/STM32CubeIDE/plugins/com.st.stm32cube.ide.mcu.externaltools.gnu-tools-for-stm32.12.3.rel1.win32_1.0.200.202406191623/tools/bin/../lib/gcc/arm-none-eabi/12.3.1/../../../../arm-none-eabi/bin/ld.exe: C:/ST/STM32CubeIDE_1.16.1/STM32CubeIDE/plugins/com.st.stm32cube.ide.mcu.externaltools.gnu-tools-for-stm32.12.3.rel1.win32_1.0.200.202406191623/tools/bin/../lib/gcc/arm-none-eabi/12.3.1/../../../../arm-none-eabi/lib/thumb/v7e-m/nofp\libc_nano.a(libc_a-signalr.o): in function `_kill_r':
(.text._kill_r+0xe): warning: _kill is not implemented and will always fail
C:/ST/STM32CubeIDE_1.16.1/STM32CubeIDE/plugins/com.st.stm32cube.ide.mcu.externaltools.gnu-tools-for-stm32.12.3.rel1.win32_1.0.200.202406191623/tools/bin/../lib/gcc/arm-none-eabi/12.3.1/../../../../arm-none-eabi/bin/ld.exe: warning: Assign1.elf has a LOAD segment with RWX permissions
Finished building target: Assign1.elf
 
arm-none-eabi-size  Assign1.elf 
arm-none-eabi-objdump -h -S Assign1.elf  > "Assign1.list"
   text	   data	    bss	    dec	    hex	filename
  16936	    496	   2080	  19512	   4c38	Assign1.elf
Finished building: default.size.stdout
 
Finished building: Assign1.list
 
00:54:34 **** Incremental Build of configuration Debug for project Assign1 ****
make -j16 all 
arm-none-eabi-gcc -mcpu=cortex-m4 -g3 -c -x assembler-with-cpp -MMD -MP -MF"Src/asm_func.d" -MT"Src/asm_func.o" --specs=nano.specs -mfpu=fpv4-sp-d16 -mfloat-abi=soft -mthumb -o "Src/asm_func.o" "../Src/asm_func.s"
arm-none-eabi-gcc "../Src/main.c" -mcpu=cortex-m4 -std=gnu11 -g3 -DSTM32L4 -DSTM32 -DDEBUG -DSTM32L475VGTx -c -O0 -ffunction-sections -fdata-sections -Wall -fstack-usage -fcyclomatic-complexity -MMD -MP -MF"Src/main.d" -MT"Src/main.o" --specs=nano.specs -mfpu=fpv4-sp-d16 -mfloat-abi=soft -mthumb -o "Src/main.o"
../Src/main.c: In function 'main':
../Src/main.c:136:47: warning: excess elements in array initializer
  136 |         int result[F][S] = {{F,S},{0,0},{0,0},{0,0}};
      |                                               ^
../Src/main.c:136:47: note: (near initialization for 'result')
../Src/main.c:142:34: warning: format '%u' expects argument of type 'unsigned int', but argument 2 has type 'uint32_t' {aka 'long unsigned int'} [-Wformat=]
  142 |         printf("Execution time: %u cycles\n", cycles_taken);
      |                                 ~^            ~~~~~~~~~~~~
      |                                  |            |
      |                                  unsigned int uint32_t {aka long unsigned int}
      |                                 %lu
arm-none-eabi-gcc -o "Assign1.elf" @"objects.list"  -lrdimon -mcpu=cortex-m4 -T"C:\Users\dtc20\OneDrive - National University of Singapore\Desktop\Study\PreY2S2 Study\Pre-EE2028\Pre-EE2028\Labs\Lab2\Assign1\Assign1\STM32L475VGTX_FLASH.ld" --specs=nosys.specs -Wl,-Map="Assign1.map" -Wl,--gc-sections -static -specs=rdimon.specs -u _printf_float --specs=nano.specs -mfpu=fpv4-sp-d16 -mfloat-abi=soft -mthumb -u _printf_float -Wl,--start-group -lc -lm -Wl,--end-group
C:/ST/STM32CubeIDE_1.16.1/STM32CubeIDE/plugins/com.st.stm32cube.ide.mcu.externaltools.gnu-tools-for-stm32.12.3.rel1.win32_1.0.200.202406191623/tools/bin/../lib/gcc/arm-none-eabi/12.3.1/../../../../arm-none-eabi/bin/ld.exe: C:/ST/STM32CubeIDE_1.16.1/STM32CubeIDE/plugins/com.st.stm32cube.ide.mcu.externaltools.gnu-tools-for-stm32.12.3.rel1.win32_1.0.200.202406191623/tools/bin/../lib/gcc/arm-none-eabi/12.3.1/../../../../arm-none-eabi/lib/thumb/v7e-m/nofp\libc_nano.a(libc_a-signalr.o): in function `_kill_r':
(.text._kill_r+0xe): warning: _kill is not implemented and will always fail
C:/ST/STM32CubeIDE_1.16.1/STM32CubeIDE/plugins/com.st.stm32cube.ide.mcu.externaltools.gnu-tools-for-stm32.12.3.rel1.win32_1.0.200.202406191623/tools/bin/../lib/gcc/arm-none-eabi/12.3.1/../../../../arm-none-eabi/bin/ld.exe: warning: Assign1.elf has a LOAD segment with RWX permissions
Finished building target: Assign1.elf
 
arm-none-eabi-size  Assign1.elf 
arm-none-eabi-objdump -h -S Assign1.elf  > "Assign1.list"
   text	   data	    bss	    dec	    hex	filename
  16936	    496	   2080	  19512	   4c38	Assign1.elf
Finished building: default.size.stdout
 
Finished building: Assign1.list
 
01:02:49 **** Incremental Build of configuration Debug for project Assign1 ****
make -j16 all 
arm-none-eabi-gcc -mcpu=cortex-m4 -g3 -c -x assembler-with-cpp -MMD -MP -MF"Src/asm_func.d" -MT"Src/asm_func.o" --specs=nano.specs -mfpu=fpv4-sp-d16 -mfloat-abi=soft -mthumb -o "Src/asm_func.o" "../Src/asm_func.s"
arm-none-eabi-gcc "../Src/main.c" -mcpu=cortex-m4 -std=gnu11 -g3 -DSTM32L4 -DSTM32 -DDEBUG -DSTM32L475VGTx -c -O0 -ffunction-sections -fdata-sections -Wall -fstack-usage -fcyclomatic-complexity -MMD -MP -MF"Src/main.d" -MT"Src/main.o" --specs=nano.specs -mfpu=fpv4-sp-d16 -mfloat-abi=soft -mthumb -o "Src/main.o"
../Src/asm_func.s: Assembler messages:
../Src/asm_func.s:1: Error: junk at end of line, first unrecognized character is `*'
../Src/asm_func.s:2: Error: junk at end of line, first unrecognized character is `*'
../Src/asm_func.s:3: Error: junk at end of line, first unrecognized character is `*'
../Src/asm_func.s:4: Error: junk at end of line, first unrecognized character is `*'
../Src/asm_func.s:5: Error: junk at end of line, first unrecognized character is `*'
make: *** [Src/subdir.mk:29: Src/asm_func.o] Error 1
make: *** Waiting for unfinished jobs....
../Src/main.c: In function 'main':
../Src/main.c:136:47: warning: excess elements in array initializer
  136 |         int result[F][S] = {{F,S},{0,0},{0,0},{0,0}};
      |                                               ^
../Src/main.c:136:47: note: (near initialization for 'result')
../Src/main.c:142:34: warning: format '%u' expects argument of type 'unsigned int', but argument 2 has type 'uint32_t' {aka 'long unsigned int'} [-Wformat=]
  142 |         printf("Execution time: %u cycles\n", cycles_taken);
      |                                 ~^            ~~~~~~~~~~~~
      |                                  |            |
      |                                  unsigned int uint32_t {aka long unsigned int}
      |                                 %lu
"make -j16 all" terminated with exit code 2. Build might be incomplete.
01:03:07 **** Incremental Build of configuration Debug for project Assign1 ****
make -j16 all 
arm-none-eabi-gcc -mcpu=cortex-m4 -g3 -c -x assembler-with-cpp -MMD -MP -MF"Src/asm_func.d" -MT"Src/asm_func.o" --specs=nano.specs -mfpu=fpv4-sp-d16 -mfloat-abi=soft -mthumb -o "Src/asm_func.o" "../Src/asm_func.s"
../Src/asm_func.s: Assembler messages:
../Src/asm_func.s:1: Error: junk at end of line, first unrecognized character is `*'
../Src/asm_func.s:2: Error: junk at end of line, first unrecognized character is `*'
../Src/asm_func.s:3: Error: junk at end of line, first unrecognized character is `*'
../Src/asm_func.s:4: Error: junk at end of line, first unrecognized character is `*'
../Src/asm_func.s:5: Error: junk at end of line, first unrecognized character is `*'
make: *** [Src/subdir.mk:29: Src/asm_func.o] Error 1
"make -j16 all" terminated with exit code 2. Build might be incomplete.
01:03:26 **** Incremental Build of configuration Debug for project Assign1 ****
make -j16 all 
arm-none-eabi-gcc -mcpu=cortex-m4 -g3 -c -x assembler-with-cpp -MMD -MP -MF"Src/asm_func.d" -MT"Src/asm_func.o" --specs=nano.specs -mfpu=fpv4-sp-d16 -mfloat-abi=soft -mthumb -o "Src/asm_func.o" "../Src/asm_func.s"
arm-none-eabi-gcc -o "Assign1.elf" @"objects.list"  -lrdimon -mcpu=cortex-m4 -T"C:\Users\dtc20\OneDrive - National University of Singapore\Desktop\Study\PreY2S2 Study\Pre-EE2028\Pre-EE2028\Labs\Lab2\Assign1\Assign1\STM32L475VGTX_FLASH.ld" --specs=nosys.specs -Wl,-Map="Assign1.map" -Wl,--gc-sections -static -specs=rdimon.specs -u _printf_float --specs=nano.specs -mfpu=fpv4-sp-d16 -mfloat-abi=soft -mthumb -u _printf_float -Wl,--start-group -lc -lm -Wl,--end-group
C:/ST/STM32CubeIDE_1.16.1/STM32CubeIDE/plugins/com.st.stm32cube.ide.mcu.externaltools.gnu-tools-for-stm32.12.3.rel1.win32_1.0.200.202406191623/tools/bin/../lib/gcc/arm-none-eabi/12.3.1/../../../../arm-none-eabi/bin/ld.exe: C:/ST/STM32CubeIDE_1.16.1/STM32CubeIDE/plugins/com.st.stm32cube.ide.mcu.externaltools.gnu-tools-for-stm32.12.3.rel1.win32_1.0.200.202406191623/tools/bin/../lib/gcc/arm-none-eabi/12.3.1/../../../../arm-none-eabi/lib/thumb/v7e-m/nofp\libc_nano.a(libc_a-signalr.o): in function `_kill_r':
(.text._kill_r+0xe): warning: _kill is not implemented and will always fail
C:/ST/STM32CubeIDE_1.16.1/STM32CubeIDE/plugins/com.st.stm32cube.ide.mcu.externaltools.gnu-tools-for-stm32.12.3.rel1.win32_1.0.200.202406191623/tools/bin/../lib/gcc/arm-none-eabi/12.3.1/../../../../arm-none-eabi/bin/ld.exe: warning: Assign1.elf has a LOAD segment with RWX permissions
Finished building target: Assign1.elf
 
arm-none-eabi-size  Assign1.elf 
arm-none-eabi-objdump -h -S Assign1.elf  > "Assign1.list"
   text	   data	    bss	    dec	    hex	filename
  16936	    496	   2080	  19512	   4c38	Assign1.elf
Finished building: default.size.stdout
 
Finished building: Assign1.list
 
